2001.04.21 00:31 B I:\Inetpub\wwwroot\xs4all\dds.arc\contact.html <-- dds /www contact.html
2001.04.21 00:31 B I:\Inetpub\wwwroot\xs4all\dds.arc\contact.vcf <-- dds /www contact.vcf
2001.04.21 00:31 B I:\Inetpub\wwwroot\xs4all\dds.arc\cv-idx.html <-- dds /www cv-idx.html
2001.04.21 00:31 B I:\Inetpub\wwwroot\xs4all\dds.arc\cv.doc <-- dds /www cv.doc
2001.04.21 00:31 B I:\Inetpub\wwwroot\xs4all\dds.arc\cv.htm <-- dds /www cv.htm
2001.04.21 00:31 B I:\Inetpub\wwwroot\xs4all\dds.arc\cv.rtf <-- dds /www cv.rtf
2001.04.21 00:31 A I:\Inetpub\wwwroot\xs4all\dds.arc\cv.txt <-- dds /www cv.txt
2001.04.21 00:31 B I:\Inetpub\wwwroot\xs4all\dds.arc\gronn-idx.jpg <-- dds /www gronn-idx.jpg
2001.04.21 00:31 B I:\Inetpub\wwwroot\xs4all\dds.arc\gronn.jpg <-- dds /www gronn.jpg
2001.04.21 00:31 B I:\Inetpub\wwwroot\xs4all\dds.arc\index.gif <-- dds /www index.gif
2001.04.21 00:31 B I:\Inetpub\wwwroot\xs4all\dds.arc\index.html <-- dds /www index.html
2001.04.21 00:31 B I:\Inetpub\wwwroot\xs4all\dds.arc\jsTools.css <-- dds /www jsTools.css
2001.04.21 00:31 B I:\Inetpub\wwwroot\xs4all\dds.arc\jsTools.htm <-- dds /www jsTools.htm
2001.04.21 00:31 B I:\Inetpub\wwwroot\xs4all\dds.arc\miniwebventure.gif <-- dds /www miniwebventure.gif
2001.04.21 00:31 B I:\Inetpub\wwwroot\xs4all\dds.arc\olrik.gif <-- dds /www olrik.gif
2001.04.21 00:31 B I:\Inetpub\wwwroot\xs4all\dds.arc\olrik.html <-- dds /www olrik.html
2001.04.21 00:31 B I:\Inetpub\wwwroot\xs4all\dds.arc\RGB-oplossing.gif <-- dds /www RGB-oplossing.gif
2001.04.21 00:31 B I:\Inetpub\wwwroot\xs4all\dds.arc\RGB-vierhoek.gif <-- dds /www RGB-vierhoek.gif
2001.04.21 00:31 B I:\Inetpub\wwwroot\xs4all\dds.arc\route.html <-- dds /www route.html
2001.04.21 00:31 B I:\Inetpub\wwwroot\xs4all\dds.arc\smiley.gif <-- dds /www smiley.gif
2001.04.21 00:31 B I:\Inetpub\wwwroot\xs4all\dds.arc\template.html <-- dds /www template.html
2001.04.21 00:36 B I:\Inetpub\wwwroot\xs4all\dds.arc\tuintje.jpg <-- dds /www tuintje.jpg
2001.04.21 00:36 A I:\Inetpub\wwwroot\xs4all\dds.arc\cv.txt <-- dds /www cv.txt
2001.04.21 00:36 B I:\Inetpub\wwwroot\xs4all\dds.arc\tuintje2.jpg <-- dds /www tuintje2.jpg
2001.04.21 00:36 B I:\Inetpub\wwwroot\xs4all\dds.arc\vierhoek.html <-- dds /www vierhoek.html
2001.04.21 00:36 B I:\Inetpub\wwwroot\xs4all\dds.arc\webenquete.htm <-- dds /www webenquete.htm
2001.04.21 01:50 B I:\Inetpub\wwwroot\xs4all\dds.arc\contact.html --> ftp.xs4all.nl /home/z/zanstra/WWW/dds.arc contact.html
2001.04.21 01:50 B I:\Inetpub\wwwroot\xs4all\dds.arc\contact.vcf --> ftp.xs4all.nl /home/z/zanstra/WWW/dds.arc contact.vcf
2001.04.21 01:50 B I:\Inetpub\wwwroot\xs4all\dds.arc\cv-idx.html --> ftp.xs4all.nl /home/z/zanstra/WWW/dds.arc cv-idx.html
2001.04.21 01:50 B I:\Inetpub\wwwroot\xs4all\dds.arc\cv.doc --> ftp.xs4all.nl /home/z/zanstra/WWW/dds.arc cv.doc
2001.04.21 01:50 B I:\Inetpub\wwwroot\xs4all\dds.arc\cv.htm --> ftp.xs4all.nl /home/z/zanstra/WWW/dds.arc cv.htm
2001.04.21 01:50 B I:\Inetpub\wwwroot\xs4all\dds.arc\cv.rtf --> ftp.xs4all.nl /home/z/zanstra/WWW/dds.arc cv.rtf
2001.04.21 01:50 B I:\Inetpub\wwwroot\xs4all\dds.arc\cv.txt --> ftp.xs4all.nl /home/z/zanstra/WWW/dds.arc cv.txt
2001.04.21 01:50 B I:\Inetpub\wwwroot\xs4all\dds.arc\gronn-idx.jpg --> ftp.xs4all.nl /home/z/zanstra/WWW/dds.arc gronn-idx.jpg
2001.04.21 01:50 B I:\Inetpub\wwwroot\xs4all\dds.arc\gronn.jpg --> ftp.xs4all.nl /home/z/zanstra/WWW/dds.arc gronn.jpg
2001.04.21 01:50 B I:\Inetpub\wwwroot\xs4all\dds.arc\index.gif --> ftp.xs4all.nl /home/z/zanstra/WWW/dds.arc index.gif
2001.04.21 01:50 B I:\Inetpub\wwwroot\xs4all\dds.arc\index.html --> ftp.xs4all.nl /home/z/zanstra/WWW/dds.arc index.html
2001.04.21 01:50 B I:\Inetpub\wwwroot\xs4all\dds.arc\jsTools.css --> ftp.xs4all.nl /home/z/zanstra/WWW/dds.arc jsTools.css
2001.04.21 01:50 B I:\Inetpub\wwwroot\xs4all\dds.arc\jsTools.htm --> ftp.xs4all.nl /home/z/zanstra/WWW/dds.arc jsTools.htm
2001.04.21 01:50 B I:\Inetpub\wwwroot\xs4all\dds.arc\miniwebventure.gif --> ftp.xs4all.nl /home/z/zanstra/WWW/dds.arc miniwebventure.gif
2001.04.21 01:50 B I:\Inetpub\wwwroot\xs4all\dds.arc\olrik.gif --> ftp.xs4all.nl /home/z/zanstra/WWW/dds.arc olrik.gif
2001.04.21 01:50 B I:\Inetpub\wwwroot\xs4all\dds.arc\olrik.html --> ftp.xs4all.nl /home/z/zanstra/WWW/dds.arc olrik.html
2001.04.21 01:50 B I:\Inetpub\wwwroot\xs4all\dds.arc\RGB-oplossing.gif --> ftp.xs4all.nl /home/z/zanstra/WWW/dds.arc RGB-oplossing.gif
2001.04.21 01:50 B I:\Inetpub\wwwroot\xs4all\dds.arc\RGB-vierhoek.gif --> ftp.xs4all.nl /home/z/zanstra/WWW/dds.arc RGB-vierhoek.gif
2001.04.21 01:50 B I:\Inetpub\wwwroot\xs4all\dds.arc\route.html --> ftp.xs4all.nl /home/z/zanstra/WWW/dds.arc route.html
2001.04.21 01:50 B I:\Inetpub\wwwroot\xs4all\dds.arc\smiley.gif --> ftp.xs4all.nl /home/z/zanstra/WWW/dds.arc smiley.gif
2001.04.21 01:51 B I:\Inetpub\wwwroot\xs4all\dds.arc\template.html --> ftp.xs4all.nl /home/z/zanstra/WWW/dds.arc template.html
2001.04.21 01:51 B I:\Inetpub\wwwroot\xs4all\dds.arc\tuintje.jpg --> ftp.xs4all.nl /home/z/zanstra/WWW/dds.arc tuintje.jpg
2001.04.21 01:51 B I:\Inetpub\wwwroot\xs4all\dds.arc\tuintje2.jpg --> ftp.xs4all.nl /home/z/zanstra/WWW/dds.arc tuintje2.jpg
2001.04.21 01:51 B I:\Inetpub\wwwroot\xs4all\dds.arc\vierhoek.html --> ftp.xs4all.nl /home/z/zanstra/WWW/dds.arc vierhoek.html
2001.04.21 01:51 B I:\Inetpub\wwwroot\xs4all\dds.arc\webenquete.htm --> ftp.xs4all.nl /home/z/zanstra/WWW/dds.arc webenquete.htm
