2001.04.21 00:39 B I:\Inetpub\wwwroot\xs4all\dds.arc\doekman\images\doekman.jpg <-- dds /www/doekman/images doekman.jpg
2001.04.21 00:39 B I:\Inetpub\wwwroot\xs4all\dds.arc\doekman\images\doekman_r1_c1.gif <-- dds /www/doekman/images doekman_r1_c1.gif
2001.04.21 00:39 B I:\Inetpub\wwwroot\xs4all\dds.arc\doekman\images\doekman_r1_c2.gif <-- dds /www/doekman/images doekman_r1_c2.gif
2001.04.21 00:39 B I:\Inetpub\wwwroot\xs4all\dds.arc\doekman\images\doekman_r1_c3.gif <-- dds /www/doekman/images doekman_r1_c3.gif
2001.04.21 00:39 B I:\Inetpub\wwwroot\xs4all\dds.arc\doekman\images\doekman_r2_c1.gif <-- dds /www/doekman/images doekman_r2_c1.gif
2001.04.21 00:39 B I:\Inetpub\wwwroot\xs4all\dds.arc\doekman\images\doekman_r3_c1.gif <-- dds /www/doekman/images doekman_r3_c1.gif
2001.04.21 00:39 B I:\Inetpub\wwwroot\xs4all\dds.arc\doekman\images\doekman_r4_c1.gif <-- dds /www/doekman/images doekman_r4_c1.gif
2001.04.21 00:39 B I:\Inetpub\wwwroot\xs4all\dds.arc\doekman\images\doekman_r5_c1.gif <-- dds /www/doekman/images doekman_r5_c1.gif
2001.04.21 00:39 B I:\Inetpub\wwwroot\xs4all\dds.arc\doekman\images\doekman_r6_c1.gif <-- dds /www/doekman/images doekman_r6_c1.gif
2001.04.21 00:39 B I:\Inetpub\wwwroot\xs4all\dds.arc\doekman\images\mouseover_r2_c1.gif <-- dds /www/doekman/images mouseover_r2_c1.gif
2001.04.21 00:39 B I:\Inetpub\wwwroot\xs4all\dds.arc\doekman\images\mouseover_r3_c1.gif <-- dds /www/doekman/images mouseover_r3_c1.gif
2001.04.21 00:39 B I:\Inetpub\wwwroot\xs4all\dds.arc\doekman\images\mouseover_r4_c1.gif <-- dds /www/doekman/images mouseover_r4_c1.gif
2001.04.21 00:39 B I:\Inetpub\wwwroot\xs4all\dds.arc\doekman\images\mouseover_r5_c1.gif <-- dds /www/doekman/images mouseover_r5_c1.gif
2001.04.21 01:48 B I:\Inetpub\wwwroot\xs4all\dds.arc\doekman\images\doekman.jpg --> ftp.xs4all.nl /home/z/zanstra/WWW/dds.arc/doekman/images doekman.jpg
2001.04.21 01:48 B I:\Inetpub\wwwroot\xs4all\dds.arc\doekman\images\doekman_r1_c1.gif --> ftp.xs4all.nl /home/z/zanstra/WWW/dds.arc/doekman/images doekman_r1_c1.gif
2001.04.21 01:48 B I:\Inetpub\wwwroot\xs4all\dds.arc\doekman\images\doekman_r1_c2.gif --> ftp.xs4all.nl /home/z/zanstra/WWW/dds.arc/doekman/images doekman_r1_c2.gif
2001.04.21 01:48 B I:\Inetpub\wwwroot\xs4all\dds.arc\doekman\images\doekman_r1_c3.gif --> ftp.xs4all.nl /home/z/zanstra/WWW/dds.arc/doekman/images doekman_r1_c3.gif
2001.04.21 01:48 B I:\Inetpub\wwwroot\xs4all\dds.arc\doekman\images\doekman_r2_c1.gif --> ftp.xs4all.nl /home/z/zanstra/WWW/dds.arc/doekman/images doekman_r2_c1.gif
2001.04.21 01:48 B I:\Inetpub\wwwroot\xs4all\dds.arc\doekman\images\doekman_r3_c1.gif --> ftp.xs4all.nl /home/z/zanstra/WWW/dds.arc/doekman/images doekman_r3_c1.gif
2001.04.21 01:48 B I:\Inetpub\wwwroot\xs4all\dds.arc\doekman\images\doekman_r4_c1.gif --> ftp.xs4all.nl /home/z/zanstra/WWW/dds.arc/doekman/images doekman_r4_c1.gif
2001.04.21 01:48 B I:\Inetpub\wwwroot\xs4all\dds.arc\doekman\images\doekman_r5_c1.gif --> ftp.xs4all.nl /home/z/zanstra/WWW/dds.arc/doekman/images doekman_r5_c1.gif
2001.04.21 01:48 B I:\Inetpub\wwwroot\xs4all\dds.arc\doekman\images\doekman_r6_c1.gif --> ftp.xs4all.nl /home/z/zanstra/WWW/dds.arc/doekman/images doekman_r6_c1.gif
2001.04.21 01:48 B I:\Inetpub\wwwroot\xs4all\dds.arc\doekman\images\mouseover_r2_c1.gif --> ftp.xs4all.nl /home/z/zanstra/WWW/dds.arc/doekman/images mouseover_r2_c1.gif
2001.04.21 01:48 B I:\Inetpub\wwwroot\xs4all\dds.arc\doekman\images\mouseover_r3_c1.gif --> ftp.xs4all.nl /home/z/zanstra/WWW/dds.arc/doekman/images mouseover_r3_c1.gif
2001.04.21 01:48 B I:\Inetpub\wwwroot\xs4all\dds.arc\doekman\images\mouseover_r4_c1.gif --> ftp.xs4all.nl /home/z/zanstra/WWW/dds.arc/doekman/images mouseover_r4_c1.gif
2001.04.21 01:48 B I:\Inetpub\wwwroot\xs4all\dds.arc\doekman\images\mouseover_r5_c1.gif --> ftp.xs4all.nl /home/z/zanstra/WWW/dds.arc/doekman/images mouseover_r5_c1.gif
