2001.04.21 00:38 B I:\Inetpub\wwwroot\xs4all\dds.arc\Australia\pictures\cch10.jpg <-- dds /www/Australia/pictures cch10.jpg
2001.04.21 00:39 B I:\Inetpub\wwwroot\xs4all\dds.arc\Australia\pictures\cch11.jpg <-- dds /www/Australia/pictures cch11.jpg
2001.04.21 00:39 B I:\Inetpub\wwwroot\xs4all\dds.arc\Australia\pictures\cch12.jpg <-- dds /www/Australia/pictures cch12.jpg
2001.04.21 00:39 B I:\Inetpub\wwwroot\xs4all\dds.arc\Australia\pictures\cch8.jpg <-- dds /www/Australia/pictures cch8.jpg
2001.04.21 00:39 B I:\Inetpub\wwwroot\xs4all\dds.arc\Australia\pictures\cch9.jpg <-- dds /www/Australia/pictures cch9.jpg
2001.04.21 00:39 B I:\Inetpub\wwwroot\xs4all\dds.arc\Australia\pictures\nt1.jpg <-- dds /www/Australia/pictures nt1.jpg
2001.04.21 00:39 B I:\Inetpub\wwwroot\xs4all\dds.arc\Australia\pictures\nt2.jpg <-- dds /www/Australia/pictures nt2.jpg
2001.04.21 00:39 B I:\Inetpub\wwwroot\xs4all\dds.arc\Australia\pictures\nt3.jpg <-- dds /www/Australia/pictures nt3.jpg
2001.04.21 00:39 B I:\Inetpub\wwwroot\xs4all\dds.arc\Australia\pictures\nt4.jpg <-- dds /www/Australia/pictures nt4.jpg
2001.04.21 00:39 B I:\Inetpub\wwwroot\xs4all\dds.arc\Australia\pictures\nz1.jpg <-- dds /www/Australia/pictures nz1.jpg
2001.04.21 00:39 B I:\Inetpub\wwwroot\xs4all\dds.arc\Australia\pictures\nz2.jpg <-- dds /www/Australia/pictures nz2.jpg
2001.04.21 00:39 B I:\Inetpub\wwwroot\xs4all\dds.arc\Australia\pictures\nz3.jpg <-- dds /www/Australia/pictures nz3.jpg
2001.04.21 00:39 B I:\Inetpub\wwwroot\xs4all\dds.arc\Australia\pictures\nz4.jpg <-- dds /www/Australia/pictures nz4.jpg
2001.04.21 00:39 B I:\Inetpub\wwwroot\xs4all\dds.arc\Australia\pictures\oz.gif <-- dds /www/Australia/pictures oz.gif
2001.04.21 00:39 B I:\Inetpub\wwwroot\xs4all\dds.arc\Australia\pictures\tip-a.jpg <-- dds /www/Australia/pictures tip-a.jpg
2001.04.21 00:39 B I:\Inetpub\wwwroot\xs4all\dds.arc\Australia\pictures\tip-b.jpg <-- dds /www/Australia/pictures tip-b.jpg
2001.04.21 00:39 B I:\Inetpub\wwwroot\xs4all\dds.arc\Australia\pictures\tip-c.jpg <-- dds /www/Australia/pictures tip-c.jpg
2001.04.21 00:39 B I:\Inetpub\wwwroot\xs4all\dds.arc\Australia\pictures\tip-d.jpg <-- dds /www/Australia/pictures tip-d.jpg
2001.04.21 01:46 B I:\Inetpub\wwwroot\xs4all\dds.arc\Australia\pictures\cch10.jpg --> ftp.xs4all.nl /home/z/zanstra/WWW/dds.arc/Australia/pictures cch10.jpg
2001.04.21 01:46 B I:\Inetpub\wwwroot\xs4all\dds.arc\Australia\pictures\cch11.jpg --> ftp.xs4all.nl /home/z/zanstra/WWW/dds.arc/Australia/pictures cch11.jpg
2001.04.21 01:46 B I:\Inetpub\wwwroot\xs4all\dds.arc\Australia\pictures\cch12.jpg --> ftp.xs4all.nl /home/z/zanstra/WWW/dds.arc/Australia/pictures cch12.jpg
2001.04.21 01:46 B I:\Inetpub\wwwroot\xs4all\dds.arc\Australia\pictures\cch8.jpg --> ftp.xs4all.nl /home/z/zanstra/WWW/dds.arc/Australia/pictures cch8.jpg
2001.04.21 01:46 B I:\Inetpub\wwwroot\xs4all\dds.arc\Australia\pictures\cch9.jpg --> ftp.xs4all.nl /home/z/zanstra/WWW/dds.arc/Australia/pictures cch9.jpg
2001.04.21 01:47 B I:\Inetpub\wwwroot\xs4all\dds.arc\Australia\pictures\nt1.jpg --> ftp.xs4all.nl /home/z/zanstra/WWW/dds.arc/Australia/pictures nt1.jpg
2001.04.21 01:47 B I:\Inetpub\wwwroot\xs4all\dds.arc\Australia\pictures\nt2.jpg --> ftp.xs4all.nl /home/z/zanstra/WWW/dds.arc/Australia/pictures nt2.jpg
2001.04.21 01:47 B I:\Inetpub\wwwroot\xs4all\dds.arc\Australia\pictures\nt3.jpg --> ftp.xs4all.nl /home/z/zanstra/WWW/dds.arc/Australia/pictures nt3.jpg
2001.04.21 01:47 B I:\Inetpub\wwwroot\xs4all\dds.arc\Australia\pictures\nt4.jpg --> ftp.xs4all.nl /home/z/zanstra/WWW/dds.arc/Australia/pictures nt4.jpg
2001.04.21 01:47 B I:\Inetpub\wwwroot\xs4all\dds.arc\Australia\pictures\nz1.jpg --> ftp.xs4all.nl /home/z/zanstra/WWW/dds.arc/Australia/pictures nz1.jpg
2001.04.21 01:47 B I:\Inetpub\wwwroot\xs4all\dds.arc\Australia\pictures\nz2.jpg --> ftp.xs4all.nl /home/z/zanstra/WWW/dds.arc/Australia/pictures nz2.jpg
2001.04.21 01:47 B I:\Inetpub\wwwroot\xs4all\dds.arc\Australia\pictures\nz3.jpg --> ftp.xs4all.nl /home/z/zanstra/WWW/dds.arc/Australia/pictures nz3.jpg
2001.04.21 01:47 B I:\Inetpub\wwwroot\xs4all\dds.arc\Australia\pictures\nz4.jpg --> ftp.xs4all.nl /home/z/zanstra/WWW/dds.arc/Australia/pictures nz4.jpg
2001.04.21 01:47 B I:\Inetpub\wwwroot\xs4all\dds.arc\Australia\pictures\oz.gif --> ftp.xs4all.nl /home/z/zanstra/WWW/dds.arc/Australia/pictures oz.gif
2001.04.21 01:47 B I:\Inetpub\wwwroot\xs4all\dds.arc\Australia\pictures\tip-a.jpg --> ftp.xs4all.nl /home/z/zanstra/WWW/dds.arc/Australia/pictures tip-a.jpg
2001.04.21 01:48 B I:\Inetpub\wwwroot\xs4all\dds.arc\Australia\pictures\tip-b.jpg --> ftp.xs4all.nl /home/z/zanstra/WWW/dds.arc/Australia/pictures tip-b.jpg
2001.04.21 01:48 B I:\Inetpub\wwwroot\xs4all\dds.arc\Australia\pictures\tip-c.jpg --> ftp.xs4all.nl /home/z/zanstra/WWW/dds.arc/Australia/pictures tip-c.jpg
2001.04.21 01:48 B I:\Inetpub\wwwroot\xs4all\dds.arc\Australia\pictures\tip-d.jpg --> ftp.xs4all.nl /home/z/zanstra/WWW/dds.arc/Australia/pictures tip-d.jpg
