2005.02.02 18:33 A D:\wwwroot\xs4all\music\scales.js --> ftp.xs4all.nl /home/.5/z/zanstra/WWW/music scales.js
2005.02.02 18:34 A D:\wwwroot\xs4all\music\tst.htm <-- xs4all /home/.5/z/zanstra/WWW/music tst.htm
2005.02.02 18:34 A D:\wwwroot\xs4all\music\piano.css <-- xs4all /home/.5/z/zanstra/WWW/music piano.css
2005.02.02 18:34 A D:\wwwroot\xs4all\music\piano.htm <-- xs4all /home/.5/z/zanstra/WWW/music piano.htm
2005.02.02 18:57 A D:\wwwroot\xs4all\music\_template.htm --> ftp.xs4all.nl /home/.5/z/zanstra/WWW/music _template.htm
2005.02.02 18:57 A D:\wwwroot\xs4all\music\GuitarNeck.js --> ftp.xs4all.nl /home/.5/z/zanstra/WWW/music GuitarNeck.js
2005.02.02 18:57 A D:\wwwroot\xs4all\music\Keyboard.js --> ftp.xs4all.nl /home/.5/z/zanstra/WWW/music Keyboard.js
2005.02.02 18:57 A D:\wwwroot\xs4all\music\keys.js --> ftp.xs4all.nl /home/.5/z/zanstra/WWW/music keys.js
2005.02.02 18:57 A D:\wwwroot\xs4all\music\kwintCirkel.css --> ftp.xs4all.nl /home/.5/z/zanstra/WWW/music kwintCirkel.css
2005.02.02 18:57 A D:\wwwroot\xs4all\music\kwintCirkel.js --> ftp.xs4all.nl /home/.5/z/zanstra/WWW/music kwintCirkel.js
2005.02.02 18:57 A D:\wwwroot\xs4all\music\menu.js --> ftp.xs4all.nl /home/.5/z/zanstra/WWW/music menu.js
2005.02.02 18:57 A D:\wwwroot\xs4all\music\piano.css --> ftp.xs4all.nl /home/.5/z/zanstra/WWW/music piano.css
2005.02.02 18:57 A D:\wwwroot\xs4all\music\piano.htm --> ftp.xs4all.nl /home/.5/z/zanstra/WWW/music piano.htm
2005.02.02 18:57 A D:\wwwroot\xs4all\music\scales.js --> ftp.xs4all.nl /home/.5/z/zanstra/WWW/music scales.js
2005.02.02 18:57 A D:\wwwroot\xs4all\music\toonladderTijd.htm --> ftp.xs4all.nl /home/.5/z/zanstra/WWW/music toonladderTijd.htm
2005.02.02 18:57 A D:\wwwroot\xs4all\music\tst.htm --> ftp.xs4all.nl /home/.5/z/zanstra/WWW/music tst.htm
2005.02.02 18:57 A D:\wwwroot\xs4all\music\uitleg.htm --> ftp.xs4all.nl /home/.5/z/zanstra/WWW/music uitleg.htm
2005.02.02 18:57 A D:\wwwroot\xs4all\music\WS_FTP.LOG --> ftp.xs4all.nl /home/.5/z/zanstra/WWW/music WS_FTP.LOG
2005.02.02 19:02 A D:\wwwroot\xs4all\music\kwintCirkel.js --> ftp.xs4all.nl /home/.5/z/zanstra/WWW/music kwintCirkel.js
2005.02.02 19:02 A D:\wwwroot\xs4all\music\toonladderTijd.htm --> ftp.xs4all.nl /home/.5/z/zanstra/WWW/music toonladderTijd.htm
2005.02.02 19:02 A D:\wwwroot\xs4all\music\WS_FTP.LOG --> ftp.xs4all.nl /home/.5/z/zanstra/WWW/music WS_FTP.LOG
2005.02.03 22:58 A D:\wwwroot\xs4all\music\kwintCirkel.js --> ftp.xs4all.nl /home/.5/z/zanstra/WWW/music kwintCirkel.js
2005.02.03 22:58 A D:\wwwroot\xs4all\music\toonladderTijd.htm --> ftp.xs4all.nl /home/.5/z/zanstra/WWW/music toonladderTijd.htm
