2002.01.29 23:08 A e:\inetpub\wwwroot\xs4all\nrc\bijtjes.htm --> ftp.xs4all.nl /ftp/home/z/zanstra/WWW/nrc bijtjes.htm
2002.01.29 23:08 A e:\inetpub\wwwroot\xs4all\nrc\bijtjes.xml --> ftp.xs4all.nl /ftp/home/z/zanstra/WWW/nrc bijtjes.xml
2002.01.29 23:08 A e:\inetpub\wwwroot\xs4all\nrc\bijtjes.xsl --> ftp.xs4all.nl /ftp/home/z/zanstra/WWW/nrc bijtjes.xsl
2002.01.29 23:08 A e:\inetpub\wwwroot\xs4all\nrc\gen.bat --> ftp.xs4all.nl /ftp/home/z/zanstra/WWW/nrc gen.bat
2002.01.29 23:08 A e:\inetpub\wwwroot\xs4all\nrc\issue.js --> ftp.xs4all.nl /ftp/home/z/zanstra/WWW/nrc issue.js
2002.01.29 23:08 A e:\inetpub\wwwroot\xs4all\nrc\navigate.htm --> ftp.xs4all.nl /ftp/home/z/zanstra/WWW/nrc navigate.htm
2002.01.29 23:08 A e:\inetpub\wwwroot\xs4all\nrc\nrc20020125.htm --> ftp.xs4all.nl /ftp/home/z/zanstra/WWW/nrc nrc20020125.htm
2002.01.29 23:08 A e:\inetpub\wwwroot\xs4all\nrc\nrc20020129.htm --> ftp.xs4all.nl /ftp/home/z/zanstra/WWW/nrc nrc20020129.htm
2002.01.29 23:08 A e:\inetpub\wwwroot\xs4all\nrc\replaceCID.js --> ftp.xs4all.nl /ftp/home/z/zanstra/WWW/nrc replaceCID.js
2002.02.06 21:01 A e:\inetpub\wwwroot\xs4all\nrc\bijtjes.htm --> ftp.xs4all.nl /ftp/home/z/zanstra/WWW/nrc bijtjes.htm
2002.02.06 21:01 A e:\inetpub\wwwroot\xs4all\nrc\bijtjes.xml --> ftp.xs4all.nl /ftp/home/z/zanstra/WWW/nrc bijtjes.xml
2002.02.06 21:01 A e:\inetpub\wwwroot\xs4all\nrc\issue.js --> ftp.xs4all.nl /ftp/home/z/zanstra/WWW/nrc issue.js
2002.02.06 21:01 A e:\inetpub\wwwroot\xs4all\nrc\nrc20020130.htm --> ftp.xs4all.nl /ftp/home/z/zanstra/WWW/nrc nrc20020130.htm
2002.02.06 21:01 A e:\inetpub\wwwroot\xs4all\nrc\nrc20020131.htm --> ftp.xs4all.nl /ftp/home/z/zanstra/WWW/nrc nrc20020131.htm
2002.02.06 21:01 A e:\inetpub\wwwroot\xs4all\nrc\nrc20020201.htm --> ftp.xs4all.nl /ftp/home/z/zanstra/WWW/nrc nrc20020201.htm
2002.02.06 21:01 A e:\inetpub\wwwroot\xs4all\nrc\nrc20020202.htm --> ftp.xs4all.nl /ftp/home/z/zanstra/WWW/nrc nrc20020202.htm
2002.02.06 21:02 A e:\inetpub\wwwroot\xs4all\nrc\nrc20020204.htm --> ftp.xs4all.nl /ftp/home/z/zanstra/WWW/nrc nrc20020204.htm
2002.02.06 21:02 A e:\inetpub\wwwroot\xs4all\nrc\nrc20020205.htm --> ftp.xs4all.nl /ftp/home/z/zanstra/WWW/nrc nrc20020205.htm
2002.02.06 21:02 A e:\inetpub\wwwroot\xs4all\nrc\nrc20020206.htm --> ftp.xs4all.nl /ftp/home/z/zanstra/WWW/nrc nrc20020206.htm
2002.02.06 21:02 B e:\inetpub\wwwroot\xs4all\nrc\WS_FTP.LOG --> ftp.xs4all.nl /ftp/home/z/zanstra/WWW/nrc WS_FTP.LOG
2002.02.14 20:13 A e:\inetpub\wwwroot\xs4all\nrc\bijtjes.htm --> ftp.xs4all.nl /ftp/home/z/zanstra/WWW/nrc bijtjes.htm
2002.02.14 20:13 A e:\inetpub\wwwroot\xs4all\nrc\bijtjes.xml --> ftp.xs4all.nl /ftp/home/z/zanstra/WWW/nrc bijtjes.xml
2002.02.14 20:13 A e:\inetpub\wwwroot\xs4all\nrc\issue.js --> ftp.xs4all.nl /ftp/home/z/zanstra/WWW/nrc issue.js
2002.02.14 20:13 A e:\inetpub\wwwroot\xs4all\nrc\navigate.htm --> ftp.xs4all.nl /ftp/home/z/zanstra/WWW/nrc navigate.htm
2002.02.14 20:13 A e:\inetpub\wwwroot\xs4all\nrc\nrc20020208.htm --> ftp.xs4all.nl /ftp/home/z/zanstra/WWW/nrc nrc20020208.htm
2002.02.14 20:13 A e:\inetpub\wwwroot\xs4all\nrc\nrc20020209.htm --> ftp.xs4all.nl /ftp/home/z/zanstra/WWW/nrc nrc20020209.htm
2002.02.14 20:13 A e:\inetpub\wwwroot\xs4all\nrc\nrc20020211.htm --> ftp.xs4all.nl /ftp/home/z/zanstra/WWW/nrc nrc20020211.htm
2002.02.14 20:14 A e:\inetpub\wwwroot\xs4all\nrc\nrc20020212.htm --> ftp.xs4all.nl /ftp/home/z/zanstra/WWW/nrc nrc20020212.htm
2002.02.14 20:14 A e:\inetpub\wwwroot\xs4all\nrc\nrc20020213.htm --> ftp.xs4all.nl /ftp/home/z/zanstra/WWW/nrc nrc20020213.htm
2002.02.14 20:14 A e:\inetpub\wwwroot\xs4all\nrc\nrc20020214.htm --> ftp.xs4all.nl /ftp/home/z/zanstra/WWW/nrc nrc20020214.htm
2002.02.14 20:14 B e:\inetpub\wwwroot\xs4all\nrc\WS_FTP.LOG --> ftp.xs4all.nl /ftp/home/z/zanstra/WWW/nrc WS_FTP.LOG
2002.02.18 18:00 A e:\inetpub\wwwroot\xs4all\nrc\20020215.htm --> ftp.xs4all.nl /ftp/home/z/zanstra/WWW/nrc 20020215.htm
2002.02.18 18:00 A e:\inetpub\wwwroot\xs4all\nrc\20020216.htm --> ftp.xs4all.nl /ftp/home/z/zanstra/WWW/nrc 20020216.htm
2002.02.18 18:00 A e:\inetpub\wwwroot\xs4all\nrc\20020218.htm --> ftp.xs4all.nl /ftp/home/z/zanstra/WWW/nrc 20020218.htm
2002.02.18 18:00 A e:\inetpub\wwwroot\xs4all\nrc\bijtjes.htm --> ftp.xs4all.nl /ftp/home/z/zanstra/WWW/nrc bijtjes.htm
2002.02.18 18:00 A e:\inetpub\wwwroot\xs4all\nrc\bijtjes.xml --> ftp.xs4all.nl /ftp/home/z/zanstra/WWW/nrc bijtjes.xml
2002.02.18 18:00 A e:\inetpub\wwwroot\xs4all\nrc\issue.js --> ftp.xs4all.nl /ftp/home/z/zanstra/WWW/nrc issue.js
2002.02.18 18:00 B e:\inetpub\wwwroot\xs4all\nrc\WS_FTP.LOG --> ftp.xs4all.nl /ftp/home/z/zanstra/WWW/nrc WS_FTP.LOG
2002.02.18 18:48 A e:\inetpub\wwwroot\xs4all\nrc\bijtjes.htm --> ftp.xs4all.nl /ftp/home/z/zanstra/WWW/nrc bijtjes.htm
2002.02.18 18:48 A e:\inetpub\wwwroot\xs4all\nrc\bijtjes.js --> ftp.xs4all.nl /ftp/home/z/zanstra/WWW/nrc bijtjes.js
2002.02.18 18:48 A e:\inetpub\wwwroot\xs4all\nrc\bijtjes.xml --> ftp.xs4all.nl /ftp/home/z/zanstra/WWW/nrc bijtjes.xml
2002.02.18 18:48 A e:\inetpub\wwwroot\xs4all\nrc\issue.js --> ftp.xs4all.nl /ftp/home/z/zanstra/WWW/nrc issue.js
2002.02.18 18:48 A e:\inetpub\wwwroot\xs4all\nrc\navigate.htm --> ftp.xs4all.nl /ftp/home/z/zanstra/WWW/nrc navigate.htm
2002.02.18 18:48 A e:\inetpub\wwwroot\xs4all\nrc\nrc20020215.htm --> ftp.xs4all.nl /ftp/home/z/zanstra/WWW/nrc nrc20020215.htm
2002.02.18 18:48 A e:\inetpub\wwwroot\xs4all\nrc\nrc20020216.htm --> ftp.xs4all.nl /ftp/home/z/zanstra/WWW/nrc nrc20020216.htm
2002.02.18 18:48 A e:\inetpub\wwwroot\xs4all\nrc\nrc20020218.htm --> ftp.xs4all.nl /ftp/home/z/zanstra/WWW/nrc nrc20020218.htm
2002.02.18 18:48 B e:\inetpub\wwwroot\xs4all\nrc\WS_FTP.LOG --> ftp.xs4all.nl /ftp/home/z/zanstra/WWW/nrc WS_FTP.LOG
2002.02.18 18:51 A e:\inetpub\wwwroot\xs4all\nrc\bijtjes.htm --> ftp.xs4all.nl /ftp/home/z/zanstra/WWW/nrc bijtjes.htm
2002.02.18 18:51 A e:\inetpub\wwwroot\xs4all\nrc\bijtjes.js --> ftp.xs4all.nl /ftp/home/z/zanstra/WWW/nrc bijtjes.js
2002.02.18 18:51 A e:\inetpub\wwwroot\xs4all\nrc\bijtjes.xml --> ftp.xs4all.nl /ftp/home/z/zanstra/WWW/nrc bijtjes.xml
2002.02.18 18:51 A e:\inetpub\wwwroot\xs4all\nrc\issue.js --> ftp.xs4all.nl /ftp/home/z/zanstra/WWW/nrc issue.js
2002.02.18 18:51 B e:\inetpub\wwwroot\xs4all\nrc\WS_FTP.LOG --> ftp.xs4all.nl /ftp/home/z/zanstra/WWW/nrc WS_FTP.LOG
2002.02.21 01:14 A e:\inetpub\wwwroot\xs4all\nrc\bijtjes.htm --> ftp.xs4all.nl /ftp/home/z/zanstra/WWW/nrc bijtjes.htm
2002.02.21 01:14 A e:\inetpub\wwwroot\xs4all\nrc\bijtjes.xml --> ftp.xs4all.nl /ftp/home/z/zanstra/WWW/nrc bijtjes.xml
2002.02.21 01:14 A e:\inetpub\wwwroot\xs4all\nrc\issue.js --> ftp.xs4all.nl /ftp/home/z/zanstra/WWW/nrc issue.js
2002.02.21 01:14 A e:\inetpub\wwwroot\xs4all\nrc\nrc20020219.htm --> ftp.xs4all.nl /ftp/home/z/zanstra/WWW/nrc nrc20020219.htm
2002.02.21 01:14 A e:\inetpub\wwwroot\xs4all\nrc\nrc20020220.htm --> ftp.xs4all.nl /ftp/home/z/zanstra/WWW/nrc nrc20020220.htm
2002.02.21 01:14 B e:\inetpub\wwwroot\xs4all\nrc\WS_FTP.LOG --> ftp.xs4all.nl /ftp/home/z/zanstra/WWW/nrc WS_FTP.LOG
2002.02.23 18:23 A e:\inetpub\wwwroot\xs4all\nrc\bijtjes.htm --> ftp.xs4all.nl /ftp/home/z/zanstra/WWW/nrc bijtjes.htm
2002.02.23 18:23 A e:\inetpub\wwwroot\xs4all\nrc\bijtjes.xml --> ftp.xs4all.nl /ftp/home/z/zanstra/WWW/nrc bijtjes.xml
2002.02.23 18:23 A e:\inetpub\wwwroot\xs4all\nrc\issue.js --> ftp.xs4all.nl /ftp/home/z/zanstra/WWW/nrc issue.js
2002.02.23 18:23 A e:\inetpub\wwwroot\xs4all\nrc\nrc20020219.htm --> ftp.xs4all.nl /ftp/home/z/zanstra/WWW/nrc nrc20020219.htm
2002.02.23 18:23 A e:\inetpub\wwwroot\xs4all\nrc\nrc20020220.htm --> ftp.xs4all.nl /ftp/home/z/zanstra/WWW/nrc nrc20020220.htm
2002.02.23 18:23 A e:\inetpub\wwwroot\xs4all\nrc\nrc20020221.htm --> ftp.xs4all.nl /ftp/home/z/zanstra/WWW/nrc nrc20020221.htm
2002.02.23 18:23 A e:\inetpub\wwwroot\xs4all\nrc\nrc20020222.htm --> ftp.xs4all.nl /ftp/home/z/zanstra/WWW/nrc nrc20020222.htm
2002.02.23 18:23 A e:\inetpub\wwwroot\xs4all\nrc\nrc20020223.htm --> ftp.xs4all.nl /ftp/home/z/zanstra/WWW/nrc nrc20020223.htm
2002.02.23 18:23 B e:\inetpub\wwwroot\xs4all\nrc\WS_FTP.LOG --> ftp.xs4all.nl /ftp/home/z/zanstra/WWW/nrc WS_FTP.LOG
2002.02.25 20:22 A e:\inetpub\wwwroot\xs4all\nrc\bijtjes.htm --> ftp.xs4all.nl /ftp/home/z/zanstra/WWW/nrc bijtjes.htm
2002.02.25 20:22 A e:\inetpub\wwwroot\xs4all\nrc\bijtjes.xml --> ftp.xs4all.nl /ftp/home/z/zanstra/WWW/nrc bijtjes.xml
2002.02.25 20:22 A e:\inetpub\wwwroot\xs4all\nrc\issue.js --> ftp.xs4all.nl /ftp/home/z/zanstra/WWW/nrc issue.js
2002.02.25 20:22 A e:\inetpub\wwwroot\xs4all\nrc\nrc20020221.htm --> ftp.xs4all.nl /ftp/home/z/zanstra/WWW/nrc nrc20020221.htm
2002.02.25 20:22 A e:\inetpub\wwwroot\xs4all\nrc\nrc20020222.htm --> ftp.xs4all.nl /ftp/home/z/zanstra/WWW/nrc nrc20020222.htm
2002.02.25 20:22 A e:\inetpub\wwwroot\xs4all\nrc\nrc20020223.htm --> ftp.xs4all.nl /ftp/home/z/zanstra/WWW/nrc nrc20020223.htm
2002.02.25 20:22 A e:\inetpub\wwwroot\xs4all\nrc\nrc20020225.htm --> ftp.xs4all.nl /ftp/home/z/zanstra/WWW/nrc nrc20020225.htm
2002.02.25 20:22 B e:\inetpub\wwwroot\xs4all\nrc\WS_FTP.LOG --> ftp.xs4all.nl /ftp/home/z/zanstra/WWW/nrc WS_FTP.LOG
2002.03.03 15:05 A e:\inetpub\wwwroot\xs4all\nrc\bijtjes.htm --> ftp.xs4all.nl /ftp/home/z/zanstra/WWW/nrc bijtjes.htm
2002.03.03 15:05 A e:\inetpub\wwwroot\xs4all\nrc\bijtjes.xml --> ftp.xs4all.nl /ftp/home/z/zanstra/WWW/nrc bijtjes.xml
2002.03.03 15:05 A e:\inetpub\wwwroot\xs4all\nrc\issue.js --> ftp.xs4all.nl /ftp/home/z/zanstra/WWW/nrc issue.js
2002.03.03 15:05 A e:\inetpub\wwwroot\xs4all\nrc\nrc20020226.htm --> ftp.xs4all.nl /ftp/home/z/zanstra/WWW/nrc nrc20020226.htm
2002.03.03 15:05 A e:\inetpub\wwwroot\xs4all\nrc\nrc20020227.htm --> ftp.xs4all.nl /ftp/home/z/zanstra/WWW/nrc nrc20020227.htm
2002.03.03 15:05 A e:\inetpub\wwwroot\xs4all\nrc\nrc20020228.htm --> ftp.xs4all.nl /ftp/home/z/zanstra/WWW/nrc nrc20020228.htm
2002.03.03 15:05 A e:\inetpub\wwwroot\xs4all\nrc\nrc20020301.htm --> ftp.xs4all.nl /ftp/home/z/zanstra/WWW/nrc nrc20020301.htm
2002.03.03 15:05 B e:\inetpub\wwwroot\xs4all\nrc\WS_FTP.LOG --> ftp.xs4all.nl /ftp/home/z/zanstra/WWW/nrc WS_FTP.LOG
2002.03.10 15:17 A e:\inetpub\wwwroot\xs4all\nrc\bijtjes.htm --> ftp.xs4all.nl /ftp/home/z/zanstra/WWW/nrc bijtjes.htm
2002.03.10 15:17 A e:\inetpub\wwwroot\xs4all\nrc\bijtjes.xml --> ftp.xs4all.nl /ftp/home/z/zanstra/WWW/nrc bijtjes.xml
2002.03.10 15:17 A e:\inetpub\wwwroot\xs4all\nrc\issue.js --> ftp.xs4all.nl /ftp/home/z/zanstra/WWW/nrc issue.js
2002.03.10 15:17 A e:\inetpub\wwwroot\xs4all\nrc\nrc20020304.htm --> ftp.xs4all.nl /ftp/home/z/zanstra/WWW/nrc nrc20020304.htm
2002.03.10 15:17 A e:\inetpub\wwwroot\xs4all\nrc\nrc20020305.htm --> ftp.xs4all.nl /ftp/home/z/zanstra/WWW/nrc nrc20020305.htm
2002.03.10 15:17 A e:\inetpub\wwwroot\xs4all\nrc\nrc20020306.htm --> ftp.xs4all.nl /ftp/home/z/zanstra/WWW/nrc nrc20020306.htm
2002.03.10 15:17 A e:\inetpub\wwwroot\xs4all\nrc\nrc20020307.htm --> ftp.xs4all.nl /ftp/home/z/zanstra/WWW/nrc nrc20020307.htm
2002.03.10 15:17 A e:\inetpub\wwwroot\xs4all\nrc\nrc20020308.htm --> ftp.xs4all.nl /ftp/home/z/zanstra/WWW/nrc nrc20020308.htm
2002.03.10 15:17 A e:\inetpub\wwwroot\xs4all\nrc\nrc20020309.htm --> ftp.xs4all.nl /ftp/home/z/zanstra/WWW/nrc nrc20020309.htm
2002.03.10 15:17 B e:\inetpub\wwwroot\xs4all\nrc\WS_FTP.LOG --> ftp.xs4all.nl /ftp/home/z/zanstra/WWW/nrc WS_FTP.LOG
2002.03.27 21:11 A e:\inetpub\wwwroot\xs4all\nrc\bijtjes.htm --> ftp.xs4all.nl /ftp/home/z/zanstra/WWW/nrc bijtjes.htm
2002.03.27 21:11 A e:\inetpub\wwwroot\xs4all\nrc\bijtjes.xml --> ftp.xs4all.nl /ftp/home/z/zanstra/WWW/nrc bijtjes.xml
2002.03.27 21:11 A e:\inetpub\wwwroot\xs4all\nrc\issue.js --> ftp.xs4all.nl /ftp/home/z/zanstra/WWW/nrc issue.js
2002.03.27 21:11 A e:\inetpub\wwwroot\xs4all\nrc\nrc20020311.htm --> ftp.xs4all.nl /ftp/home/z/zanstra/WWW/nrc nrc20020311.htm
2002.03.27 21:11 A e:\inetpub\wwwroot\xs4all\nrc\nrc20020312.htm --> ftp.xs4all.nl /ftp/home/z/zanstra/WWW/nrc nrc20020312.htm
2002.03.27 21:11 A e:\inetpub\wwwroot\xs4all\nrc\nrc20020313.htm --> ftp.xs4all.nl /ftp/home/z/zanstra/WWW/nrc nrc20020313.htm
2002.03.27 21:11 A e:\inetpub\wwwroot\xs4all\nrc\nrc20020314.htm --> ftp.xs4all.nl /ftp/home/z/zanstra/WWW/nrc nrc20020314.htm
2002.03.27 21:11 A e:\inetpub\wwwroot\xs4all\nrc\nrc20020315.htm --> ftp.xs4all.nl /ftp/home/z/zanstra/WWW/nrc nrc20020315.htm
2002.03.27 21:11 A e:\inetpub\wwwroot\xs4all\nrc\nrc20020316.htm --> ftp.xs4all.nl /ftp/home/z/zanstra/WWW/nrc nrc20020316.htm
2002.03.27 21:11 A e:\inetpub\wwwroot\xs4all\nrc\nrc20020318.htm --> ftp.xs4all.nl /ftp/home/z/zanstra/WWW/nrc nrc20020318.htm
2002.03.27 21:11 A e:\inetpub\wwwroot\xs4all\nrc\nrc20020319.htm --> ftp.xs4all.nl /ftp/home/z/zanstra/WWW/nrc nrc20020319.htm
2002.03.27 21:11 A e:\inetpub\wwwroot\xs4all\nrc\nrc20020320.htm --> ftp.xs4all.nl /ftp/home/z/zanstra/WWW/nrc nrc20020320.htm
2002.03.27 21:11 A e:\inetpub\wwwroot\xs4all\nrc\nrc20020321.htm --> ftp.xs4all.nl /ftp/home/z/zanstra/WWW/nrc nrc20020321.htm
2002.03.27 21:11 A e:\inetpub\wwwroot\xs4all\nrc\nrc20020322.htm --> ftp.xs4all.nl /ftp/home/z/zanstra/WWW/nrc nrc20020322.htm
2002.03.27 21:11 A e:\inetpub\wwwroot\xs4all\nrc\nrc20020323.htm --> ftp.xs4all.nl /ftp/home/z/zanstra/WWW/nrc nrc20020323.htm
2002.03.27 21:12 A e:\inetpub\wwwroot\xs4all\nrc\nrc20020325.htm --> ftp.xs4all.nl /ftp/home/z/zanstra/WWW/nrc nrc20020325.htm
2002.03.27 21:12 A e:\inetpub\wwwroot\xs4all\nrc\nrc20020326.htm --> ftp.xs4all.nl /ftp/home/z/zanstra/WWW/nrc nrc20020326.htm
2002.03.27 21:12 A e:\inetpub\wwwroot\xs4all\nrc\nrc20020327.htm --> ftp.xs4all.nl /ftp/home/z/zanstra/WWW/nrc nrc20020327.htm
2002.03.27 21:12 B e:\inetpub\wwwroot\xs4all\nrc\WS_FTP.LOG --> ftp.xs4all.nl /ftp/home/z/zanstra/WWW/nrc WS_FTP.LOG
2002.04.03 20:56 B e:\inetpub\wwwroot\xs4all\nrc\2001.bmp --> ftp.xs4all.nl /ftp/home/z/zanstra/WWW/nrc 2001.bmp
2002.04.03 20:56 B e:\inetpub\wwwroot\xs4all\nrc\2001v.bmp --> ftp.xs4all.nl /ftp/home/z/zanstra/WWW/nrc 2001v.bmp
2002.04.03 20:56 B e:\inetpub\wwwroot\xs4all\nrc\2002.bmp --> ftp.xs4all.nl /ftp/home/z/zanstra/WWW/nrc 2002.bmp
2002.04.03 20:56 B e:\inetpub\wwwroot\xs4all\nrc\2002v.bmp --> ftp.xs4all.nl /ftp/home/z/zanstra/WWW/nrc 2002v.bmp
2002.04.03 20:56 B e:\inetpub\wwwroot\xs4all\nrc\bijtjebalk_boven.gif --> ftp.xs4all.nl /ftp/home/z/zanstra/WWW/nrc bijtjebalk_boven.gif
2002.04.03 20:56 B e:\inetpub\wwwroot\xs4all\nrc\bijtjebalk_onder.gif --> ftp.xs4all.nl /ftp/home/z/zanstra/WWW/nrc bijtjebalk_onder.gif
2002.04.03 20:56 A e:\inetpub\wwwroot\xs4all\nrc\bijtjes.htm --> ftp.xs4all.nl /ftp/home/z/zanstra/WWW/nrc bijtjes.htm
2002.04.03 20:56 A e:\inetpub\wwwroot\xs4all\nrc\bijtjes.js --> ftp.xs4all.nl /ftp/home/z/zanstra/WWW/nrc bijtjes.js
2002.04.03 20:56 A e:\inetpub\wwwroot\xs4all\nrc\bijtjes.xml --> ftp.xs4all.nl /ftp/home/z/zanstra/WWW/nrc bijtjes.xml
2002.04.03 20:56 B e:\inetpub\wwwroot\xs4all\nrc\geelbalk.gif --> ftp.xs4all.nl /ftp/home/z/zanstra/WWW/nrc geelbalk.gif
2002.04.03 20:56 A e:\inetpub\wwwroot\xs4all\nrc\gen.bat --> ftp.xs4all.nl /ftp/home/z/zanstra/WWW/nrc gen.bat
2002.04.03 22:03 B e:\inetpub\wwwroot\xs4all\nrc\hide.bmp --> ftp.xs4all.nl /ftp/home/z/zanstra/WWW/nrc hide.bmp
2002.04.03 22:03 B e:\inetpub\wwwroot\xs4all\nrc\hide.png --> ftp.xs4all.nl /ftp/home/z/zanstra/WWW/nrc hide.png
2002.04.03 22:03 A e:\inetpub\wwwroot\xs4all\nrc\issue.js --> ftp.xs4all.nl /ftp/home/z/zanstra/WWW/nrc issue.js
2002.04.03 22:03 B e:\inetpub\wwwroot\xs4all\nrc\morgen.gif --> ftp.xs4all.nl /ftp/home/z/zanstra/WWW/nrc morgen.gif
2002.04.03 22:03 A e:\inetpub\wwwroot\xs4all\nrc\navigate.htm --> ftp.xs4all.nl /ftp/home/z/zanstra/WWW/nrc navigate.htm
2002.04.03 22:03 B e:\inetpub\wwwroot\xs4all\nrc\nieuwsbrief.gif --> ftp.xs4all.nl /ftp/home/z/zanstra/WWW/nrc nieuwsbrief.gif
2002.04.03 22:03 A e:\inetpub\wwwroot\xs4all\nrc\nrc20020115.htm --> ftp.xs4all.nl /ftp/home/z/zanstra/WWW/nrc nrc20020115.htm
2002.04.03 22:03 A e:\inetpub\wwwroot\xs4all\nrc\nrc20020116.htm --> ftp.xs4all.nl /ftp/home/z/zanstra/WWW/nrc nrc20020116.htm
2002.04.03 22:04 A e:\inetpub\wwwroot\xs4all\nrc\nrc20020118.htm --> ftp.xs4all.nl /ftp/home/z/zanstra/WWW/nrc nrc20020118.htm
2002.04.03 22:04 A e:\inetpub\wwwroot\xs4all\nrc\nrc20020121.htm --> ftp.xs4all.nl /ftp/home/z/zanstra/WWW/nrc nrc20020121.htm
2002.04.03 22:04 A e:\inetpub\wwwroot\xs4all\nrc\nrc20020122.htm --> ftp.xs4all.nl /ftp/home/z/zanstra/WWW/nrc nrc20020122.htm
2002.04.03 22:04 A e:\inetpub\wwwroot\xs4all\nrc\nrc20020123.htm --> ftp.xs4all.nl /ftp/home/z/zanstra/WWW/nrc nrc20020123.htm
2002.04.03 22:04 A e:\inetpub\wwwroot\xs4all\nrc\nrc20020124.htm --> ftp.xs4all.nl /ftp/home/z/zanstra/WWW/nrc nrc20020124.htm
2002.04.03 22:04 A e:\inetpub\wwwroot\xs4all\nrc\nrc20020125.htm --> ftp.xs4all.nl /ftp/home/z/zanstra/WWW/nrc nrc20020125.htm
2002.04.03 22:04 A e:\inetpub\wwwroot\xs4all\nrc\nrc20020129.htm --> ftp.xs4all.nl /ftp/home/z/zanstra/WWW/nrc nrc20020129.htm
2002.04.03 22:04 A e:\inetpub\wwwroot\xs4all\nrc\nrc20020130.htm --> ftp.xs4all.nl /ftp/home/z/zanstra/WWW/nrc nrc20020130.htm
2002.04.03 22:04 A e:\inetpub\wwwroot\xs4all\nrc\nrc20020131.htm --> ftp.xs4all.nl /ftp/home/z/zanstra/WWW/nrc nrc20020131.htm
2002.04.03 22:04 A e:\inetpub\wwwroot\xs4all\nrc\nrc20020201.htm --> ftp.xs4all.nl /ftp/home/z/zanstra/WWW/nrc nrc20020201.htm
2002.04.03 22:05 A e:\inetpub\wwwroot\xs4all\nrc\nrc20020202.htm --> ftp.xs4all.nl /ftp/home/z/zanstra/WWW/nrc nrc20020202.htm
2002.04.03 22:05 A e:\inetpub\wwwroot\xs4all\nrc\nrc20020204.htm --> ftp.xs4all.nl /ftp/home/z/zanstra/WWW/nrc nrc20020204.htm
2002.04.03 22:05 A e:\inetpub\wwwroot\xs4all\nrc\nrc20020205.htm --> ftp.xs4all.nl /ftp/home/z/zanstra/WWW/nrc nrc20020205.htm
2002.04.03 22:05 A e:\inetpub\wwwroot\xs4all\nrc\nrc20020206.htm --> ftp.xs4all.nl /ftp/home/z/zanstra/WWW/nrc nrc20020206.htm
2002.04.03 22:05 A e:\inetpub\wwwroot\xs4all\nrc\nrc20020208.htm --> ftp.xs4all.nl /ftp/home/z/zanstra/WWW/nrc nrc20020208.htm
2002.04.03 22:05 A e:\inetpub\wwwroot\xs4all\nrc\nrc20020209.htm --> ftp.xs4all.nl /ftp/home/z/zanstra/WWW/nrc nrc20020209.htm
2002.04.03 22:05 A e:\inetpub\wwwroot\xs4all\nrc\nrc20020211.htm --> ftp.xs4all.nl /ftp/home/z/zanstra/WWW/nrc nrc20020211.htm
2002.04.03 22:05 A e:\inetpub\wwwroot\xs4all\nrc\nrc20020212.htm --> ftp.xs4all.nl /ftp/home/z/zanstra/WWW/nrc nrc20020212.htm
2002.04.03 22:06 A e:\inetpub\wwwroot\xs4all\nrc\nrc20020213.htm --> ftp.xs4all.nl /ftp/home/z/zanstra/WWW/nrc nrc20020213.htm
2002.04.03 22:06 A e:\inetpub\wwwroot\xs4all\nrc\nrc20020214.htm --> ftp.xs4all.nl /ftp/home/z/zanstra/WWW/nrc nrc20020214.htm
2002.04.03 22:06 A e:\inetpub\wwwroot\xs4all\nrc\nrc20020215.htm --> ftp.xs4all.nl /ftp/home/z/zanstra/WWW/nrc nrc20020215.htm
2002.04.03 22:06 A e:\inetpub\wwwroot\xs4all\nrc\nrc20020216.htm --> ftp.xs4all.nl /ftp/home/z/zanstra/WWW/nrc nrc20020216.htm
2002.04.03 22:06 A e:\inetpub\wwwroot\xs4all\nrc\nrc20020218.htm --> ftp.xs4all.nl /ftp/home/z/zanstra/WWW/nrc nrc20020218.htm
2002.04.03 22:06 A e:\inetpub\wwwroot\xs4all\nrc\nrc20020225.htm --> ftp.xs4all.nl /ftp/home/z/zanstra/WWW/nrc nrc20020225.htm
2002.04.03 22:06 A e:\inetpub\wwwroot\xs4all\nrc\nrc20020226.htm --> ftp.xs4all.nl /ftp/home/z/zanstra/WWW/nrc nrc20020226.htm
2002.04.03 22:06 A e:\inetpub\wwwroot\xs4all\nrc\nrc20020227.htm --> ftp.xs4all.nl /ftp/home/z/zanstra/WWW/nrc nrc20020227.htm
2002.04.03 22:06 A e:\inetpub\wwwroot\xs4all\nrc\nrc20020228.htm --> ftp.xs4all.nl /ftp/home/z/zanstra/WWW/nrc nrc20020228.htm
2002.04.03 22:06 A e:\inetpub\wwwroot\xs4all\nrc\nrc20020301.htm --> ftp.xs4all.nl /ftp/home/z/zanstra/WWW/nrc nrc20020301.htm
2002.04.03 22:06 A e:\inetpub\wwwroot\xs4all\nrc\nrc20020304.htm --> ftp.xs4all.nl /ftp/home/z/zanstra/WWW/nrc nrc20020304.htm
2002.04.03 22:06 A e:\inetpub\wwwroot\xs4all\nrc\nrc20020305.htm --> ftp.xs4all.nl /ftp/home/z/zanstra/WWW/nrc nrc20020305.htm
2002.04.03 22:06 A e:\inetpub\wwwroot\xs4all\nrc\nrc20020306.htm --> ftp.xs4all.nl /ftp/home/z/zanstra/WWW/nrc nrc20020306.htm
2002.04.03 22:07 A e:\inetpub\wwwroot\xs4all\nrc\nrc20020307.htm --> ftp.xs4all.nl /ftp/home/z/zanstra/WWW/nrc nrc20020307.htm
2002.04.03 22:07 A e:\inetpub\wwwroot\xs4all\nrc\nrc20020308.htm --> ftp.xs4all.nl /ftp/home/z/zanstra/WWW/nrc nrc20020308.htm
2002.04.03 22:07 A e:\inetpub\wwwroot\xs4all\nrc\nrc20020309.htm --> ftp.xs4all.nl /ftp/home/z/zanstra/WWW/nrc nrc20020309.htm
2002.04.03 22:07 A e:\inetpub\wwwroot\xs4all\nrc\nrc20020311.htm --> ftp.xs4all.nl /ftp/home/z/zanstra/WWW/nrc nrc20020311.htm
2002.04.03 22:07 A e:\inetpub\wwwroot\xs4all\nrc\nrc20020312.htm --> ftp.xs4all.nl /ftp/home/z/zanstra/WWW/nrc nrc20020312.htm
2002.04.03 22:07 A e:\inetpub\wwwroot\xs4all\nrc\nrc20020313.htm --> ftp.xs4all.nl /ftp/home/z/zanstra/WWW/nrc nrc20020313.htm
2002.04.03 22:07 A e:\inetpub\wwwroot\xs4all\nrc\nrc20020314.htm --> ftp.xs4all.nl /ftp/home/z/zanstra/WWW/nrc nrc20020314.htm
2002.04.03 22:08 A e:\inetpub\wwwroot\xs4all\nrc\nrc20020315.htm --> ftp.xs4all.nl /ftp/home/z/zanstra/WWW/nrc nrc20020315.htm
2002.04.03 22:08 A e:\inetpub\wwwroot\xs4all\nrc\nrc20020316.htm --> ftp.xs4all.nl /ftp/home/z/zanstra/WWW/nrc nrc20020316.htm
2002.04.03 22:08 A e:\inetpub\wwwroot\xs4all\nrc\nrc20020318.htm --> ftp.xs4all.nl /ftp/home/z/zanstra/WWW/nrc nrc20020318.htm
2002.04.03 22:08 A e:\inetpub\wwwroot\xs4all\nrc\nrc20020319.htm --> ftp.xs4all.nl /ftp/home/z/zanstra/WWW/nrc nrc20020319.htm
2002.04.03 22:08 A e:\inetpub\wwwroot\xs4all\nrc\nrc20020320.htm --> ftp.xs4all.nl /ftp/home/z/zanstra/WWW/nrc nrc20020320.htm
2002.04.03 22:08 A e:\inetpub\wwwroot\xs4all\nrc\nrc20020321.htm --> ftp.xs4all.nl /ftp/home/z/zanstra/WWW/nrc nrc20020321.htm
2002.04.03 22:08 A e:\inetpub\wwwroot\xs4all\nrc\nrc20020322.htm --> ftp.xs4all.nl /ftp/home/z/zanstra/WWW/nrc nrc20020322.htm
2002.04.03 22:08 A e:\inetpub\wwwroot\xs4all\nrc\nrc20020323.htm --> ftp.xs4all.nl /ftp/home/z/zanstra/WWW/nrc nrc20020323.htm
2002.04.03 22:08 A e:\inetpub\wwwroot\xs4all\nrc\nrc20020325.htm --> ftp.xs4all.nl /ftp/home/z/zanstra/WWW/nrc nrc20020325.htm
2002.04.03 22:08 A e:\inetpub\wwwroot\xs4all\nrc\nrc20020326.htm --> ftp.xs4all.nl /ftp/home/z/zanstra/WWW/nrc nrc20020326.htm
2002.04.03 22:08 A e:\inetpub\wwwroot\xs4all\nrc\nrc20020327.htm --> ftp.xs4all.nl /ftp/home/z/zanstra/WWW/nrc nrc20020327.htm
2002.04.03 22:08 A e:\inetpub\wwwroot\xs4all\nrc\nrc20020328.htm --> ftp.xs4all.nl /ftp/home/z/zanstra/WWW/nrc nrc20020328.htm
2002.04.03 22:08 A e:\inetpub\wwwroot\xs4all\nrc\nrc20020329.htm --> ftp.xs4all.nl /ftp/home/z/zanstra/WWW/nrc nrc20020329.htm
2002.04.03 22:09 A e:\inetpub\wwwroot\xs4all\nrc\nrc20020402.htm --> ftp.xs4all.nl /ftp/home/z/zanstra/WWW/nrc nrc20020402.htm
2002.04.03 22:09 A e:\inetpub\wwwroot\xs4all\nrc\nrc20020403.htm --> ftp.xs4all.nl /ftp/home/z/zanstra/WWW/nrc nrc20020403.htm
2002.04.03 22:09 B e:\inetpub\wwwroot\xs4all\nrc\nrclogo_nieuwsbrief.gif --> ftp.xs4all.nl /ftp/home/z/zanstra/WWW/nrc nrclogo_nieuwsbrief.gif
2002.04.03 22:09 A e:\inetpub\wwwroot\xs4all\nrc\replaceCID.js --> ftp.xs4all.nl /ftp/home/z/zanstra/WWW/nrc replaceCID.js
2002.04.03 22:09 B e:\inetpub\wwwroot\xs4all\nrc\show.bmp --> ftp.xs4all.nl /ftp/home/z/zanstra/WWW/nrc show.bmp
2002.04.03 22:09 B e:\inetpub\wwwroot\xs4all\nrc\show.png --> ftp.xs4all.nl /ftp/home/z/zanstra/WWW/nrc show.png
2002.04.03 22:09 B e:\inetpub\wwwroot\xs4all\nrc\spacer.gif --> ftp.xs4all.nl /ftp/home/z/zanstra/WWW/nrc spacer.gif
2002.04.03 22:09 B e:\inetpub\wwwroot\xs4all\nrc\vanmiddag.gif --> ftp.xs4all.nl /ftp/home/z/zanstra/WWW/nrc vanmiddag.gif
2002.04.03 22:09 B e:\inetpub\wwwroot\xs4all\nrc\WS_FTP.LOG --> ftp.xs4all.nl /ftp/home/z/zanstra/WWW/nrc WS_FTP.LOG
2002.04.11 22:21 A e:\inetpub\wwwroot\xs4all\nrc\bijtjes.htm --> ftp.xs4all.nl /ftp/home/z/zanstra/WWW/nrc bijtjes.htm
2002.04.11 22:21 A e:\inetpub\wwwroot\xs4all\nrc\bijtjes.xml --> ftp.xs4all.nl /ftp/home/z/zanstra/WWW/nrc bijtjes.xml
2002.04.11 22:21 A e:\inetpub\wwwroot\xs4all\nrc\issue.js --> ftp.xs4all.nl /ftp/home/z/zanstra/WWW/nrc issue.js
2002.04.11 22:21 A e:\inetpub\wwwroot\xs4all\nrc\nrc20020404.htm --> ftp.xs4all.nl /ftp/home/z/zanstra/WWW/nrc nrc20020404.htm
2002.04.11 22:21 A e:\inetpub\wwwroot\xs4all\nrc\nrc20020405.htm --> ftp.xs4all.nl /ftp/home/z/zanstra/WWW/nrc nrc20020405.htm
2002.04.11 22:22 A e:\inetpub\wwwroot\xs4all\nrc\nrc20020406.htm --> ftp.xs4all.nl /ftp/home/z/zanstra/WWW/nrc nrc20020406.htm
2002.04.11 22:22 A e:\inetpub\wwwroot\xs4all\nrc\nrc20020408.htm --> ftp.xs4all.nl /ftp/home/z/zanstra/WWW/nrc nrc20020408.htm
2002.04.11 22:22 A e:\inetpub\wwwroot\xs4all\nrc\nrc20020409.htm --> ftp.xs4all.nl /ftp/home/z/zanstra/WWW/nrc nrc20020409.htm
2002.04.11 22:22 A e:\inetpub\wwwroot\xs4all\nrc\nrc20020411.htm --> ftp.xs4all.nl /ftp/home/z/zanstra/WWW/nrc nrc20020411.htm
2002.04.11 22:22 B e:\inetpub\wwwroot\xs4all\nrc\WS_FTP.LOG --> ftp.xs4all.nl /ftp/home/z/zanstra/WWW/nrc WS_FTP.LOG
2002.04.11 22:48 B e:\inetpub\wwwroot\xs4all\nrc\grijslijn.gif --> ftp.xs4all.nl /ftp/home/z/zanstra/WWW/nrc grijslijn.gif
2002.05.24 22:12 A e:\inetpub\wwwroot\xs4all\nrc\bijtjes.htm --> ftp.xs4all.nl /home/.4/z/zanstra/WWW/nrc bijtjes.htm
2002.05.24 22:12 A e:\inetpub\wwwroot\xs4all\nrc\bijtjes.xml --> ftp.xs4all.nl /home/.4/z/zanstra/WWW/nrc bijtjes.xml
2002.05.24 22:12 A e:\inetpub\wwwroot\xs4all\nrc\issue.js --> ftp.xs4all.nl /home/.4/z/zanstra/WWW/nrc issue.js
2002.05.24 22:12 A e:\inetpub\wwwroot\xs4all\nrc\nrc20020404.htm --> ftp.xs4all.nl /home/.4/z/zanstra/WWW/nrc nrc20020404.htm
2002.05.24 22:12 A e:\inetpub\wwwroot\xs4all\nrc\nrc20020405.htm --> ftp.xs4all.nl /home/.4/z/zanstra/WWW/nrc nrc20020405.htm
2002.05.24 22:12 A e:\inetpub\wwwroot\xs4all\nrc\nrc20020406.htm --> ftp.xs4all.nl /home/.4/z/zanstra/WWW/nrc nrc20020406.htm
2002.05.24 22:12 A e:\inetpub\wwwroot\xs4all\nrc\nrc20020408.htm --> ftp.xs4all.nl /home/.4/z/zanstra/WWW/nrc nrc20020408.htm
2002.05.24 22:12 A e:\inetpub\wwwroot\xs4all\nrc\nrc20020409.htm --> ftp.xs4all.nl /home/.4/z/zanstra/WWW/nrc nrc20020409.htm
2002.05.24 22:12 A e:\inetpub\wwwroot\xs4all\nrc\nrc20020411.htm --> ftp.xs4all.nl /home/.4/z/zanstra/WWW/nrc nrc20020411.htm
2002.05.24 22:12 A e:\inetpub\wwwroot\xs4all\nrc\nrc20020412.htm --> ftp.xs4all.nl /home/.4/z/zanstra/WWW/nrc nrc20020412.htm
2002.05.24 22:12 A e:\inetpub\wwwroot\xs4all\nrc\nrc20020413.htm --> ftp.xs4all.nl /home/.4/z/zanstra/WWW/nrc nrc20020413.htm
2002.05.24 22:12 A e:\inetpub\wwwroot\xs4all\nrc\nrc20020415.htm --> ftp.xs4all.nl /home/.4/z/zanstra/WWW/nrc nrc20020415.htm
2002.05.24 22:13 A e:\inetpub\wwwroot\xs4all\nrc\nrc20020416.htm --> ftp.xs4all.nl /home/.4/z/zanstra/WWW/nrc nrc20020416.htm
2002.05.24 22:13 A e:\inetpub\wwwroot\xs4all\nrc\nrc20020417.htm --> ftp.xs4all.nl /home/.4/z/zanstra/WWW/nrc nrc20020417.htm
2002.05.24 22:13 A e:\inetpub\wwwroot\xs4all\nrc\nrc20020418.htm --> ftp.xs4all.nl /home/.4/z/zanstra/WWW/nrc nrc20020418.htm
2002.05.24 22:13 A e:\inetpub\wwwroot\xs4all\nrc\nrc20020419.htm --> ftp.xs4all.nl /home/.4/z/zanstra/WWW/nrc nrc20020419.htm
2002.05.24 22:13 A e:\inetpub\wwwroot\xs4all\nrc\nrc20020420.htm --> ftp.xs4all.nl /home/.4/z/zanstra/WWW/nrc nrc20020420.htm
2002.05.24 22:13 A e:\inetpub\wwwroot\xs4all\nrc\nrc20020422.htm --> ftp.xs4all.nl /home/.4/z/zanstra/WWW/nrc nrc20020422.htm
2002.05.24 22:13 A e:\inetpub\wwwroot\xs4all\nrc\nrc20020423.htm --> ftp.xs4all.nl /home/.4/z/zanstra/WWW/nrc nrc20020423.htm
2002.05.24 22:13 A e:\inetpub\wwwroot\xs4all\nrc\nrc20020424.htm --> ftp.xs4all.nl /home/.4/z/zanstra/WWW/nrc nrc20020424.htm
2002.05.24 22:13 A e:\inetpub\wwwroot\xs4all\nrc\nrc20020425.htm --> ftp.xs4all.nl /home/.4/z/zanstra/WWW/nrc nrc20020425.htm
2002.05.24 22:13 A e:\inetpub\wwwroot\xs4all\nrc\nrc20020426.htm --> ftp.xs4all.nl /home/.4/z/zanstra/WWW/nrc nrc20020426.htm
2002.05.24 22:13 A e:\inetpub\wwwroot\xs4all\nrc\nrc20020427.htm --> ftp.xs4all.nl /home/.4/z/zanstra/WWW/nrc nrc20020427.htm
2002.05.24 22:13 A e:\inetpub\wwwroot\xs4all\nrc\nrc20020429.htm --> ftp.xs4all.nl /home/.4/z/zanstra/WWW/nrc nrc20020429.htm
2002.05.24 22:13 A e:\inetpub\wwwroot\xs4all\nrc\nrc20020430.htm --> ftp.xs4all.nl /home/.4/z/zanstra/WWW/nrc nrc20020430.htm
2002.05.24 22:13 A e:\inetpub\wwwroot\xs4all\nrc\nrc20020501.htm --> ftp.xs4all.nl /home/.4/z/zanstra/WWW/nrc nrc20020501.htm
2002.05.24 22:13 A e:\inetpub\wwwroot\xs4all\nrc\nrc20020502.htm --> ftp.xs4all.nl /home/.4/z/zanstra/WWW/nrc nrc20020502.htm
2002.05.24 22:13 A e:\inetpub\wwwroot\xs4all\nrc\nrc20020503.htm --> ftp.xs4all.nl /home/.4/z/zanstra/WWW/nrc nrc20020503.htm
2002.05.24 22:13 A e:\inetpub\wwwroot\xs4all\nrc\nrc20020504.htm --> ftp.xs4all.nl /home/.4/z/zanstra/WWW/nrc nrc20020504.htm
2002.05.24 22:13 A e:\inetpub\wwwroot\xs4all\nrc\nrc20020506.htm --> ftp.xs4all.nl /home/.4/z/zanstra/WWW/nrc nrc20020506.htm
2002.05.24 22:13 A e:\inetpub\wwwroot\xs4all\nrc\nrc20020507.htm --> ftp.xs4all.nl /home/.4/z/zanstra/WWW/nrc nrc20020507.htm
2002.05.24 22:13 A e:\inetpub\wwwroot\xs4all\nrc\nrc20020508.htm --> ftp.xs4all.nl /home/.4/z/zanstra/WWW/nrc nrc20020508.htm
2002.05.24 22:13 A e:\inetpub\wwwroot\xs4all\nrc\nrc20020509.htm --> ftp.xs4all.nl /home/.4/z/zanstra/WWW/nrc nrc20020509.htm
2002.05.24 22:13 A e:\inetpub\wwwroot\xs4all\nrc\nrc20020510.htm --> ftp.xs4all.nl /home/.4/z/zanstra/WWW/nrc nrc20020510.htm
2002.05.24 22:13 A e:\inetpub\wwwroot\xs4all\nrc\nrc20020511.htm --> ftp.xs4all.nl /home/.4/z/zanstra/WWW/nrc nrc20020511.htm
2002.05.24 22:13 A e:\inetpub\wwwroot\xs4all\nrc\nrc20020512.htm --> ftp.xs4all.nl /home/.4/z/zanstra/WWW/nrc nrc20020512.htm
2002.05.24 22:13 A e:\inetpub\wwwroot\xs4all\nrc\nrc20020513.htm --> ftp.xs4all.nl /home/.4/z/zanstra/WWW/nrc nrc20020513.htm
2002.05.24 22:13 A e:\inetpub\wwwroot\xs4all\nrc\nrc20020514.htm --> ftp.xs4all.nl /home/.4/z/zanstra/WWW/nrc nrc20020514.htm
2002.05.24 22:13 A e:\inetpub\wwwroot\xs4all\nrc\nrc20020515.htm --> ftp.xs4all.nl /home/.4/z/zanstra/WWW/nrc nrc20020515.htm
2002.05.24 22:13 A e:\inetpub\wwwroot\xs4all\nrc\nrc20020516.htm --> ftp.xs4all.nl /home/.4/z/zanstra/WWW/nrc nrc20020516.htm
2002.05.24 22:13 A e:\inetpub\wwwroot\xs4all\nrc\nrc20020517.htm --> ftp.xs4all.nl /home/.4/z/zanstra/WWW/nrc nrc20020517.htm
2002.05.24 22:13 A e:\inetpub\wwwroot\xs4all\nrc\nrc20020518.htm --> ftp.xs4all.nl /home/.4/z/zanstra/WWW/nrc nrc20020518.htm
2002.05.24 22:13 A e:\inetpub\wwwroot\xs4all\nrc\nrc20020521.htm --> ftp.xs4all.nl /home/.4/z/zanstra/WWW/nrc nrc20020521.htm
2002.05.24 22:13 A e:\inetpub\wwwroot\xs4all\nrc\nrc20020522.htm --> ftp.xs4all.nl /home/.4/z/zanstra/WWW/nrc nrc20020522.htm
2002.05.24 22:14 A e:\inetpub\wwwroot\xs4all\nrc\nrc20020523.htm --> ftp.xs4all.nl /home/.4/z/zanstra/WWW/nrc nrc20020523.htm
2002.05.24 22:14 A e:\inetpub\wwwroot\xs4all\nrc\nrc20020524.htm --> ftp.xs4all.nl /home/.4/z/zanstra/WWW/nrc nrc20020524.htm
2002.05.24 22:14 B e:\inetpub\wwwroot\xs4all\nrc\WS_FTP.LOG --> ftp.xs4all.nl /home/.4/z/zanstra/WWW/nrc WS_FTP.LOG
2002.06.05 20:41 A e:\inetpub\wwwroot\xs4all\nrc\bijtjes.htm --> ftp.xs4all.nl /home/.4/z/zanstra/WWW/nrc bijtjes.htm
2002.06.05 20:41 A e:\inetpub\wwwroot\xs4all\nrc\bijtjes.xml --> ftp.xs4all.nl /home/.4/z/zanstra/WWW/nrc bijtjes.xml
2002.06.05 20:41 A e:\inetpub\wwwroot\xs4all\nrc\issue.js --> ftp.xs4all.nl /home/.4/z/zanstra/WWW/nrc issue.js
2002.06.05 20:41 A e:\inetpub\wwwroot\xs4all\nrc\nrc20020525.htm --> ftp.xs4all.nl /home/.4/z/zanstra/WWW/nrc nrc20020525.htm
2002.06.05 20:41 A e:\inetpub\wwwroot\xs4all\nrc\nrc20020527.htm --> ftp.xs4all.nl /home/.4/z/zanstra/WWW/nrc nrc20020527.htm
2002.06.05 20:41 A e:\inetpub\wwwroot\xs4all\nrc\nrc20020528.htm --> ftp.xs4all.nl /home/.4/z/zanstra/WWW/nrc nrc20020528.htm
2002.06.05 20:41 A e:\inetpub\wwwroot\xs4all\nrc\nrc20020529.htm --> ftp.xs4all.nl /home/.4/z/zanstra/WWW/nrc nrc20020529.htm
2002.06.05 20:41 A e:\inetpub\wwwroot\xs4all\nrc\nrc20020530.htm --> ftp.xs4all.nl /home/.4/z/zanstra/WWW/nrc nrc20020530.htm
2002.06.05 20:41 A e:\inetpub\wwwroot\xs4all\nrc\nrc20020531.htm --> ftp.xs4all.nl /home/.4/z/zanstra/WWW/nrc nrc20020531.htm
2002.06.05 20:41 A e:\inetpub\wwwroot\xs4all\nrc\nrc20020601.htm --> ftp.xs4all.nl /home/.4/z/zanstra/WWW/nrc nrc20020601.htm
2002.06.05 20:41 A e:\inetpub\wwwroot\xs4all\nrc\nrc20020603.htm --> ftp.xs4all.nl /home/.4/z/zanstra/WWW/nrc nrc20020603.htm
2002.06.05 20:41 A e:\inetpub\wwwroot\xs4all\nrc\nrc20020605.htm --> ftp.xs4all.nl /home/.4/z/zanstra/WWW/nrc nrc20020605.htm
2002.06.05 20:41 B e:\inetpub\wwwroot\xs4all\nrc\WS_FTP.LOG --> ftp.xs4all.nl /home/.4/z/zanstra/WWW/nrc WS_FTP.LOG
2002.06.10 22:54 A e:\inetpub\wwwroot\xs4all\nrc\bijtjes.htm --> ftp.xs4all.nl /home/.4/z/zanstra/WWW/nrc bijtjes.htm
2002.06.10 22:54 A e:\inetpub\wwwroot\xs4all\nrc\bijtjes.xml --> ftp.xs4all.nl /home/.4/z/zanstra/WWW/nrc bijtjes.xml
2002.06.10 22:54 A e:\inetpub\wwwroot\xs4all\nrc\issue.js --> ftp.xs4all.nl /home/.4/z/zanstra/WWW/nrc issue.js
2002.06.10 22:54 A e:\inetpub\wwwroot\xs4all\nrc\nrc20020604.htm --> ftp.xs4all.nl /home/.4/z/zanstra/WWW/nrc nrc20020604.htm
2002.06.10 22:54 A e:\inetpub\wwwroot\xs4all\nrc\nrc20020606.htm --> ftp.xs4all.nl /home/.4/z/zanstra/WWW/nrc nrc20020606.htm
2002.06.10 22:54 A e:\inetpub\wwwroot\xs4all\nrc\nrc20020607.htm --> ftp.xs4all.nl /home/.4/z/zanstra/WWW/nrc nrc20020607.htm
2002.06.10 22:54 A e:\inetpub\wwwroot\xs4all\nrc\nrc20020608.htm --> ftp.xs4all.nl /home/.4/z/zanstra/WWW/nrc nrc20020608.htm
2002.06.10 22:54 A e:\inetpub\wwwroot\xs4all\nrc\nrc20020610.htm --> ftp.xs4all.nl /home/.4/z/zanstra/WWW/nrc nrc20020610.htm
2002.06.10 22:54 B e:\inetpub\wwwroot\xs4all\nrc\WS_FTP.LOG --> ftp.xs4all.nl /home/.4/z/zanstra/WWW/nrc WS_FTP.LOG
2002.06.17 22:17 A e:\inetpub\wwwroot\xs4all\nrc\bijtjes.htm --> ftp.xs4all.nl /home/.4/z/zanstra/WWW/nrc bijtjes.htm
2002.06.17 22:17 A e:\inetpub\wwwroot\xs4all\nrc\bijtjes.xml --> ftp.xs4all.nl /home/.4/z/zanstra/WWW/nrc bijtjes.xml
2002.06.17 22:17 A e:\inetpub\wwwroot\xs4all\nrc\issue.js --> ftp.xs4all.nl /home/.4/z/zanstra/WWW/nrc issue.js
2002.06.17 22:17 B e:\inetpub\wwwroot\xs4all\nrc\WS_FTP.LOG --> ftp.xs4all.nl /home/.4/z/zanstra/WWW/nrc WS_FTP.LOG
2002.06.28 20:49 A e:\inetpub\wwwroot\xs4all\nrc\bijtjes.htm --> ftp.xs4all.nl /home/.4/z/zanstra/WWW/nrc bijtjes.htm
2002.06.28 20:49 A e:\inetpub\wwwroot\xs4all\nrc\bijtjes.xml --> ftp.xs4all.nl /home/.4/z/zanstra/WWW/nrc bijtjes.xml
2002.06.28 20:49 A e:\inetpub\wwwroot\xs4all\nrc\gen.bat --> ftp.xs4all.nl /home/.4/z/zanstra/WWW/nrc gen.bat
2002.06.28 20:49 A e:\inetpub\wwwroot\xs4all\nrc\issue.js --> ftp.xs4all.nl /home/.4/z/zanstra/WWW/nrc issue.js
2002.06.28 20:49 A e:\inetpub\wwwroot\xs4all\nrc\nrc20020606.htm --> ftp.xs4all.nl /home/.4/z/zanstra/WWW/nrc nrc20020606.htm
2002.06.28 20:49 A e:\inetpub\wwwroot\xs4all\nrc\nrc20020607.htm --> ftp.xs4all.nl /home/.4/z/zanstra/WWW/nrc nrc20020607.htm
2002.06.28 20:50 A e:\inetpub\wwwroot\xs4all\nrc\nrc20020608.htm --> ftp.xs4all.nl /home/.4/z/zanstra/WWW/nrc nrc20020608.htm
2002.06.28 20:50 A e:\inetpub\wwwroot\xs4all\nrc\nrc20020610.htm --> ftp.xs4all.nl /home/.4/z/zanstra/WWW/nrc nrc20020610.htm
2002.06.28 20:50 A e:\inetpub\wwwroot\xs4all\nrc\nrc20020611.htm --> ftp.xs4all.nl /home/.4/z/zanstra/WWW/nrc nrc20020611.htm
2002.06.28 20:50 A e:\inetpub\wwwroot\xs4all\nrc\nrc20020612.htm --> ftp.xs4all.nl /home/.4/z/zanstra/WWW/nrc nrc20020612.htm
2002.06.28 20:50 A e:\inetpub\wwwroot\xs4all\nrc\nrc20020613.htm --> ftp.xs4all.nl /home/.4/z/zanstra/WWW/nrc nrc20020613.htm
2002.06.28 20:50 A e:\inetpub\wwwroot\xs4all\nrc\nrc20020614.htm --> ftp.xs4all.nl /home/.4/z/zanstra/WWW/nrc nrc20020614.htm
2002.06.28 20:50 A e:\inetpub\wwwroot\xs4all\nrc\nrc20020615.htm --> ftp.xs4all.nl /home/.4/z/zanstra/WWW/nrc nrc20020615.htm
2002.06.28 20:50 A e:\inetpub\wwwroot\xs4all\nrc\nrc20020617.htm --> ftp.xs4all.nl /home/.4/z/zanstra/WWW/nrc nrc20020617.htm
2002.06.28 20:50 A e:\inetpub\wwwroot\xs4all\nrc\nrc20020618.htm --> ftp.xs4all.nl /home/.4/z/zanstra/WWW/nrc nrc20020618.htm
2002.06.28 20:50 A e:\inetpub\wwwroot\xs4all\nrc\nrc20020619.htm --> ftp.xs4all.nl /home/.4/z/zanstra/WWW/nrc nrc20020619.htm
2002.06.28 20:50 A e:\inetpub\wwwroot\xs4all\nrc\nrc20020622.htm --> ftp.xs4all.nl /home/.4/z/zanstra/WWW/nrc nrc20020622.htm
2002.06.28 20:50 A e:\inetpub\wwwroot\xs4all\nrc\nrc20020624.htm --> ftp.xs4all.nl /home/.4/z/zanstra/WWW/nrc nrc20020624.htm
2002.06.28 20:50 A e:\inetpub\wwwroot\xs4all\nrc\nrc20020625.htm --> ftp.xs4all.nl /home/.4/z/zanstra/WWW/nrc nrc20020625.htm
2002.06.28 20:50 A e:\inetpub\wwwroot\xs4all\nrc\nrc20020626.htm --> ftp.xs4all.nl /home/.4/z/zanstra/WWW/nrc nrc20020626.htm
2002.06.28 20:50 A e:\inetpub\wwwroot\xs4all\nrc\nrc20020627.htm --> ftp.xs4all.nl /home/.4/z/zanstra/WWW/nrc nrc20020627.htm
2002.06.28 20:50 A e:\inetpub\wwwroot\xs4all\nrc\nrc20020628.htm --> ftp.xs4all.nl /home/.4/z/zanstra/WWW/nrc nrc20020628.htm
2002.06.28 20:50 A e:\inetpub\wwwroot\xs4all\nrc\replaceCID.js --> ftp.xs4all.nl /home/.4/z/zanstra/WWW/nrc replaceCID.js
2002.07.07 20:36 B e:\inetpub\wwwroot\xs4all\nrc\WS_FTP.LOG <-- xs4all /home/.4/z/zanstra/WWW/nrc WS_FTP.LOG
2002.07.07 20:40 A e:\inetpub\wwwroot\xs4all\nrc\20020215.htm --> ftp.xs4all.nl /home/.4/z/zanstra/WWW/nrc 20020215.htm
2002.07.07 20:40 A e:\inetpub\wwwroot\xs4all\nrc\20020216.htm --> ftp.xs4all.nl /home/.4/z/zanstra/WWW/nrc 20020216.htm
2002.07.07 20:40 A e:\inetpub\wwwroot\xs4all\nrc\20020218.htm --> ftp.xs4all.nl /home/.4/z/zanstra/WWW/nrc 20020218.htm
2002.07.07 20:40 A e:\inetpub\wwwroot\xs4all\nrc\bijtjes.htm --> ftp.xs4all.nl /home/.4/z/zanstra/WWW/nrc bijtjes.htm
2002.07.07 20:40 A e:\inetpub\wwwroot\xs4all\nrc\bijtjes.js --> ftp.xs4all.nl /home/.4/z/zanstra/WWW/nrc bijtjes.js
2002.07.07 20:40 A e:\inetpub\wwwroot\xs4all\nrc\bijtjes.xml --> ftp.xs4all.nl /home/.4/z/zanstra/WWW/nrc bijtjes.xml
2002.07.07 20:40 A e:\inetpub\wwwroot\xs4all\nrc\bijtjes.xsl --> ftp.xs4all.nl /home/.4/z/zanstra/WWW/nrc bijtjes.xsl
2002.07.07 20:40 A e:\inetpub\wwwroot\xs4all\nrc\css.js --> ftp.xs4all.nl /home/.4/z/zanstra/WWW/nrc css.js
2002.07.07 20:40 A e:\inetpub\wwwroot\xs4all\nrc\data.htm --> ftp.xs4all.nl /home/.4/z/zanstra/WWW/nrc data.htm
2002.07.07 20:40 A e:\inetpub\wwwroot\xs4all\nrc\default.css --> ftp.xs4all.nl /home/.4/z/zanstra/WWW/nrc default.css
2002.07.07 20:40 A e:\inetpub\wwwroot\xs4all\nrc\gen.bat --> ftp.xs4all.nl /home/.4/z/zanstra/WWW/nrc gen.bat
2002.07.07 20:40 A e:\inetpub\wwwroot\xs4all\nrc\index.htm --> ftp.xs4all.nl /home/.4/z/zanstra/WWW/nrc index.htm
2002.07.07 20:40 A e:\inetpub\wwwroot\xs4all\nrc\issue.js --> ftp.xs4all.nl /home/.4/z/zanstra/WWW/nrc issue.js
2002.07.07 20:40 A e:\inetpub\wwwroot\xs4all\nrc\months.xml --> ftp.xs4all.nl /home/.4/z/zanstra/WWW/nrc months.xml
2002.07.07 20:40 A e:\inetpub\wwwroot\xs4all\nrc\navigate.htm --> ftp.xs4all.nl /home/.4/z/zanstra/WWW/nrc navigate.htm
2002.07.07 20:40 A e:\inetpub\wwwroot\xs4all\nrc\nrc2001017.htm --> ftp.xs4all.nl /home/.4/z/zanstra/WWW/nrc nrc2001017.htm
2002.07.07 20:40 A e:\inetpub\wwwroot\xs4all\nrc\nrc2001023.htm --> ftp.xs4all.nl /home/.4/z/zanstra/WWW/nrc nrc2001023.htm
2002.07.07 20:40 A e:\inetpub\wwwroot\xs4all\nrc\nrc2001024.htm --> ftp.xs4all.nl /home/.4/z/zanstra/WWW/nrc nrc2001024.htm
2002.07.07 20:40 A e:\inetpub\wwwroot\xs4all\nrc\nrc2001025.htm --> ftp.xs4all.nl /home/.4/z/zanstra/WWW/nrc nrc2001025.htm
2002.07.07 20:40 A e:\inetpub\wwwroot\xs4all\nrc\nrc20010906.htm --> ftp.xs4all.nl /home/.4/z/zanstra/WWW/nrc nrc20010906.htm
2002.07.07 20:40 A e:\inetpub\wwwroot\xs4all\nrc\nrc20010907.htm --> ftp.xs4all.nl /home/.4/z/zanstra/WWW/nrc nrc20010907.htm
2002.07.07 20:40 A e:\inetpub\wwwroot\xs4all\nrc\nrc20010908.htm --> ftp.xs4all.nl /home/.4/z/zanstra/WWW/nrc nrc20010908.htm
2002.07.07 20:40 A e:\inetpub\wwwroot\xs4all\nrc\nrc20010910.htm --> ftp.xs4all.nl /home/.4/z/zanstra/WWW/nrc nrc20010910.htm
2002.07.07 20:40 A e:\inetpub\wwwroot\xs4all\nrc\nrc20010911.htm --> ftp.xs4all.nl /home/.4/z/zanstra/WWW/nrc nrc20010911.htm
2002.07.07 20:40 A e:\inetpub\wwwroot\xs4all\nrc\nrc20010912.htm --> ftp.xs4all.nl /home/.4/z/zanstra/WWW/nrc nrc20010912.htm
2002.07.07 20:40 A e:\inetpub\wwwroot\xs4all\nrc\nrc20010913.htm --> ftp.xs4all.nl /home/.4/z/zanstra/WWW/nrc nrc20010913.htm
2002.07.07 20:40 A e:\inetpub\wwwroot\xs4all\nrc\nrc20010914.htm --> ftp.xs4all.nl /home/.4/z/zanstra/WWW/nrc nrc20010914.htm
2002.07.07 20:40 A e:\inetpub\wwwroot\xs4all\nrc\nrc20010915.htm --> ftp.xs4all.nl /home/.4/z/zanstra/WWW/nrc nrc20010915.htm
2002.07.07 20:40 A e:\inetpub\wwwroot\xs4all\nrc\nrc20010917.htm --> ftp.xs4all.nl /home/.4/z/zanstra/WWW/nrc nrc20010917.htm
2002.07.07 20:41 A e:\inetpub\wwwroot\xs4all\nrc\nrc20010918.htm --> ftp.xs4all.nl /home/.4/z/zanstra/WWW/nrc nrc20010918.htm
2002.07.07 20:41 A e:\inetpub\wwwroot\xs4all\nrc\nrc20010919.htm --> ftp.xs4all.nl /home/.4/z/zanstra/WWW/nrc nrc20010919.htm
2002.07.07 20:41 A e:\inetpub\wwwroot\xs4all\nrc\nrc20010920.htm --> ftp.xs4all.nl /home/.4/z/zanstra/WWW/nrc nrc20010920.htm
2002.07.07 20:41 A e:\inetpub\wwwroot\xs4all\nrc\nrc20010921.htm --> ftp.xs4all.nl /home/.4/z/zanstra/WWW/nrc nrc20010921.htm
2002.07.07 20:41 A e:\inetpub\wwwroot\xs4all\nrc\nrc20010922.htm --> ftp.xs4all.nl /home/.4/z/zanstra/WWW/nrc nrc20010922.htm
2002.07.07 20:41 A e:\inetpub\wwwroot\xs4all\nrc\nrc20010924.htm --> ftp.xs4all.nl /home/.4/z/zanstra/WWW/nrc nrc20010924.htm
2002.07.07 20:41 A e:\inetpub\wwwroot\xs4all\nrc\nrc20010925.htm --> ftp.xs4all.nl /home/.4/z/zanstra/WWW/nrc nrc20010925.htm
2002.07.07 20:41 A e:\inetpub\wwwroot\xs4all\nrc\nrc20010926.htm --> ftp.xs4all.nl /home/.4/z/zanstra/WWW/nrc nrc20010926.htm
2002.07.07 20:41 A e:\inetpub\wwwroot\xs4all\nrc\nrc20010927.htm --> ftp.xs4all.nl /home/.4/z/zanstra/WWW/nrc nrc20010927.htm
2002.07.07 20:41 A e:\inetpub\wwwroot\xs4all\nrc\nrc20010928.htm --> ftp.xs4all.nl /home/.4/z/zanstra/WWW/nrc nrc20010928.htm
2002.07.07 20:41 A e:\inetpub\wwwroot\xs4all\nrc\nrc20010929.htm --> ftp.xs4all.nl /home/.4/z/zanstra/WWW/nrc nrc20010929.htm
2002.07.07 20:41 A e:\inetpub\wwwroot\xs4all\nrc\nrc20011001.htm --> ftp.xs4all.nl /home/.4/z/zanstra/WWW/nrc nrc20011001.htm
2002.07.07 20:41 A e:\inetpub\wwwroot\xs4all\nrc\nrc20011002.htm --> ftp.xs4all.nl /home/.4/z/zanstra/WWW/nrc nrc20011002.htm
2002.07.07 20:41 A e:\inetpub\wwwroot\xs4all\nrc\nrc20011003.htm --> ftp.xs4all.nl /home/.4/z/zanstra/WWW/nrc nrc20011003.htm
2002.07.07 20:41 A e:\inetpub\wwwroot\xs4all\nrc\nrc20011004.htm --> ftp.xs4all.nl /home/.4/z/zanstra/WWW/nrc nrc20011004.htm
2002.07.07 20:41 A e:\inetpub\wwwroot\xs4all\nrc\nrc20011005.htm --> ftp.xs4all.nl /home/.4/z/zanstra/WWW/nrc nrc20011005.htm
2002.07.07 20:41 A e:\inetpub\wwwroot\xs4all\nrc\nrc20011006.htm --> ftp.xs4all.nl /home/.4/z/zanstra/WWW/nrc nrc20011006.htm
2002.07.07 20:41 A e:\inetpub\wwwroot\xs4all\nrc\nrc20011008.htm --> ftp.xs4all.nl /home/.4/z/zanstra/WWW/nrc nrc20011008.htm
2002.07.07 20:41 A e:\inetpub\wwwroot\xs4all\nrc\nrc20011009.htm --> ftp.xs4all.nl /home/.4/z/zanstra/WWW/nrc nrc20011009.htm
2002.07.07 20:41 A e:\inetpub\wwwroot\xs4all\nrc\nrc20011010.htm --> ftp.xs4all.nl /home/.4/z/zanstra/WWW/nrc nrc20011010.htm
2002.07.07 20:41 A e:\inetpub\wwwroot\xs4all\nrc\nrc20011011.htm --> ftp.xs4all.nl /home/.4/z/zanstra/WWW/nrc nrc20011011.htm
2002.07.07 20:41 A e:\inetpub\wwwroot\xs4all\nrc\nrc20011012.htm --> ftp.xs4all.nl /home/.4/z/zanstra/WWW/nrc nrc20011012.htm
2002.07.07 20:41 A e:\inetpub\wwwroot\xs4all\nrc\nrc20011013.htm --> ftp.xs4all.nl /home/.4/z/zanstra/WWW/nrc nrc20011013.htm
2002.07.07 20:41 A e:\inetpub\wwwroot\xs4all\nrc\nrc20011015.htm --> ftp.xs4all.nl /home/.4/z/zanstra/WWW/nrc nrc20011015.htm
2002.07.07 20:41 A e:\inetpub\wwwroot\xs4all\nrc\nrc20011016.htm --> ftp.xs4all.nl /home/.4/z/zanstra/WWW/nrc nrc20011016.htm
2002.07.07 20:41 A e:\inetpub\wwwroot\xs4all\nrc\nrc20011017.htm --> ftp.xs4all.nl /home/.4/z/zanstra/WWW/nrc nrc20011017.htm
2002.07.07 20:41 A e:\inetpub\wwwroot\xs4all\nrc\nrc20011018.htm --> ftp.xs4all.nl /home/.4/z/zanstra/WWW/nrc nrc20011018.htm
2002.07.07 20:41 A e:\inetpub\wwwroot\xs4all\nrc\nrc20011019.htm --> ftp.xs4all.nl /home/.4/z/zanstra/WWW/nrc nrc20011019.htm
2002.07.07 20:41 A e:\inetpub\wwwroot\xs4all\nrc\nrc20011020.htm --> ftp.xs4all.nl /home/.4/z/zanstra/WWW/nrc nrc20011020.htm
2002.07.07 20:41 A e:\inetpub\wwwroot\xs4all\nrc\nrc20011022.htm --> ftp.xs4all.nl /home/.4/z/zanstra/WWW/nrc nrc20011022.htm
2002.07.07 20:41 A e:\inetpub\wwwroot\xs4all\nrc\nrc20011023.htm --> ftp.xs4all.nl /home/.4/z/zanstra/WWW/nrc nrc20011023.htm
2002.07.07 20:41 A e:\inetpub\wwwroot\xs4all\nrc\nrc20011024.htm --> ftp.xs4all.nl /home/.4/z/zanstra/WWW/nrc nrc20011024.htm
2002.07.07 20:41 A e:\inetpub\wwwroot\xs4all\nrc\nrc20011025.htm --> ftp.xs4all.nl /home/.4/z/zanstra/WWW/nrc nrc20011025.htm
2002.07.07 20:41 A e:\inetpub\wwwroot\xs4all\nrc\nrc20011026.htm --> ftp.xs4all.nl /home/.4/z/zanstra/WWW/nrc nrc20011026.htm
2002.07.07 20:41 A e:\inetpub\wwwroot\xs4all\nrc\nrc20011027.htm --> ftp.xs4all.nl /home/.4/z/zanstra/WWW/nrc nrc20011027.htm
2002.07.07 20:42 A e:\inetpub\wwwroot\xs4all\nrc\nrc20011029.htm --> ftp.xs4all.nl /home/.4/z/zanstra/WWW/nrc nrc20011029.htm
2002.07.07 20:42 A e:\inetpub\wwwroot\xs4all\nrc\nrc20011030.htm --> ftp.xs4all.nl /home/.4/z/zanstra/WWW/nrc nrc20011030.htm
2002.07.07 20:42 A e:\inetpub\wwwroot\xs4all\nrc\nrc20011031.htm --> ftp.xs4all.nl /home/.4/z/zanstra/WWW/nrc nrc20011031.htm
2002.07.07 20:42 A e:\inetpub\wwwroot\xs4all\nrc\nrc20011101.htm --> ftp.xs4all.nl /home/.4/z/zanstra/WWW/nrc nrc20011101.htm
2002.07.07 20:42 A e:\inetpub\wwwroot\xs4all\nrc\nrc20011103.htm --> ftp.xs4all.nl /home/.4/z/zanstra/WWW/nrc nrc20011103.htm
2002.07.07 20:42 A e:\inetpub\wwwroot\xs4all\nrc\nrc20011105.htm --> ftp.xs4all.nl /home/.4/z/zanstra/WWW/nrc nrc20011105.htm
2002.07.07 20:42 A e:\inetpub\wwwroot\xs4all\nrc\nrc20011106.htm --> ftp.xs4all.nl /home/.4/z/zanstra/WWW/nrc nrc20011106.htm
2002.07.07 20:42 A e:\inetpub\wwwroot\xs4all\nrc\nrc20011107.htm --> ftp.xs4all.nl /home/.4/z/zanstra/WWW/nrc nrc20011107.htm
2002.07.07 20:42 A e:\inetpub\wwwroot\xs4all\nrc\nrc20011108.htm --> ftp.xs4all.nl /home/.4/z/zanstra/WWW/nrc nrc20011108.htm
2002.07.07 20:42 A e:\inetpub\wwwroot\xs4all\nrc\nrc20011109.htm --> ftp.xs4all.nl /home/.4/z/zanstra/WWW/nrc nrc20011109.htm
2002.07.07 20:42 A e:\inetpub\wwwroot\xs4all\nrc\nrc20011110.htm --> ftp.xs4all.nl /home/.4/z/zanstra/WWW/nrc nrc20011110.htm
2002.07.07 20:42 A e:\inetpub\wwwroot\xs4all\nrc\nrc20011112.htm --> ftp.xs4all.nl /home/.4/z/zanstra/WWW/nrc nrc20011112.htm
2002.07.07 20:42 A e:\inetpub\wwwroot\xs4all\nrc\nrc20011113.htm --> ftp.xs4all.nl /home/.4/z/zanstra/WWW/nrc nrc20011113.htm
2002.07.07 20:42 A e:\inetpub\wwwroot\xs4all\nrc\nrc20011114.htm --> ftp.xs4all.nl /home/.4/z/zanstra/WWW/nrc nrc20011114.htm
2002.07.07 20:42 A e:\inetpub\wwwroot\xs4all\nrc\nrc20011115.htm --> ftp.xs4all.nl /home/.4/z/zanstra/WWW/nrc nrc20011115.htm
2002.07.07 20:42 A e:\inetpub\wwwroot\xs4all\nrc\nrc20011116.htm --> ftp.xs4all.nl /home/.4/z/zanstra/WWW/nrc nrc20011116.htm
2002.07.07 20:42 A e:\inetpub\wwwroot\xs4all\nrc\nrc20011119.htm --> ftp.xs4all.nl /home/.4/z/zanstra/WWW/nrc nrc20011119.htm
2002.07.07 20:42 A e:\inetpub\wwwroot\xs4all\nrc\nrc20011120.htm --> ftp.xs4all.nl /home/.4/z/zanstra/WWW/nrc nrc20011120.htm
2002.07.07 20:42 A e:\inetpub\wwwroot\xs4all\nrc\nrc20011121.htm --> ftp.xs4all.nl /home/.4/z/zanstra/WWW/nrc nrc20011121.htm
2002.07.07 20:42 A e:\inetpub\wwwroot\xs4all\nrc\nrc20011122.htm --> ftp.xs4all.nl /home/.4/z/zanstra/WWW/nrc nrc20011122.htm
2002.07.07 20:42 A e:\inetpub\wwwroot\xs4all\nrc\nrc20011123.htm --> ftp.xs4all.nl /home/.4/z/zanstra/WWW/nrc nrc20011123.htm
2002.07.07 20:42 A e:\inetpub\wwwroot\xs4all\nrc\nrc20011124.htm --> ftp.xs4all.nl /home/.4/z/zanstra/WWW/nrc nrc20011124.htm
2002.07.07 20:42 A e:\inetpub\wwwroot\xs4all\nrc\nrc20011126.htm --> ftp.xs4all.nl /home/.4/z/zanstra/WWW/nrc nrc20011126.htm
2002.07.07 20:42 A e:\inetpub\wwwroot\xs4all\nrc\nrc20011127.htm --> ftp.xs4all.nl /home/.4/z/zanstra/WWW/nrc nrc20011127.htm
2002.07.07 20:42 A e:\inetpub\wwwroot\xs4all\nrc\nrc20011128.htm --> ftp.xs4all.nl /home/.4/z/zanstra/WWW/nrc nrc20011128.htm
2002.07.07 20:42 A e:\inetpub\wwwroot\xs4all\nrc\nrc20011129.htm --> ftp.xs4all.nl /home/.4/z/zanstra/WWW/nrc nrc20011129.htm
2002.07.07 20:42 A e:\inetpub\wwwroot\xs4all\nrc\nrc20011201.htm --> ftp.xs4all.nl /home/.4/z/zanstra/WWW/nrc nrc20011201.htm
2002.07.07 20:42 A e:\inetpub\wwwroot\xs4all\nrc\nrc20011203.htm --> ftp.xs4all.nl /home/.4/z/zanstra/WWW/nrc nrc20011203.htm
2002.07.07 20:42 A e:\inetpub\wwwroot\xs4all\nrc\nrc20011204.htm --> ftp.xs4all.nl /home/.4/z/zanstra/WWW/nrc nrc20011204.htm
2002.07.07 20:42 A e:\inetpub\wwwroot\xs4all\nrc\nrc20011205.htm --> ftp.xs4all.nl /home/.4/z/zanstra/WWW/nrc nrc20011205.htm
2002.07.07 20:42 A e:\inetpub\wwwroot\xs4all\nrc\nrc20011206.htm --> ftp.xs4all.nl /home/.4/z/zanstra/WWW/nrc nrc20011206.htm
2002.07.07 20:42 A e:\inetpub\wwwroot\xs4all\nrc\nrc20011207.htm --> ftp.xs4all.nl /home/.4/z/zanstra/WWW/nrc nrc20011207.htm
2002.07.07 20:42 A e:\inetpub\wwwroot\xs4all\nrc\nrc20011208.htm --> ftp.xs4all.nl /home/.4/z/zanstra/WWW/nrc nrc20011208.htm
2002.07.07 20:42 A e:\inetpub\wwwroot\xs4all\nrc\nrc20011210.htm --> ftp.xs4all.nl /home/.4/z/zanstra/WWW/nrc nrc20011210.htm
2002.07.07 20:42 A e:\inetpub\wwwroot\xs4all\nrc\nrc20011211.htm --> ftp.xs4all.nl /home/.4/z/zanstra/WWW/nrc nrc20011211.htm
2002.07.07 20:42 A e:\inetpub\wwwroot\xs4all\nrc\nrc20011212.htm --> ftp.xs4all.nl /home/.4/z/zanstra/WWW/nrc nrc20011212.htm
2002.07.07 20:42 A e:\inetpub\wwwroot\xs4all\nrc\nrc20011213.htm --> ftp.xs4all.nl /home/.4/z/zanstra/WWW/nrc nrc20011213.htm
2002.07.07 20:42 A e:\inetpub\wwwroot\xs4all\nrc\nrc20011214.htm --> ftp.xs4all.nl /home/.4/z/zanstra/WWW/nrc nrc20011214.htm
2002.07.07 20:43 A e:\inetpub\wwwroot\xs4all\nrc\nrc20011215.htm --> ftp.xs4all.nl /home/.4/z/zanstra/WWW/nrc nrc20011215.htm
2002.07.07 20:43 A e:\inetpub\wwwroot\xs4all\nrc\nrc20011217.htm --> ftp.xs4all.nl /home/.4/z/zanstra/WWW/nrc nrc20011217.htm
2002.07.07 20:43 A e:\inetpub\wwwroot\xs4all\nrc\nrc20011218.htm --> ftp.xs4all.nl /home/.4/z/zanstra/WWW/nrc nrc20011218.htm
2002.07.07 20:43 A e:\inetpub\wwwroot\xs4all\nrc\nrc20011219.htm --> ftp.xs4all.nl /home/.4/z/zanstra/WWW/nrc nrc20011219.htm
2002.07.07 20:43 A e:\inetpub\wwwroot\xs4all\nrc\nrc20011220.htm --> ftp.xs4all.nl /home/.4/z/zanstra/WWW/nrc nrc20011220.htm
2002.07.07 20:43 A e:\inetpub\wwwroot\xs4all\nrc\nrc20011221.htm --> ftp.xs4all.nl /home/.4/z/zanstra/WWW/nrc nrc20011221.htm
2002.07.07 20:43 A e:\inetpub\wwwroot\xs4all\nrc\nrc20011222.htm --> ftp.xs4all.nl /home/.4/z/zanstra/WWW/nrc nrc20011222.htm
2002.07.07 20:43 A e:\inetpub\wwwroot\xs4all\nrc\nrc20011224.htm --> ftp.xs4all.nl /home/.4/z/zanstra/WWW/nrc nrc20011224.htm
2002.07.07 20:43 A e:\inetpub\wwwroot\xs4all\nrc\nrc20011227.htm --> ftp.xs4all.nl /home/.4/z/zanstra/WWW/nrc nrc20011227.htm
2002.07.07 20:43 A e:\inetpub\wwwroot\xs4all\nrc\nrc20011228.htm --> ftp.xs4all.nl /home/.4/z/zanstra/WWW/nrc nrc20011228.htm
2002.07.07 20:43 A e:\inetpub\wwwroot\xs4all\nrc\nrc20011229.htm --> ftp.xs4all.nl /home/.4/z/zanstra/WWW/nrc nrc20011229.htm
2002.07.07 20:43 A e:\inetpub\wwwroot\xs4all\nrc\nrc20011231.htm --> ftp.xs4all.nl /home/.4/z/zanstra/WWW/nrc nrc20011231.htm
2002.07.07 20:43 A e:\inetpub\wwwroot\xs4all\nrc\nrc20020102.htm --> ftp.xs4all.nl /home/.4/z/zanstra/WWW/nrc nrc20020102.htm
2002.07.07 20:43 A e:\inetpub\wwwroot\xs4all\nrc\nrc20020103.htm --> ftp.xs4all.nl /home/.4/z/zanstra/WWW/nrc nrc20020103.htm
2002.07.07 20:43 A e:\inetpub\wwwroot\xs4all\nrc\nrc20020105.htm --> ftp.xs4all.nl /home/.4/z/zanstra/WWW/nrc nrc20020105.htm
2002.07.07 20:43 A e:\inetpub\wwwroot\xs4all\nrc\nrc20020107.htm --> ftp.xs4all.nl /home/.4/z/zanstra/WWW/nrc nrc20020107.htm
2002.07.07 20:43 A e:\inetpub\wwwroot\xs4all\nrc\nrc20020108.htm --> ftp.xs4all.nl /home/.4/z/zanstra/WWW/nrc nrc20020108.htm
2002.07.07 20:43 A e:\inetpub\wwwroot\xs4all\nrc\nrc20020109.htm --> ftp.xs4all.nl /home/.4/z/zanstra/WWW/nrc nrc20020109.htm
2002.07.07 20:43 A e:\inetpub\wwwroot\xs4all\nrc\nrc20020110.htm --> ftp.xs4all.nl /home/.4/z/zanstra/WWW/nrc nrc20020110.htm
2002.07.07 20:43 A e:\inetpub\wwwroot\xs4all\nrc\nrc20020111.htm --> ftp.xs4all.nl /home/.4/z/zanstra/WWW/nrc nrc20020111.htm
2002.07.07 20:43 A e:\inetpub\wwwroot\xs4all\nrc\nrc20020114.htm --> ftp.xs4all.nl /home/.4/z/zanstra/WWW/nrc nrc20020114.htm
2002.07.07 20:43 A e:\inetpub\wwwroot\xs4all\nrc\nrc20020115.htm --> ftp.xs4all.nl /home/.4/z/zanstra/WWW/nrc nrc20020115.htm
2002.07.07 20:43 A e:\inetpub\wwwroot\xs4all\nrc\nrc20020116.htm --> ftp.xs4all.nl /home/.4/z/zanstra/WWW/nrc nrc20020116.htm
2002.07.07 20:43 A e:\inetpub\wwwroot\xs4all\nrc\nrc20020118.htm --> ftp.xs4all.nl /home/.4/z/zanstra/WWW/nrc nrc20020118.htm
2002.07.07 20:43 A e:\inetpub\wwwroot\xs4all\nrc\nrc20020121.htm --> ftp.xs4all.nl /home/.4/z/zanstra/WWW/nrc nrc20020121.htm
2002.07.07 20:43 A e:\inetpub\wwwroot\xs4all\nrc\nrc20020122.htm --> ftp.xs4all.nl /home/.4/z/zanstra/WWW/nrc nrc20020122.htm
2002.07.07 20:43 A e:\inetpub\wwwroot\xs4all\nrc\nrc20020123.htm --> ftp.xs4all.nl /home/.4/z/zanstra/WWW/nrc nrc20020123.htm
2002.07.07 20:43 A e:\inetpub\wwwroot\xs4all\nrc\nrc20020124.htm --> ftp.xs4all.nl /home/.4/z/zanstra/WWW/nrc nrc20020124.htm
2002.07.07 20:43 A e:\inetpub\wwwroot\xs4all\nrc\nrc20020125.htm --> ftp.xs4all.nl /home/.4/z/zanstra/WWW/nrc nrc20020125.htm
2002.07.07 20:43 A e:\inetpub\wwwroot\xs4all\nrc\nrc20020129.htm --> ftp.xs4all.nl /home/.4/z/zanstra/WWW/nrc nrc20020129.htm
2002.07.07 20:43 A e:\inetpub\wwwroot\xs4all\nrc\nrc20020130.htm --> ftp.xs4all.nl /home/.4/z/zanstra/WWW/nrc nrc20020130.htm
2002.07.07 20:43 A e:\inetpub\wwwroot\xs4all\nrc\nrc20020131.htm --> ftp.xs4all.nl /home/.4/z/zanstra/WWW/nrc nrc20020131.htm
2002.07.07 20:43 A e:\inetpub\wwwroot\xs4all\nrc\nrc20020201.htm --> ftp.xs4all.nl /home/.4/z/zanstra/WWW/nrc nrc20020201.htm
2002.07.07 20:43 A e:\inetpub\wwwroot\xs4all\nrc\nrc20020202.htm --> ftp.xs4all.nl /home/.4/z/zanstra/WWW/nrc nrc20020202.htm
2002.07.07 20:43 A e:\inetpub\wwwroot\xs4all\nrc\nrc20020204.htm --> ftp.xs4all.nl /home/.4/z/zanstra/WWW/nrc nrc20020204.htm
2002.07.07 20:43 A e:\inetpub\wwwroot\xs4all\nrc\nrc20020205.htm --> ftp.xs4all.nl /home/.4/z/zanstra/WWW/nrc nrc20020205.htm
2002.07.07 20:43 A e:\inetpub\wwwroot\xs4all\nrc\nrc20020206.htm --> ftp.xs4all.nl /home/.4/z/zanstra/WWW/nrc nrc20020206.htm
2002.07.07 20:43 A e:\inetpub\wwwroot\xs4all\nrc\nrc20020208.htm --> ftp.xs4all.nl /home/.4/z/zanstra/WWW/nrc nrc20020208.htm
2002.07.07 20:44 A e:\inetpub\wwwroot\xs4all\nrc\nrc20020209.htm --> ftp.xs4all.nl /home/.4/z/zanstra/WWW/nrc nrc20020209.htm
2002.07.07 20:44 A e:\inetpub\wwwroot\xs4all\nrc\nrc20020211.htm --> ftp.xs4all.nl /home/.4/z/zanstra/WWW/nrc nrc20020211.htm
2002.07.07 20:44 A e:\inetpub\wwwroot\xs4all\nrc\nrc20020212.htm --> ftp.xs4all.nl /home/.4/z/zanstra/WWW/nrc nrc20020212.htm
2002.07.07 20:44 A e:\inetpub\wwwroot\xs4all\nrc\nrc20020213.htm --> ftp.xs4all.nl /home/.4/z/zanstra/WWW/nrc nrc20020213.htm
2002.07.07 20:44 A e:\inetpub\wwwroot\xs4all\nrc\nrc20020214.htm --> ftp.xs4all.nl /home/.4/z/zanstra/WWW/nrc nrc20020214.htm
2002.07.07 20:44 A e:\inetpub\wwwroot\xs4all\nrc\nrc20020215.htm --> ftp.xs4all.nl /home/.4/z/zanstra/WWW/nrc nrc20020215.htm
2002.07.07 20:44 A e:\inetpub\wwwroot\xs4all\nrc\nrc20020216.htm --> ftp.xs4all.nl /home/.4/z/zanstra/WWW/nrc nrc20020216.htm
2002.07.07 20:44 A e:\inetpub\wwwroot\xs4all\nrc\nrc20020218.htm --> ftp.xs4all.nl /home/.4/z/zanstra/WWW/nrc nrc20020218.htm
2002.07.07 20:44 A e:\inetpub\wwwroot\xs4all\nrc\nrc20020219.htm --> ftp.xs4all.nl /home/.4/z/zanstra/WWW/nrc nrc20020219.htm
2002.07.07 20:44 A e:\inetpub\wwwroot\xs4all\nrc\nrc20020220.htm --> ftp.xs4all.nl /home/.4/z/zanstra/WWW/nrc nrc20020220.htm
2002.07.07 20:44 A e:\inetpub\wwwroot\xs4all\nrc\nrc20020221.htm --> ftp.xs4all.nl /home/.4/z/zanstra/WWW/nrc nrc20020221.htm
2002.07.07 20:44 A e:\inetpub\wwwroot\xs4all\nrc\nrc20020222.htm --> ftp.xs4all.nl /home/.4/z/zanstra/WWW/nrc nrc20020222.htm
2002.07.07 20:44 A e:\inetpub\wwwroot\xs4all\nrc\nrc20020223.htm --> ftp.xs4all.nl /home/.4/z/zanstra/WWW/nrc nrc20020223.htm
2002.07.07 20:44 A e:\inetpub\wwwroot\xs4all\nrc\nrc20020225.htm --> ftp.xs4all.nl /home/.4/z/zanstra/WWW/nrc nrc20020225.htm
2002.07.07 20:44 A e:\inetpub\wwwroot\xs4all\nrc\nrc20020226.htm --> ftp.xs4all.nl /home/.4/z/zanstra/WWW/nrc nrc20020226.htm
2002.07.07 20:44 A e:\inetpub\wwwroot\xs4all\nrc\nrc20020227.htm --> ftp.xs4all.nl /home/.4/z/zanstra/WWW/nrc nrc20020227.htm
2002.07.07 20:44 A e:\inetpub\wwwroot\xs4all\nrc\nrc20020228.htm --> ftp.xs4all.nl /home/.4/z/zanstra/WWW/nrc nrc20020228.htm
2002.07.07 20:44 A e:\inetpub\wwwroot\xs4all\nrc\nrc20020301.htm --> ftp.xs4all.nl /home/.4/z/zanstra/WWW/nrc nrc20020301.htm
2002.07.07 20:44 A e:\inetpub\wwwroot\xs4all\nrc\nrc20020304.htm --> ftp.xs4all.nl /home/.4/z/zanstra/WWW/nrc nrc20020304.htm
2002.07.07 20:44 A e:\inetpub\wwwroot\xs4all\nrc\nrc20020305.htm --> ftp.xs4all.nl /home/.4/z/zanstra/WWW/nrc nrc20020305.htm
2002.07.07 20:44 A e:\inetpub\wwwroot\xs4all\nrc\nrc20020306.htm --> ftp.xs4all.nl /home/.4/z/zanstra/WWW/nrc nrc20020306.htm
2002.07.07 20:44 A e:\inetpub\wwwroot\xs4all\nrc\nrc20020307.htm --> ftp.xs4all.nl /home/.4/z/zanstra/WWW/nrc nrc20020307.htm
2002.07.07 20:44 A e:\inetpub\wwwroot\xs4all\nrc\nrc20020308.htm --> ftp.xs4all.nl /home/.4/z/zanstra/WWW/nrc nrc20020308.htm
2002.07.07 20:44 A e:\inetpub\wwwroot\xs4all\nrc\nrc20020309.htm --> ftp.xs4all.nl /home/.4/z/zanstra/WWW/nrc nrc20020309.htm
2002.07.07 20:44 A e:\inetpub\wwwroot\xs4all\nrc\nrc20020311.htm --> ftp.xs4all.nl /home/.4/z/zanstra/WWW/nrc nrc20020311.htm
2002.07.07 20:44 A e:\inetpub\wwwroot\xs4all\nrc\nrc20020312.htm --> ftp.xs4all.nl /home/.4/z/zanstra/WWW/nrc nrc20020312.htm
2002.07.07 20:44 A e:\inetpub\wwwroot\xs4all\nrc\nrc20020313.htm --> ftp.xs4all.nl /home/.4/z/zanstra/WWW/nrc nrc20020313.htm
2002.07.07 20:44 A e:\inetpub\wwwroot\xs4all\nrc\nrc20020314.htm --> ftp.xs4all.nl /home/.4/z/zanstra/WWW/nrc nrc20020314.htm
2002.07.07 20:44 A e:\inetpub\wwwroot\xs4all\nrc\nrc20020315.htm --> ftp.xs4all.nl /home/.4/z/zanstra/WWW/nrc nrc20020315.htm
2002.07.07 20:44 A e:\inetpub\wwwroot\xs4all\nrc\nrc20020316.htm --> ftp.xs4all.nl /home/.4/z/zanstra/WWW/nrc nrc20020316.htm
2002.07.07 20:44 A e:\inetpub\wwwroot\xs4all\nrc\nrc20020318.htm --> ftp.xs4all.nl /home/.4/z/zanstra/WWW/nrc nrc20020318.htm
2002.07.07 20:44 A e:\inetpub\wwwroot\xs4all\nrc\nrc20020319.htm --> ftp.xs4all.nl /home/.4/z/zanstra/WWW/nrc nrc20020319.htm
2002.07.07 20:44 A e:\inetpub\wwwroot\xs4all\nrc\nrc20020320.htm --> ftp.xs4all.nl /home/.4/z/zanstra/WWW/nrc nrc20020320.htm
2002.07.07 20:44 A e:\inetpub\wwwroot\xs4all\nrc\nrc20020321.htm --> ftp.xs4all.nl /home/.4/z/zanstra/WWW/nrc nrc20020321.htm
2002.07.07 20:44 A e:\inetpub\wwwroot\xs4all\nrc\nrc20020322.htm --> ftp.xs4all.nl /home/.4/z/zanstra/WWW/nrc nrc20020322.htm
2002.07.07 20:44 A e:\inetpub\wwwroot\xs4all\nrc\nrc20020323.htm --> ftp.xs4all.nl /home/.4/z/zanstra/WWW/nrc nrc20020323.htm
2002.07.07 20:44 A e:\inetpub\wwwroot\xs4all\nrc\nrc20020325.htm --> ftp.xs4all.nl /home/.4/z/zanstra/WWW/nrc nrc20020325.htm
2002.07.07 20:44 A e:\inetpub\wwwroot\xs4all\nrc\nrc20020326.htm --> ftp.xs4all.nl /home/.4/z/zanstra/WWW/nrc nrc20020326.htm
2002.07.07 20:44 A e:\inetpub\wwwroot\xs4all\nrc\nrc20020327.htm --> ftp.xs4all.nl /home/.4/z/zanstra/WWW/nrc nrc20020327.htm
2002.07.07 20:45 A e:\inetpub\wwwroot\xs4all\nrc\nrc20020328.htm --> ftp.xs4all.nl /home/.4/z/zanstra/WWW/nrc nrc20020328.htm
2002.07.07 20:45 A e:\inetpub\wwwroot\xs4all\nrc\nrc20020329.htm --> ftp.xs4all.nl /home/.4/z/zanstra/WWW/nrc nrc20020329.htm
2002.07.07 20:45 A e:\inetpub\wwwroot\xs4all\nrc\nrc20020402.htm --> ftp.xs4all.nl /home/.4/z/zanstra/WWW/nrc nrc20020402.htm
2002.07.07 20:45 A e:\inetpub\wwwroot\xs4all\nrc\nrc20020403.htm --> ftp.xs4all.nl /home/.4/z/zanstra/WWW/nrc nrc20020403.htm
2002.07.07 20:45 A e:\inetpub\wwwroot\xs4all\nrc\nrc20020404.htm --> ftp.xs4all.nl /home/.4/z/zanstra/WWW/nrc nrc20020404.htm
2002.07.07 20:45 A e:\inetpub\wwwroot\xs4all\nrc\nrc20020405.htm --> ftp.xs4all.nl /home/.4/z/zanstra/WWW/nrc nrc20020405.htm
2002.07.07 20:45 A e:\inetpub\wwwroot\xs4all\nrc\nrc20020406.htm --> ftp.xs4all.nl /home/.4/z/zanstra/WWW/nrc nrc20020406.htm
2002.07.07 20:45 A e:\inetpub\wwwroot\xs4all\nrc\nrc20020408.htm --> ftp.xs4all.nl /home/.4/z/zanstra/WWW/nrc nrc20020408.htm
2002.07.07 20:45 A e:\inetpub\wwwroot\xs4all\nrc\nrc20020409.htm --> ftp.xs4all.nl /home/.4/z/zanstra/WWW/nrc nrc20020409.htm
2002.07.07 20:45 A e:\inetpub\wwwroot\xs4all\nrc\nrc20020411.htm --> ftp.xs4all.nl /home/.4/z/zanstra/WWW/nrc nrc20020411.htm
2002.07.07 20:45 A e:\inetpub\wwwroot\xs4all\nrc\nrc20020412.htm --> ftp.xs4all.nl /home/.4/z/zanstra/WWW/nrc nrc20020412.htm
2002.07.07 20:45 A e:\inetpub\wwwroot\xs4all\nrc\nrc20020413.htm --> ftp.xs4all.nl /home/.4/z/zanstra/WWW/nrc nrc20020413.htm
2002.07.07 20:45 A e:\inetpub\wwwroot\xs4all\nrc\nrc20020415.htm --> ftp.xs4all.nl /home/.4/z/zanstra/WWW/nrc nrc20020415.htm
2002.07.07 20:45 A e:\inetpub\wwwroot\xs4all\nrc\nrc20020416.htm --> ftp.xs4all.nl /home/.4/z/zanstra/WWW/nrc nrc20020416.htm
2002.07.07 20:45 A e:\inetpub\wwwroot\xs4all\nrc\nrc20020417.htm --> ftp.xs4all.nl /home/.4/z/zanstra/WWW/nrc nrc20020417.htm
2002.07.07 20:45 A e:\inetpub\wwwroot\xs4all\nrc\nrc20020418.htm --> ftp.xs4all.nl /home/.4/z/zanstra/WWW/nrc nrc20020418.htm
2002.07.07 20:45 A e:\inetpub\wwwroot\xs4all\nrc\nrc20020419.htm --> ftp.xs4all.nl /home/.4/z/zanstra/WWW/nrc nrc20020419.htm
2002.07.07 20:45 A e:\inetpub\wwwroot\xs4all\nrc\nrc20020420.htm --> ftp.xs4all.nl /home/.4/z/zanstra/WWW/nrc nrc20020420.htm
2002.07.07 20:45 A e:\inetpub\wwwroot\xs4all\nrc\nrc20020422.htm --> ftp.xs4all.nl /home/.4/z/zanstra/WWW/nrc nrc20020422.htm
2002.07.07 20:45 A e:\inetpub\wwwroot\xs4all\nrc\nrc20020423.htm --> ftp.xs4all.nl /home/.4/z/zanstra/WWW/nrc nrc20020423.htm
2002.07.07 20:45 A e:\inetpub\wwwroot\xs4all\nrc\nrc20020424.htm --> ftp.xs4all.nl /home/.4/z/zanstra/WWW/nrc nrc20020424.htm
2002.07.07 20:45 A e:\inetpub\wwwroot\xs4all\nrc\nrc20020425.htm --> ftp.xs4all.nl /home/.4/z/zanstra/WWW/nrc nrc20020425.htm
2002.07.07 20:45 A e:\inetpub\wwwroot\xs4all\nrc\nrc20020426.htm --> ftp.xs4all.nl /home/.4/z/zanstra/WWW/nrc nrc20020426.htm
2002.07.07 20:45 A e:\inetpub\wwwroot\xs4all\nrc\nrc20020427.htm --> ftp.xs4all.nl /home/.4/z/zanstra/WWW/nrc nrc20020427.htm
2002.07.07 20:45 A e:\inetpub\wwwroot\xs4all\nrc\nrc20020429.htm --> ftp.xs4all.nl /home/.4/z/zanstra/WWW/nrc nrc20020429.htm
2002.07.07 20:45 A e:\inetpub\wwwroot\xs4all\nrc\nrc20020430.htm --> ftp.xs4all.nl /home/.4/z/zanstra/WWW/nrc nrc20020430.htm
2002.07.07 20:45 A e:\inetpub\wwwroot\xs4all\nrc\nrc20020501.htm --> ftp.xs4all.nl /home/.4/z/zanstra/WWW/nrc nrc20020501.htm
2002.07.07 20:45 A e:\inetpub\wwwroot\xs4all\nrc\nrc20020502.htm --> ftp.xs4all.nl /home/.4/z/zanstra/WWW/nrc nrc20020502.htm
2002.07.07 20:45 A e:\inetpub\wwwroot\xs4all\nrc\nrc20020503.htm --> ftp.xs4all.nl /home/.4/z/zanstra/WWW/nrc nrc20020503.htm
2002.07.07 20:45 A e:\inetpub\wwwroot\xs4all\nrc\nrc20020504.htm --> ftp.xs4all.nl /home/.4/z/zanstra/WWW/nrc nrc20020504.htm
2002.07.07 20:45 A e:\inetpub\wwwroot\xs4all\nrc\nrc20020506.htm --> ftp.xs4all.nl /home/.4/z/zanstra/WWW/nrc nrc20020506.htm
2002.07.07 20:45 A e:\inetpub\wwwroot\xs4all\nrc\nrc20020507.htm --> ftp.xs4all.nl /home/.4/z/zanstra/WWW/nrc nrc20020507.htm
2002.07.07 20:45 A e:\inetpub\wwwroot\xs4all\nrc\nrc20020508.htm --> ftp.xs4all.nl /home/.4/z/zanstra/WWW/nrc nrc20020508.htm
2002.07.07 20:45 A e:\inetpub\wwwroot\xs4all\nrc\nrc20020509.htm --> ftp.xs4all.nl /home/.4/z/zanstra/WWW/nrc nrc20020509.htm
2002.07.07 20:45 A e:\inetpub\wwwroot\xs4all\nrc\nrc20020510.htm --> ftp.xs4all.nl /home/.4/z/zanstra/WWW/nrc nrc20020510.htm
2002.07.07 20:45 A e:\inetpub\wwwroot\xs4all\nrc\nrc20020511.htm --> ftp.xs4all.nl /home/.4/z/zanstra/WWW/nrc nrc20020511.htm
2002.07.07 20:46 A e:\inetpub\wwwroot\xs4all\nrc\nrc20020512.htm --> ftp.xs4all.nl /home/.4/z/zanstra/WWW/nrc nrc20020512.htm
2002.07.07 20:46 A e:\inetpub\wwwroot\xs4all\nrc\nrc20020513.htm --> ftp.xs4all.nl /home/.4/z/zanstra/WWW/nrc nrc20020513.htm
2002.07.07 20:46 A e:\inetpub\wwwroot\xs4all\nrc\nrc20020514.htm --> ftp.xs4all.nl /home/.4/z/zanstra/WWW/nrc nrc20020514.htm
2002.07.07 20:46 A e:\inetpub\wwwroot\xs4all\nrc\nrc20020515.htm --> ftp.xs4all.nl /home/.4/z/zanstra/WWW/nrc nrc20020515.htm
2002.07.07 20:46 A e:\inetpub\wwwroot\xs4all\nrc\nrc20020516.htm --> ftp.xs4all.nl /home/.4/z/zanstra/WWW/nrc nrc20020516.htm
2002.07.07 20:46 A e:\inetpub\wwwroot\xs4all\nrc\nrc20020517.htm --> ftp.xs4all.nl /home/.4/z/zanstra/WWW/nrc nrc20020517.htm
2002.07.07 20:46 A e:\inetpub\wwwroot\xs4all\nrc\nrc20020518.htm --> ftp.xs4all.nl /home/.4/z/zanstra/WWW/nrc nrc20020518.htm
2002.07.07 20:46 A e:\inetpub\wwwroot\xs4all\nrc\nrc20020521.htm --> ftp.xs4all.nl /home/.4/z/zanstra/WWW/nrc nrc20020521.htm
2002.07.07 20:46 A e:\inetpub\wwwroot\xs4all\nrc\nrc20020522.htm --> ftp.xs4all.nl /home/.4/z/zanstra/WWW/nrc nrc20020522.htm
2002.07.07 20:46 A e:\inetpub\wwwroot\xs4all\nrc\nrc20020523.htm --> ftp.xs4all.nl /home/.4/z/zanstra/WWW/nrc nrc20020523.htm
2002.07.07 20:46 A e:\inetpub\wwwroot\xs4all\nrc\nrc20020524.htm --> ftp.xs4all.nl /home/.4/z/zanstra/WWW/nrc nrc20020524.htm
2002.07.07 20:46 A e:\inetpub\wwwroot\xs4all\nrc\nrc20020525.htm --> ftp.xs4all.nl /home/.4/z/zanstra/WWW/nrc nrc20020525.htm
2002.07.07 20:46 A e:\inetpub\wwwroot\xs4all\nrc\nrc20020527.htm --> ftp.xs4all.nl /home/.4/z/zanstra/WWW/nrc nrc20020527.htm
2002.07.07 20:46 A e:\inetpub\wwwroot\xs4all\nrc\nrc20020528.htm --> ftp.xs4all.nl /home/.4/z/zanstra/WWW/nrc nrc20020528.htm
2002.07.07 20:46 A e:\inetpub\wwwroot\xs4all\nrc\nrc20020529.htm --> ftp.xs4all.nl /home/.4/z/zanstra/WWW/nrc nrc20020529.htm
2002.07.07 20:46 A e:\inetpub\wwwroot\xs4all\nrc\nrc20020530.htm --> ftp.xs4all.nl /home/.4/z/zanstra/WWW/nrc nrc20020530.htm
2002.07.07 20:46 A e:\inetpub\wwwroot\xs4all\nrc\nrc20020531.htm --> ftp.xs4all.nl /home/.4/z/zanstra/WWW/nrc nrc20020531.htm
2002.07.07 20:46 A e:\inetpub\wwwroot\xs4all\nrc\nrc20020601.htm --> ftp.xs4all.nl /home/.4/z/zanstra/WWW/nrc nrc20020601.htm
2002.07.07 20:46 A e:\inetpub\wwwroot\xs4all\nrc\nrc20020603.htm --> ftp.xs4all.nl /home/.4/z/zanstra/WWW/nrc nrc20020603.htm
2002.07.07 20:46 A e:\inetpub\wwwroot\xs4all\nrc\nrc20020604.htm --> ftp.xs4all.nl /home/.4/z/zanstra/WWW/nrc nrc20020604.htm
2002.07.07 20:46 A e:\inetpub\wwwroot\xs4all\nrc\nrc20020605.htm --> ftp.xs4all.nl /home/.4/z/zanstra/WWW/nrc nrc20020605.htm
2002.07.07 20:46 A e:\inetpub\wwwroot\xs4all\nrc\nrc20020606.htm --> ftp.xs4all.nl /home/.4/z/zanstra/WWW/nrc nrc20020606.htm
2002.07.07 20:46 A e:\inetpub\wwwroot\xs4all\nrc\nrc20020607.htm --> ftp.xs4all.nl /home/.4/z/zanstra/WWW/nrc nrc20020607.htm
2002.07.07 20:46 A e:\inetpub\wwwroot\xs4all\nrc\nrc20020608.htm --> ftp.xs4all.nl /home/.4/z/zanstra/WWW/nrc nrc20020608.htm
2002.07.07 20:46 A e:\inetpub\wwwroot\xs4all\nrc\nrc20020610.htm --> ftp.xs4all.nl /home/.4/z/zanstra/WWW/nrc nrc20020610.htm
2002.07.07 20:46 A e:\inetpub\wwwroot\xs4all\nrc\nrc20020611.htm --> ftp.xs4all.nl /home/.4/z/zanstra/WWW/nrc nrc20020611.htm
2002.07.07 20:46 A e:\inetpub\wwwroot\xs4all\nrc\nrc20020612.htm --> ftp.xs4all.nl /home/.4/z/zanstra/WWW/nrc nrc20020612.htm
2002.07.07 20:46 A e:\inetpub\wwwroot\xs4all\nrc\nrc20020613.htm --> ftp.xs4all.nl /home/.4/z/zanstra/WWW/nrc nrc20020613.htm
2002.07.07 20:46 A e:\inetpub\wwwroot\xs4all\nrc\nrc20020614.htm --> ftp.xs4all.nl /home/.4/z/zanstra/WWW/nrc nrc20020614.htm
2002.07.07 20:46 A e:\inetpub\wwwroot\xs4all\nrc\nrc20020615.htm --> ftp.xs4all.nl /home/.4/z/zanstra/WWW/nrc nrc20020615.htm
2002.07.07 20:46 A e:\inetpub\wwwroot\xs4all\nrc\nrc20020617.htm --> ftp.xs4all.nl /home/.4/z/zanstra/WWW/nrc nrc20020617.htm
2002.07.07 20:46 A e:\inetpub\wwwroot\xs4all\nrc\nrc20020618.htm --> ftp.xs4all.nl /home/.4/z/zanstra/WWW/nrc nrc20020618.htm
2002.07.07 20:46 A e:\inetpub\wwwroot\xs4all\nrc\nrc20020619.htm --> ftp.xs4all.nl /home/.4/z/zanstra/WWW/nrc nrc20020619.htm
2002.07.07 20:46 A e:\inetpub\wwwroot\xs4all\nrc\nrc20020622.htm --> ftp.xs4all.nl /home/.4/z/zanstra/WWW/nrc nrc20020622.htm
2002.07.07 20:46 A e:\inetpub\wwwroot\xs4all\nrc\nrc20020624.htm --> ftp.xs4all.nl /home/.4/z/zanstra/WWW/nrc nrc20020624.htm
2002.07.07 20:46 A e:\inetpub\wwwroot\xs4all\nrc\nrc20020625.htm --> ftp.xs4all.nl /home/.4/z/zanstra/WWW/nrc nrc20020625.htm
2002.07.07 20:47 A e:\inetpub\wwwroot\xs4all\nrc\nrc20020626.htm --> ftp.xs4all.nl /home/.4/z/zanstra/WWW/nrc nrc20020626.htm
2002.07.07 20:47 A e:\inetpub\wwwroot\xs4all\nrc\nrc20020627.htm --> ftp.xs4all.nl /home/.4/z/zanstra/WWW/nrc nrc20020627.htm
2002.07.07 20:47 A e:\inetpub\wwwroot\xs4all\nrc\nrc20020628.htm --> ftp.xs4all.nl /home/.4/z/zanstra/WWW/nrc nrc20020628.htm
2002.07.07 20:47 A e:\inetpub\wwwroot\xs4all\nrc\nrc20020629.htm --> ftp.xs4all.nl /home/.4/z/zanstra/WWW/nrc nrc20020629.htm
2002.07.07 20:47 A e:\inetpub\wwwroot\xs4all\nrc\nrc20020701.htm --> ftp.xs4all.nl /home/.4/z/zanstra/WWW/nrc nrc20020701.htm
2002.07.07 20:47 A e:\inetpub\wwwroot\xs4all\nrc\nrc20020702.htm --> ftp.xs4all.nl /home/.4/z/zanstra/WWW/nrc nrc20020702.htm
2002.07.07 20:47 A e:\inetpub\wwwroot\xs4all\nrc\nrc20020703.htm --> ftp.xs4all.nl /home/.4/z/zanstra/WWW/nrc nrc20020703.htm
2002.07.07 20:47 A e:\inetpub\wwwroot\xs4all\nrc\nrc20020704.htm --> ftp.xs4all.nl /home/.4/z/zanstra/WWW/nrc nrc20020704.htm
2002.07.07 20:47 A e:\inetpub\wwwroot\xs4all\nrc\nrc20020705.htm --> ftp.xs4all.nl /home/.4/z/zanstra/WWW/nrc nrc20020705.htm
2002.07.07 20:47 A e:\inetpub\wwwroot\xs4all\nrc\nrc20020706.htm --> ftp.xs4all.nl /home/.4/z/zanstra/WWW/nrc nrc20020706.htm
2002.07.07 20:47 A e:\inetpub\wwwroot\xs4all\nrc\replaceCID.js --> ftp.xs4all.nl /home/.4/z/zanstra/WWW/nrc replaceCID.js
