2002.02.07 13:18 A e:\inetpub\wwwroot\xs4all\js\euro.js --> ftp.xs4all.nl /ftp/home/z/zanstra/WWW/js euro.js
2002.02.07 13:18 A e:\inetpub\wwwroot\xs4all\js\get.js --> ftp.xs4all.nl /ftp/home/z/zanstra/WWW/js get.js
2002.02.18 19:27 A e:\inetpub\wwwroot\xs4all\js\euro.js --> ftp.xs4all.nl /ftp/home/z/zanstra/WWW/js euro.js
2002.02.18 19:27 B e:\inetpub\wwwroot\xs4all\js\WS_FTP.LOG --> ftp.xs4all.nl /ftp/home/z/zanstra/WWW/js WS_FTP.LOG
2002.02.18 19:29 A e:\inetpub\wwwroot\xs4all\js\euro.js --> ftp.xs4all.nl /ftp/home/z/zanstra/WWW/js euro.js
2002.02.18 19:29 B e:\inetpub\wwwroot\xs4all\js\WS_FTP.LOG --> ftp.xs4all.nl /ftp/home/z/zanstra/WWW/js WS_FTP.LOG
2002.02.18 19:32 A e:\inetpub\wwwroot\xs4all\js\euro.js --> ftp.xs4all.nl /ftp/home/z/zanstra/WWW/js euro.js
2002.02.18 19:32 B e:\inetpub\wwwroot\xs4all\js\WS_FTP.LOG --> ftp.xs4all.nl /ftp/home/z/zanstra/WWW/js WS_FTP.LOG
2002.02.21 01:13 A e:\inetpub\wwwroot\xs4all\js\euro.js --> ftp.xs4all.nl /ftp/home/z/zanstra/WWW/js euro.js
2002.02.21 01:13 B e:\inetpub\wwwroot\xs4all\js\WS_FTP.LOG --> ftp.xs4all.nl /ftp/home/z/zanstra/WWW/js WS_FTP.LOG
2002.02.25 20:21 A e:\inetpub\wwwroot\xs4all\js\confirm.htm --> ftp.xs4all.nl /ftp/home/z/zanstra/WWW/js confirm.htm
2002.02.25 20:21 A e:\inetpub\wwwroot\xs4all\js\ubbParser.js --> ftp.xs4all.nl /ftp/home/z/zanstra/WWW/js ubbParser.js
2002.02.25 20:21 A e:\inetpub\wwwroot\xs4all\js\uqs.js --> ftp.xs4all.nl /ftp/home/z/zanstra/WWW/js uqs.js
2002.02.25 20:21 B e:\inetpub\wwwroot\xs4all\js\WS_FTP.LOG --> ftp.xs4all.nl /ftp/home/z/zanstra/WWW/js WS_FTP.LOG
2002.03.03 23:41 A e:\inetpub\wwwroot\xs4all\js\usc.js --> ftp.xs4all.nl /ftp/home/z/zanstra/WWW usc.js
2002.03.05 00:06 A e:\inetpub\wwwroot\xs4all\js\colorSyntaxJS.js --> ftp.xs4all.nl /ftp/home/z/zanstra/WWW/js colorSyntaxJS.js
2002.03.05 00:06 A e:\inetpub\wwwroot\xs4all\js\qs.js --> ftp.xs4all.nl /ftp/home/z/zanstra/WWW/js qs.js
2002.03.05 00:06 B e:\inetpub\wwwroot\xs4all\js\WS_FTP.LOG --> ftp.xs4all.nl /ftp/home/z/zanstra/WWW/js WS_FTP.LOG
2002.03.07 00:38 A e:\inetpub\wwwroot\xs4all\js\js2txt.js --> ftp.xs4all.nl /ftp/home/z/zanstra/WWW/js js2txt.js
2002.03.07 00:38 B e:\inetpub\wwwroot\xs4all\js\WS_FTP.LOG --> ftp.xs4all.nl /ftp/home/z/zanstra/WWW/js WS_FTP.LOG
2002.03.27 22:59 A e:\inetpub\wwwroot\xs4all\js\toSource.js --> ftp.xs4all.nl /ftp/home/z/zanstra/WWW/js toSource.js
2002.09.05 00:06 A e:\inetpub\wwwroot\xs4all\js\callerStack.js --> ftp.xs4all.nl /home/.4/z/zanstra/WWW/js callerStack.js
2002.09.05 00:06 A e:\inetpub\wwwroot\xs4all\js\colorSyntaxJS.js --> ftp.xs4all.nl /home/.4/z/zanstra/WWW/js colorSyntaxJS.js
2002.09.05 00:06 A e:\inetpub\wwwroot\xs4all\js\cookie.js --> ftp.xs4all.nl /home/.4/z/zanstra/WWW/js cookie.js
2002.09.05 00:06 A e:\inetpub\wwwroot\xs4all\js\get.js --> ftp.xs4all.nl /home/.4/z/zanstra/WWW/js get.js
2002.09.05 00:06 A e:\inetpub\wwwroot\xs4all\js\listReplace.js --> ftp.xs4all.nl /home/.4/z/zanstra/WWW/js listReplace.js
2002.09.05 00:06 A e:\inetpub\wwwroot\xs4all\js\menu.js --> ftp.xs4all.nl /home/.4/z/zanstra/WWW/js menu.js
2002.09.05 00:06 A e:\inetpub\wwwroot\xs4all\js\qs.js --> ftp.xs4all.nl /home/.4/z/zanstra/WWW/js qs.js
2002.09.05 00:06 A e:\inetpub\wwwroot\xs4all\js\qs_.js --> ftp.xs4all.nl /home/.4/z/zanstra/WWW/js qs_.js
2002.09.05 00:06 A e:\inetpub\wwwroot\xs4all\js\toSource.js --> ftp.xs4all.nl /home/.4/z/zanstra/WWW/js toSource.js
2002.09.05 00:06 B e:\inetpub\wwwroot\xs4all\js\toSource.js.bak --> ftp.xs4all.nl /home/.4/z/zanstra/WWW/js toSource.js.bak
2002.09.05 00:06 B e:\inetpub\wwwroot\xs4all\js\WS_FTP.LOG --> ftp.xs4all.nl /home/.4/z/zanstra/WWW/js WS_FTP.LOG
2002.09.13 18:32 A e:\inetpub\wwwroot\xs4all\js\colorSyntaxJS.css --> ftp.xs4all.nl /home/.4/z/zanstra/WWW/js colorSyntaxJS.css
2002.09.13 18:32 A e:\inetpub\wwwroot\xs4all\js\colorSyntaxJS.js --> ftp.xs4all.nl /home/.4/z/zanstra/WWW/js colorSyntaxJS.js
2002.09.13 18:32 B e:\inetpub\wwwroot\xs4all\js\WS_FTP.LOG --> ftp.xs4all.nl /home/.4/z/zanstra/WWW/js WS_FTP.LOG
2002.10.16 23:48 A e:\inetpub\wwwroot\xs4all\js\toSource.js --> ftp.xs4all.nl /home/.4/z/zanstra/WWW/js toSource.js
2002.10.16 23:48 B e:\inetpub\wwwroot\xs4all\js\toSource.js.bak --> ftp.xs4all.nl /home/.4/z/zanstra/WWW/js toSource.js.bak
2002.10.19 17:02 A e:\inetpub\wwwroot\xs4all\js\toSource.js --> ftp.xs4all.nl /home/.4/z/zanstra/WWW/js toSource.js
2002.10.19 20:49 A e:\inetpub\wwwroot\xs4all\js\colorSyntaxJS.css --> ftp.xs4all.nl /home/.4/z/zanstra/WWW/js colorSyntaxJS.css
2002.10.19 20:49 A e:\inetpub\wwwroot\xs4all\js\colorSyntaxJS.js --> ftp.xs4all.nl /home/.4/z/zanstra/WWW/js colorSyntaxJS.js
2002.10.20 12:53 A e:\inetpub\wwwroot\xs4all\js\colorSyntaxJS.css --> ftp.xs4all.nl /home/.4/z/zanstra/WWW/js colorSyntaxJS.css
2002.10.20 19:42 A e:\inetpub\wwwroot\xs4all\js\colorSyntaxJS.css --> ftp.xs4all.nl /home/.4/z/zanstra/WWW/js colorSyntaxJS.css
2002.10.20 19:43 A e:\inetpub\wwwroot\xs4all\js\colorSyntaxJS.css --> ftp.xs4all.nl /home/.4/z/zanstra/WWW/js colorSyntaxJS.css
2002.10.20 19:43 A e:\inetpub\wwwroot\xs4all\js\colorSyntaxJS.css --> ftp.xs4all.nl /home/.4/z/zanstra/WWW/js colorSyntaxJS.css
2002.10.20 19:46 A e:\inetpub\wwwroot\xs4all\js\colorSyntaxJS.css --> ftp.xs4all.nl /home/.4/z/zanstra/WWW/js colorSyntaxJS.css
2002.10.20 19:46 A e:\inetpub\wwwroot\xs4all\js\colorSyntaxJS.css --> ftp.xs4all.nl /home/.4/z/zanstra/WWW/js colorSyntaxJS.css
2002.10.20 19:47 A e:\inetpub\wwwroot\xs4all\js\colorSyntaxJS.css --> ftp.xs4all.nl /home/.4/z/zanstra/WWW/js colorSyntaxJS.css
2002.10.20 19:47 A e:\inetpub\wwwroot\xs4all\js\colorSyntaxJS.css --> ftp.xs4all.nl /home/.4/z/zanstra/WWW/js colorSyntaxJS.css
2002.10.20 19:48 A e:\inetpub\wwwroot\xs4all\js\colorSyntaxJS.css --> ftp.xs4all.nl /home/.4/z/zanstra/WWW/js colorSyntaxJS.css
2002.10.20 19:49 A e:\inetpub\wwwroot\xs4all\js\colorSyntaxJS.css --> ftp.xs4all.nl /home/.4/z/zanstra/WWW/js colorSyntaxJS.css
2002.10.20 22:05 A e:\inetpub\wwwroot\xs4all\js\colorSyntaxJS.css --> ftp.xs4all.nl /home/.4/z/zanstra/WWW/js colorSyntaxJS.css
2002.10.20 22:05 A e:\inetpub\wwwroot\xs4all\js\colorSyntaxJS.css --> ftp.xs4all.nl /home/.4/z/zanstra/WWW/js colorSyntaxJS.css
2002.10.20 22:06 A e:\inetpub\wwwroot\xs4all\js\colorSyntaxJS.css --> ftp.xs4all.nl /home/.4/z/zanstra/WWW/js colorSyntaxJS.css
2002.10.20 22:07 A e:\inetpub\wwwroot\xs4all\js\colorSyntaxJS.css --> ftp.xs4all.nl /home/.4/z/zanstra/WWW/js colorSyntaxJS.css
2002.10.20 22:07 A e:\inetpub\wwwroot\xs4all\js\colorSyntaxJS.css --> ftp.xs4all.nl /home/.4/z/zanstra/WWW/js colorSyntaxJS.css
2002.10.20 22:08 A e:\inetpub\wwwroot\xs4all\js\colorSyntaxJS.css --> ftp.xs4all.nl /home/.4/z/zanstra/WWW/js colorSyntaxJS.css
2002.10.20 22:10 A e:\inetpub\wwwroot\xs4all\js\colorSyntaxJS.css --> ftp.xs4all.nl /home/.4/z/zanstra/WWW/js colorSyntaxJS.css
2002.10.20 22:10 A e:\inetpub\wwwroot\xs4all\js\colorSyntaxJS.css --> ftp.xs4all.nl /home/.4/z/zanstra/WWW/js colorSyntaxJS.css
2002.10.20 22:40 A e:\inetpub\wwwroot\xs4all\js\colorSyntaxJS.css --> ftp.xs4all.nl /home/.4/z/zanstra/WWW/js colorSyntaxJS.css
2002.10.28 21:10 A e:\inetpub\wwwroot\xs4all\js\telNr.js --> ftp.xs4all.nl /home/.5/z/zanstra/WWW/js telNr.js
2002.10.31 21:34 A e:\inetpub\wwwroot\xs4all\js\colorSyntaxJS.js --> ftp.xs4all.nl /home/.5/z/zanstra/WWW/js colorSyntaxJS.js
2002.10.31 21:34 B e:\inetpub\wwwroot\xs4all\js\WS_FTP.LOG --> ftp.xs4all.nl /home/.5/z/zanstra/WWW/js WS_FTP.LOG
2002.12.18 21:50 A E:\Inetpub\wwwroot\xs4all\js\stats.js --> ftp.xs4all.nl /home/.5/z/zanstra/WWW/js stats.js
2002.12.23 22:52 A E:\Inetpub\wwwroot\xs4all\js\stats.js --> ftp.xs4all.nl /home/.5/z/zanstra/WWW/js stats.js
2003.02.28 22:00 A E:\Inetpub\wwwroot\xs4all\js\cstats.js --> ftp.xs4all.nl /home/.5/z/zanstra/WWW/js cstats.js
2003.02.28 22:50 A E:\Inetpub\wwwroot\xs4all\js\qs.js --> ftp.xs4all.nl /home/.5/z/zanstra/WWW/js qs.js
2003.02.28 22:50 A E:\Inetpub\wwwroot\xs4all\js\cstats.js --> ftp.xs4all.nl /home/.5/z/zanstra/WWW/js cstats.js
2003.03.31 22:57 A E:\Inetpub\wwwroot\xs4all\js\callerStack.js --> ftp.xs4all.nl /home/.5/z/zanstra/WWW/js callerStack.js
2003.03.31 22:57 A E:\Inetpub\wwwroot\xs4all\js\colorSyntaxJS.css --> ftp.xs4all.nl /home/.5/z/zanstra/WWW/js colorSyntaxJS.css
2003.03.31 22:57 A E:\Inetpub\wwwroot\xs4all\js\colorSyntaxJS.js --> ftp.xs4all.nl /home/.5/z/zanstra/WWW/js colorSyntaxJS.js
2003.03.31 22:57 A E:\Inetpub\wwwroot\xs4all\js\cookie.js --> ftp.xs4all.nl /home/.5/z/zanstra/WWW/js cookie.js
2003.03.31 22:57 A E:\Inetpub\wwwroot\xs4all\js\cstats.js --> ftp.xs4all.nl /home/.5/z/zanstra/WWW/js cstats.js
2003.03.31 22:57 A E:\Inetpub\wwwroot\xs4all\js\get.js --> ftp.xs4all.nl /home/.5/z/zanstra/WWW/js get.js
2003.03.31 22:57 A E:\Inetpub\wwwroot\xs4all\js\listReplace.js --> ftp.xs4all.nl /home/.5/z/zanstra/WWW/js listReplace.js
2003.03.31 22:57 A E:\Inetpub\wwwroot\xs4all\js\qs.js --> ftp.xs4all.nl /home/.5/z/zanstra/WWW/js qs.js
2003.03.31 22:57 A E:\Inetpub\wwwroot\xs4all\js\telNr.js --> ftp.xs4all.nl /home/.5/z/zanstra/WWW/js telNr.js
2003.03.31 22:57 A E:\Inetpub\wwwroot\xs4all\js\toSource.js --> ftp.xs4all.nl /home/.5/z/zanstra/WWW/js toSource.js
2003.03.31 22:57 A E:\Inetpub\wwwroot\xs4all\js\ubbParser.js --> ftp.xs4all.nl /home/.5/z/zanstra/WWW/js ubbParser.js
2003.03.31 22:57 A E:\Inetpub\wwwroot\xs4all\js\window.js --> ftp.xs4all.nl /home/.5/z/zanstra/WWW/js window.js
