2000.02.13 19:42 B C:\inetpub\wwwroot\olrik\javaScriptMan\postTool\cookie.js --> ftp.dds.nl /www/javaScriptMan/postTool cookie.js
2000.02.13 19:42 B C:\inetpub\wwwroot\olrik\javaScriptMan\postTool\coolPostTool.css --> ftp.dds.nl /www/javaScriptMan/postTool coolPostTool.css
2000.02.13 19:42 B C:\inetpub\wwwroot\olrik\javaScriptMan\postTool\dullPostTool.htm --> ftp.dds.nl /www/javaScriptMan/postTool dullPostTool.htm
2000.02.13 19:42 B C:\inetpub\wwwroot\olrik\javaScriptMan\postTool\index.htm --> ftp.dds.nl /www/javaScriptMan/postTool index.htm
2000.02.13 19:42 B C:\inetpub\wwwroot\olrik\javaScriptMan\postTool\jsPostTool.asp --> ftp.dds.nl /www/javaScriptMan/postTool jsPostTool.asp
2000.02.13 19:42 B C:\inetpub\wwwroot\olrik\javaScriptMan\postTool\postTool.asp --> ftp.dds.nl /www/javaScriptMan/postTool postTool.asp
2000.02.13 19:42 B C:\inetpub\wwwroot\olrik\javaScriptMan\postTool\postTool.htm --> ftp.dds.nl /www/javaScriptMan/postTool postTool.htm
2000.02.13 19:42 B C:\inetpub\wwwroot\olrik\javaScriptMan\postTool\saveForm.htm --> ftp.dds.nl /www/javaScriptMan/postTool saveForm.htm
2000.02.20 23:08 B C:\inetpub\wwwroot\olrik\javaScriptMan\postTool\index.htm --> ftp.dds.nl /www/javaScriptMan/postTool index.htm
2000.02.20 23:08 B C:\inetpub\wwwroot\olrik\javaScriptMan\postTool\postTool.htm --> ftp.dds.nl /www/javaScriptMan/postTool postTool.htm
2000.02.20 23:09 B C:\inetpub\wwwroot\olrik\javaScriptMan\postTool\saveForm.htm --> ftp.dds.nl /www/javaScriptMan/postTool saveForm.htm
2000.02.20 23:09 B C:\inetpub\wwwroot\olrik\javaScriptMan\postTool\vbPostTool.asp --> ftp.dds.nl /www/javaScriptMan/postTool vbPostTool.asp
2001.04.21 00:39 B I:\Inetpub\wwwroot\xs4all\dds.arc\javaScriptMan\postTool\WS_FTP.LOG <-- dds /www/javaScriptMan/postTool WS_FTP.LOG
2001.04.21 01:49 B I:\Inetpub\wwwroot\xs4all\dds.arc\javaScriptMan\postTool\cookie.js --> ftp.xs4all.nl /home/z/zanstra/WWW/dds.arc/javaScriptMan/postTool cookie.js
2001.04.21 01:49 B I:\Inetpub\wwwroot\xs4all\dds.arc\javaScriptMan\postTool\coolPostTool.css --> ftp.xs4all.nl /home/z/zanstra/WWW/dds.arc/javaScriptMan/postTool coolPostTool.css
2001.04.21 01:49 B I:\Inetpub\wwwroot\xs4all\dds.arc\javaScriptMan\postTool\dullPostTool.htm --> ftp.xs4all.nl /home/z/zanstra/WWW/dds.arc/javaScriptMan/postTool dullPostTool.htm
2001.04.21 01:49 B I:\Inetpub\wwwroot\xs4all\dds.arc\javaScriptMan\postTool\index.htm --> ftp.xs4all.nl /home/z/zanstra/WWW/dds.arc/javaScriptMan/postTool index.htm
2001.04.21 01:49 B I:\Inetpub\wwwroot\xs4all\dds.arc\javaScriptMan\postTool\jsPostTool.asp --> ftp.xs4all.nl /home/z/zanstra/WWW/dds.arc/javaScriptMan/postTool jsPostTool.asp
2001.04.21 01:49 B I:\Inetpub\wwwroot\xs4all\dds.arc\javaScriptMan\postTool\postTool.asp --> ftp.xs4all.nl /home/z/zanstra/WWW/dds.arc/javaScriptMan/postTool postTool.asp
2001.04.21 01:49 B I:\Inetpub\wwwroot\xs4all\dds.arc\javaScriptMan\postTool\postTool.htm --> ftp.xs4all.nl /home/z/zanstra/WWW/dds.arc/javaScriptMan/postTool postTool.htm
2001.04.21 01:49 B I:\Inetpub\wwwroot\xs4all\dds.arc\javaScriptMan\postTool\saveForm.htm --> ftp.xs4all.nl /home/z/zanstra/WWW/dds.arc/javaScriptMan/postTool saveForm.htm
2001.04.21 01:49 B I:\Inetpub\wwwroot\xs4all\dds.arc\javaScriptMan\postTool\vbPostTool.asp --> ftp.xs4all.nl /home/z/zanstra/WWW/dds.arc/javaScriptMan/postTool vbPostTool.asp
