2002.10.31 21:34 A e:\inetpub\wwwroot\xs4all\xsl\dates.xml --> ftp.xs4all.nl /home/.5/z/zanstra/WWW/xsl dates.xml
2002.10.31 21:34 A e:\inetpub\wwwroot\xs4all\xsl\dates.xsl --> ftp.xs4all.nl /home/.5/z/zanstra/WWW/xsl dates.xsl
2002.10.31 21:34 A e:\inetpub\wwwroot\xs4all\xsl\webLog.css --> ftp.xs4all.nl /home/.5/z/zanstra/WWW/xsl webLog.css
2002.10.31 21:34 A e:\inetpub\wwwroot\xs4all\xsl\webLog.xsl --> ftp.xs4all.nl /home/.5/z/zanstra/WWW/xsl webLog.xsl
2003.02.14 23:54 A E:\Inetpub\wwwroot\xs4all\xsl\webLog.css --> ftp.xs4all.nl /home/.5/z/zanstra/WWW/xsl webLog.css
2003.02.14 23:54 A E:\Inetpub\wwwroot\xs4all\xsl\webLog.xsl --> ftp.xs4all.nl /home/.5/z/zanstra/WWW/xsl webLog.xsl
2003.02.14 23:54 B E:\Inetpub\wwwroot\xs4all\xsl\WS_FTP.LOG --> ftp.xs4all.nl /home/.5/z/zanstra/WWW/xsl WS_FTP.LOG
2003.08.19 22:50 A E:\Inetpub\wwwroot\xs4all\xsl\Copy of webLog.xsl --> ftp.xs4all.nl /home/.5/z/zanstra/WWW/xsl Copy of webLog.xsl
2003.08.19 22:50 A E:\Inetpub\wwwroot\xs4all\xsl\jsmLib.xsl --> ftp.xs4all.nl /home/.5/z/zanstra/WWW/xsl jsmLib.xsl
2003.08.19 22:50 A E:\Inetpub\wwwroot\xs4all\xsl\jsmLib_lib.xsl --> ftp.xs4all.nl /home/.5/z/zanstra/WWW/xsl jsmLib_lib.xsl
2003.08.19 22:50 A E:\Inetpub\wwwroot\xs4all\xsl\webLog.css --> ftp.xs4all.nl /home/.5/z/zanstra/WWW/xsl webLog.css
2003.08.19 22:50 A E:\Inetpub\wwwroot\xs4all\xsl\webLog.xsl --> ftp.xs4all.nl /home/.5/z/zanstra/WWW/xsl webLog.xsl
2003.08.19 22:50 B E:\Inetpub\wwwroot\xs4all\xsl\WS_FTP.LOG --> ftp.xs4all.nl /home/.5/z/zanstra/WWW/xsl WS_FTP.LOG
2003.10.07 10:44 A E:\Inetpub\wwwroot\xs4all\xsl\jsmLib.xsl --> ftp.xs4all.nl /home/.5/z/zanstra/WWW/xsl jsmLib.xsl
2003.10.07 10:44 A E:\Inetpub\wwwroot\xs4all\xsl\jsmLib_lib.xsl --> ftp.xs4all.nl /home/.5/z/zanstra/WWW/xsl jsmLib_lib.xsl
2003.10.07 10:44 A E:\Inetpub\wwwroot\xs4all\xsl\webLog.css --> ftp.xs4all.nl /home/.5/z/zanstra/WWW/xsl webLog.css
2003.10.07 10:44 A E:\Inetpub\wwwroot\xs4all\xsl\webLog.xsl --> ftp.xs4all.nl /home/.5/z/zanstra/WWW/xsl webLog.xsl
2003.10.07 10:44 B E:\Inetpub\wwwroot\xs4all\xsl\WS_FTP.LOG --> ftp.xs4all.nl /home/.5/z/zanstra/WWW/xsl WS_FTP.LOG
2003.10.07 18:23 A E:\Inetpub\wwwroot\xs4all\xsl\webLog.xsl --> ftp.xs4all.nl /home/.5/z/zanstra/WWW/xsl webLog.xsl
2003.10.07 18:23 B E:\Inetpub\wwwroot\xs4all\xsl\WS_FTP.LOG --> ftp.xs4all.nl /home/.5/z/zanstra/WWW/xsl WS_FTP.LOG
2003.10.07 18:36 A E:\Inetpub\wwwroot\xs4all\xsl\webLog.css --> ftp.xs4all.nl /home/.5/z/zanstra/WWW/xsl webLog.css
2003.10.07 18:36 A E:\Inetpub\wwwroot\xs4all\xsl\webLog.xsl --> ftp.xs4all.nl /home/.5/z/zanstra/WWW/xsl webLog.xsl
2003.10.07 18:36 B E:\Inetpub\wwwroot\xs4all\xsl\WS_FTP.LOG --> ftp.xs4all.nl /home/.5/z/zanstra/WWW/xsl WS_FTP.LOG
2003.10.07 18:51 A E:\Inetpub\wwwroot\xs4all\xsl\webLog.css --> ftp.xs4all.nl /home/.5/z/zanstra/WWW/xsl webLog.css
2003.10.07 18:51 A E:\Inetpub\wwwroot\xs4all\xsl\webLog.xsl --> ftp.xs4all.nl /home/.5/z/zanstra/WWW/xsl webLog.xsl
2003.10.07 18:51 B E:\Inetpub\wwwroot\xs4all\xsl\WS_FTP.LOG --> ftp.xs4all.nl /home/.5/z/zanstra/WWW/xsl WS_FTP.LOG
2005.04.16 00:16 A D:\wwwroot\xs4all\xsl\webLog.xsl --> ftp.xs4all.nl /home/.5/z/zanstra/WWW/xsl webLog.xsl
2005.04.16 00:16 A D:\wwwroot\xs4all\xsl\webLog.css --> ftp.xs4all.nl /home/.5/z/zanstra/WWW/xsl webLog.css
2005.10.26 23:25 A D:\wwwroot\xs4all\xsl\jsmLib.xsl --> ftp.xs4all.nl /home/.2/z/zanstra/WWW/xsl jsmLib.xsl
2005.10.26 23:25 A D:\wwwroot\xs4all\xsl\webLog.css --> ftp.xs4all.nl /home/.2/z/zanstra/WWW/xsl webLog.css
2005.10.26 23:25 A D:\wwwroot\xs4all\xsl\webLog.xsl --> ftp.xs4all.nl /home/.2/z/zanstra/WWW/xsl webLog.xsl
