2001.04.21 00:39 B I:\Inetpub\wwwroot\xs4all\dds.arc\miniwebventure\icons\computer.gif <-- dds /www/miniwebventure/icons computer.gif
2001.04.21 00:39 B I:\Inetpub\wwwroot\xs4all\dds.arc\miniwebventure\icons\computer.htm <-- dds /www/miniwebventure/icons computer.htm
2001.04.21 00:39 B I:\Inetpub\wwwroot\xs4all\dds.arc\miniwebventure\icons\dice.gif <-- dds /www/miniwebventure/icons dice.gif
2001.04.21 00:39 B I:\Inetpub\wwwroot\xs4all\dds.arc\miniwebventure\icons\dice.htm <-- dds /www/miniwebventure/icons dice.htm
2001.04.21 00:39 B I:\Inetpub\wwwroot\xs4all\dds.arc\miniwebventure\icons\divider.gif <-- dds /www/miniwebventure/icons divider.gif
2001.04.21 00:39 B I:\Inetpub\wwwroot\xs4all\dds.arc\miniwebventure\icons\empty.gif <-- dds /www/miniwebventure/icons empty.gif
2001.04.21 00:39 B I:\Inetpub\wwwroot\xs4all\dds.arc\miniwebventure\icons\empty.htm <-- dds /www/miniwebventure/icons empty.htm
2001.04.21 00:39 B I:\Inetpub\wwwroot\xs4all\dds.arc\miniwebventure\icons\inventory.htm <-- dds /www/miniwebventure/icons inventory.htm
2001.04.21 00:39 B I:\Inetpub\wwwroot\xs4all\dds.arc\miniwebventure\icons\key_lock.gif <-- dds /www/miniwebventure/icons key_lock.gif
2001.04.21 00:39 B I:\Inetpub\wwwroot\xs4all\dds.arc\miniwebventure\icons\key_lock.htm <-- dds /www/miniwebventure/icons key_lock.htm
2001.04.21 00:39 B I:\Inetpub\wwwroot\xs4all\dds.arc\miniwebventure\icons\keyboard.gif <-- dds /www/miniwebventure/icons keyboard.gif
2001.04.21 00:39 B I:\Inetpub\wwwroot\xs4all\dds.arc\miniwebventure\icons\keyboard.htm <-- dds /www/miniwebventure/icons keyboard.htm
2001.04.21 00:39 B I:\Inetpub\wwwroot\xs4all\dds.arc\miniwebventure\icons\medkit.gif <-- dds /www/miniwebventure/icons medkit.gif
2001.04.21 00:39 B I:\Inetpub\wwwroot\xs4all\dds.arc\miniwebventure\icons\medkit.htm <-- dds /www/miniwebventure/icons medkit.htm
2001.04.21 00:39 B I:\Inetpub\wwwroot\xs4all\dds.arc\miniwebventure\icons\money.gif <-- dds /www/miniwebventure/icons money.gif
2001.04.21 00:39 B I:\Inetpub\wwwroot\xs4all\dds.arc\miniwebventure\icons\money.htm <-- dds /www/miniwebventure/icons money.htm
2001.04.21 00:39 B I:\Inetpub\wwwroot\xs4all\dds.arc\miniwebventure\icons\note.gif <-- dds /www/miniwebventure/icons note.gif
2001.04.21 00:39 B I:\Inetpub\wwwroot\xs4all\dds.arc\miniwebventure\icons\note.htm <-- dds /www/miniwebventure/icons note.htm
2001.04.21 00:39 B I:\Inetpub\wwwroot\xs4all\dds.arc\miniwebventure\icons\pencil.gif <-- dds /www/miniwebventure/icons pencil.gif
2001.04.21 00:39 B I:\Inetpub\wwwroot\xs4all\dds.arc\miniwebventure\icons\pencil.htm <-- dds /www/miniwebventure/icons pencil.htm
2001.04.21 00:39 B I:\Inetpub\wwwroot\xs4all\dds.arc\miniwebventure\icons\symbol.gif <-- dds /www/miniwebventure/icons symbol.gif
2001.04.21 00:39 B I:\Inetpub\wwwroot\xs4all\dds.arc\miniwebventure\icons\symbol.htm <-- dds /www/miniwebventure/icons symbol.htm
2001.04.21 01:49 B I:\Inetpub\wwwroot\xs4all\dds.arc\miniwebventure\icons\computer.gif --> ftp.xs4all.nl /home/z/zanstra/WWW/dds.arc/miniwebventure/icons computer.gif
2001.04.21 01:49 B I:\Inetpub\wwwroot\xs4all\dds.arc\miniwebventure\icons\computer.htm --> ftp.xs4all.nl /home/z/zanstra/WWW/dds.arc/miniwebventure/icons computer.htm
2001.04.21 01:49 B I:\Inetpub\wwwroot\xs4all\dds.arc\miniwebventure\icons\dice.gif --> ftp.xs4all.nl /home/z/zanstra/WWW/dds.arc/miniwebventure/icons dice.gif
2001.04.21 01:49 B I:\Inetpub\wwwroot\xs4all\dds.arc\miniwebventure\icons\dice.htm --> ftp.xs4all.nl /home/z/zanstra/WWW/dds.arc/miniwebventure/icons dice.htm
2001.04.21 01:49 B I:\Inetpub\wwwroot\xs4all\dds.arc\miniwebventure\icons\divider.gif --> ftp.xs4all.nl /home/z/zanstra/WWW/dds.arc/miniwebventure/icons divider.gif
2001.04.21 01:49 B I:\Inetpub\wwwroot\xs4all\dds.arc\miniwebventure\icons\empty.gif --> ftp.xs4all.nl /home/z/zanstra/WWW/dds.arc/miniwebventure/icons empty.gif
2001.04.21 01:49 B I:\Inetpub\wwwroot\xs4all\dds.arc\miniwebventure\icons\empty.htm --> ftp.xs4all.nl /home/z/zanstra/WWW/dds.arc/miniwebventure/icons empty.htm
2001.04.21 01:49 B I:\Inetpub\wwwroot\xs4all\dds.arc\miniwebventure\icons\inventory.htm --> ftp.xs4all.nl /home/z/zanstra/WWW/dds.arc/miniwebventure/icons inventory.htm
2001.04.21 01:49 B I:\Inetpub\wwwroot\xs4all\dds.arc\miniwebventure\icons\key_lock.gif --> ftp.xs4all.nl /home/z/zanstra/WWW/dds.arc/miniwebventure/icons key_lock.gif
2001.04.21 01:49 B I:\Inetpub\wwwroot\xs4all\dds.arc\miniwebventure\icons\key_lock.htm --> ftp.xs4all.nl /home/z/zanstra/WWW/dds.arc/miniwebventure/icons key_lock.htm
2001.04.21 01:49 B I:\Inetpub\wwwroot\xs4all\dds.arc\miniwebventure\icons\keyboard.gif --> ftp.xs4all.nl /home/z/zanstra/WWW/dds.arc/miniwebventure/icons keyboard.gif
2001.04.21 01:49 B I:\Inetpub\wwwroot\xs4all\dds.arc\miniwebventure\icons\keyboard.htm --> ftp.xs4all.nl /home/z/zanstra/WWW/dds.arc/miniwebventure/icons keyboard.htm
2001.04.21 01:49 B I:\Inetpub\wwwroot\xs4all\dds.arc\miniwebventure\icons\medkit.gif --> ftp.xs4all.nl /home/z/zanstra/WWW/dds.arc/miniwebventure/icons medkit.gif
2001.04.21 01:49 B I:\Inetpub\wwwroot\xs4all\dds.arc\miniwebventure\icons\medkit.htm --> ftp.xs4all.nl /home/z/zanstra/WWW/dds.arc/miniwebventure/icons medkit.htm
2001.04.21 01:49 B I:\Inetpub\wwwroot\xs4all\dds.arc\miniwebventure\icons\money.gif --> ftp.xs4all.nl /home/z/zanstra/WWW/dds.arc/miniwebventure/icons money.gif
2001.04.21 01:49 B I:\Inetpub\wwwroot\xs4all\dds.arc\miniwebventure\icons\money.htm --> ftp.xs4all.nl /home/z/zanstra/WWW/dds.arc/miniwebventure/icons money.htm
2001.04.21 01:49 B I:\Inetpub\wwwroot\xs4all\dds.arc\miniwebventure\icons\note.gif --> ftp.xs4all.nl /home/z/zanstra/WWW/dds.arc/miniwebventure/icons note.gif
2001.04.21 01:49 B I:\Inetpub\wwwroot\xs4all\dds.arc\miniwebventure\icons\note.htm --> ftp.xs4all.nl /home/z/zanstra/WWW/dds.arc/miniwebventure/icons note.htm
2001.04.21 01:49 B I:\Inetpub\wwwroot\xs4all\dds.arc\miniwebventure\icons\pencil.gif --> ftp.xs4all.nl /home/z/zanstra/WWW/dds.arc/miniwebventure/icons pencil.gif
2001.04.21 01:49 B I:\Inetpub\wwwroot\xs4all\dds.arc\miniwebventure\icons\pencil.htm --> ftp.xs4all.nl /home/z/zanstra/WWW/dds.arc/miniwebventure/icons pencil.htm
2001.04.21 01:49 B I:\Inetpub\wwwroot\xs4all\dds.arc\miniwebventure\icons\symbol.gif --> ftp.xs4all.nl /home/z/zanstra/WWW/dds.arc/miniwebventure/icons symbol.gif
2001.04.21 01:49 B I:\Inetpub\wwwroot\xs4all\dds.arc\miniwebventure\icons\symbol.htm --> ftp.xs4all.nl /home/z/zanstra/WWW/dds.arc/miniwebventure/icons symbol.htm
