2001.04.21 00:39 B I:\Inetpub\wwwroot\xs4all\dds.arc\miniwebventure\all_middle.htm <-- dds /www/miniwebventure all_middle.htm
2001.04.21 00:39 B I:\Inetpub\wwwroot\xs4all\dds.arc\miniwebventure\all_north.htm <-- dds /www/miniwebventure all_north.htm
2001.04.21 00:39 B I:\Inetpub\wwwroot\xs4all\dds.arc\miniwebventure\all_south.htm <-- dds /www/miniwebventure all_south.htm
2001.04.21 00:39 B I:\Inetpub\wwwroot\xs4all\dds.arc\miniwebventure\banana.htm <-- dds /www/miniwebventure banana.htm
2001.04.21 00:39 B I:\Inetpub\wwwroot\xs4all\dds.arc\miniwebventure\doeke.htm <-- dds /www/miniwebventure doeke.htm
2001.04.21 00:39 B I:\Inetpub\wwwroot\xs4all\dds.arc\miniwebventure\empty.htm <-- dds /www/miniwebventure empty.htm
2001.04.21 00:39 B I:\Inetpub\wwwroot\xs4all\dds.arc\miniwebventure\entrance.htm <-- dds /www/miniwebventure entrance.htm
2001.04.21 00:39 A I:\Inetpub\wwwroot\xs4all\dds.arc\miniwebventure\gif_error_info.txt <-- dds /www/miniwebventure gif_error_info.txt
2001.04.21 00:39 B I:\Inetpub\wwwroot\xs4all\dds.arc\miniwebventure\go_down.htm <-- dds /www/miniwebventure go_down.htm
2001.04.21 00:40 B I:\Inetpub\wwwroot\xs4all\dds.arc\miniwebventure\go_up.htm <-- dds /www/miniwebventure go_up.htm
2001.04.21 00:40 B I:\Inetpub\wwwroot\xs4all\dds.arc\miniwebventure\goingdown.htm <-- dds /www/miniwebventure goingdown.htm
2001.04.21 00:40 B I:\Inetpub\wwwroot\xs4all\dds.arc\miniwebventure\halleast.htm <-- dds /www/miniwebventure halleast.htm
2001.04.21 00:40 B I:\Inetpub\wwwroot\xs4all\dds.arc\miniwebventure\hallwest.htm <-- dds /www/miniwebventure hallwest.htm
2001.04.21 00:40 B I:\Inetpub\wwwroot\xs4all\dds.arc\miniwebventure\index.htm <-- dds /www/miniwebventure index.htm
2001.04.21 00:40 B I:\Inetpub\wwwroot\xs4all\dds.arc\miniwebventure\inventory.htm <-- dds /www/miniwebventure inventory.htm
2001.04.21 00:40 B I:\Inetpub\wwwroot\xs4all\dds.arc\miniwebventure\kitchen.htm <-- dds /www/miniwebventure kitchen.htm
2001.04.21 00:40 B I:\Inetpub\wwwroot\xs4all\dds.arc\miniwebventure\koop.htm <-- dds /www/miniwebventure koop.htm
2001.04.21 00:40 B I:\Inetpub\wwwroot\xs4all\dds.arc\miniwebventure\looknote.htm <-- dds /www/miniwebventure looknote.htm
2001.04.21 00:40 B I:\Inetpub\wwwroot\xs4all\dds.arc\miniwebventure\msg_1.htm <-- dds /www/miniwebventure msg_1.htm
2001.04.21 00:40 B I:\Inetpub\wwwroot\xs4all\dds.arc\miniwebventure\msg_2.htm <-- dds /www/miniwebventure msg_2.htm
2001.04.21 00:40 B I:\Inetpub\wwwroot\xs4all\dds.arc\miniwebventure\nothing.htm <-- dds /www/miniwebventure nothing.htm
2001.04.21 00:40 B I:\Inetpub\wwwroot\xs4all\dds.arc\miniwebventure\outside.htm <-- dds /www/miniwebventure outside.htm
2001.04.21 00:40 B I:\Inetpub\wwwroot\xs4all\dds.arc\miniwebventure\shower.htm <-- dds /www/miniwebventure shower.htm
2001.04.21 00:40 B I:\Inetpub\wwwroot\xs4all\dds.arc\miniwebventure\tempty.htm <-- dds /www/miniwebventure tempty.htm
2001.04.21 00:40 B I:\Inetpub\wwwroot\xs4all\dds.arc\miniwebventure\toilet.htm <-- dds /www/miniwebventure toilet.htm
2001.04.21 01:49 B I:\Inetpub\wwwroot\xs4all\dds.arc\miniwebventure\all_middle.htm --> ftp.xs4all.nl /home/z/zanstra/WWW/dds.arc/miniwebventure all_middle.htm
2001.04.21 01:49 B I:\Inetpub\wwwroot\xs4all\dds.arc\miniwebventure\all_north.htm --> ftp.xs4all.nl /home/z/zanstra/WWW/dds.arc/miniwebventure all_north.htm
2001.04.21 01:49 B I:\Inetpub\wwwroot\xs4all\dds.arc\miniwebventure\all_south.htm --> ftp.xs4all.nl /home/z/zanstra/WWW/dds.arc/miniwebventure all_south.htm
2001.04.21 01:49 B I:\Inetpub\wwwroot\xs4all\dds.arc\miniwebventure\banana.htm --> ftp.xs4all.nl /home/z/zanstra/WWW/dds.arc/miniwebventure banana.htm
2001.04.21 01:49 B I:\Inetpub\wwwroot\xs4all\dds.arc\miniwebventure\doeke.htm --> ftp.xs4all.nl /home/z/zanstra/WWW/dds.arc/miniwebventure doeke.htm
2001.04.21 01:49 B I:\Inetpub\wwwroot\xs4all\dds.arc\miniwebventure\empty.htm --> ftp.xs4all.nl /home/z/zanstra/WWW/dds.arc/miniwebventure empty.htm
2001.04.21 01:49 B I:\Inetpub\wwwroot\xs4all\dds.arc\miniwebventure\entrance.htm --> ftp.xs4all.nl /home/z/zanstra/WWW/dds.arc/miniwebventure entrance.htm
2001.04.21 01:49 B I:\Inetpub\wwwroot\xs4all\dds.arc\miniwebventure\gif_error_info.txt --> ftp.xs4all.nl /home/z/zanstra/WWW/dds.arc/miniwebventure gif_error_info.txt
2001.04.21 01:49 B I:\Inetpub\wwwroot\xs4all\dds.arc\miniwebventure\go_down.htm --> ftp.xs4all.nl /home/z/zanstra/WWW/dds.arc/miniwebventure go_down.htm
2001.04.21 01:49 B I:\Inetpub\wwwroot\xs4all\dds.arc\miniwebventure\go_up.htm --> ftp.xs4all.nl /home/z/zanstra/WWW/dds.arc/miniwebventure go_up.htm
2001.04.21 01:49 B I:\Inetpub\wwwroot\xs4all\dds.arc\miniwebventure\goingdown.htm --> ftp.xs4all.nl /home/z/zanstra/WWW/dds.arc/miniwebventure goingdown.htm
2001.04.21 01:49 B I:\Inetpub\wwwroot\xs4all\dds.arc\miniwebventure\halleast.htm --> ftp.xs4all.nl /home/z/zanstra/WWW/dds.arc/miniwebventure halleast.htm
2001.04.21 01:49 B I:\Inetpub\wwwroot\xs4all\dds.arc\miniwebventure\hallwest.htm --> ftp.xs4all.nl /home/z/zanstra/WWW/dds.arc/miniwebventure hallwest.htm
2001.04.21 01:49 B I:\Inetpub\wwwroot\xs4all\dds.arc\miniwebventure\index.htm --> ftp.xs4all.nl /home/z/zanstra/WWW/dds.arc/miniwebventure index.htm
2001.04.21 01:49 B I:\Inetpub\wwwroot\xs4all\dds.arc\miniwebventure\inventory.htm --> ftp.xs4all.nl /home/z/zanstra/WWW/dds.arc/miniwebventure inventory.htm
2001.04.21 01:49 B I:\Inetpub\wwwroot\xs4all\dds.arc\miniwebventure\kitchen.htm --> ftp.xs4all.nl /home/z/zanstra/WWW/dds.arc/miniwebventure kitchen.htm
2001.04.21 01:50 B I:\Inetpub\wwwroot\xs4all\dds.arc\miniwebventure\koop.htm --> ftp.xs4all.nl /home/z/zanstra/WWW/dds.arc/miniwebventure koop.htm
2001.04.21 01:50 B I:\Inetpub\wwwroot\xs4all\dds.arc\miniwebventure\looknote.htm --> ftp.xs4all.nl /home/z/zanstra/WWW/dds.arc/miniwebventure looknote.htm
2001.04.21 01:50 B I:\Inetpub\wwwroot\xs4all\dds.arc\miniwebventure\msg_1.htm --> ftp.xs4all.nl /home/z/zanstra/WWW/dds.arc/miniwebventure msg_1.htm
2001.04.21 01:50 B I:\Inetpub\wwwroot\xs4all\dds.arc\miniwebventure\msg_2.htm --> ftp.xs4all.nl /home/z/zanstra/WWW/dds.arc/miniwebventure msg_2.htm
2001.04.21 01:50 B I:\Inetpub\wwwroot\xs4all\dds.arc\miniwebventure\nothing.htm --> ftp.xs4all.nl /home/z/zanstra/WWW/dds.arc/miniwebventure nothing.htm
2001.04.21 01:50 B I:\Inetpub\wwwroot\xs4all\dds.arc\miniwebventure\outside.htm --> ftp.xs4all.nl /home/z/zanstra/WWW/dds.arc/miniwebventure outside.htm
2001.04.21 01:50 B I:\Inetpub\wwwroot\xs4all\dds.arc\miniwebventure\shower.htm --> ftp.xs4all.nl /home/z/zanstra/WWW/dds.arc/miniwebventure shower.htm
2001.04.21 01:50 B I:\Inetpub\wwwroot\xs4all\dds.arc\miniwebventure\tempty.htm --> ftp.xs4all.nl /home/z/zanstra/WWW/dds.arc/miniwebventure tempty.htm
2001.04.21 01:50 B I:\Inetpub\wwwroot\xs4all\dds.arc\miniwebventure\toilet.htm --> ftp.xs4all.nl /home/z/zanstra/WWW/dds.arc/miniwebventure toilet.htm
