2002.09.18 00:35 A e:\inetpub\wwwroot\xs4all\dzLib\event\detectBubble.htm --> ftp.xs4all.nl /home/.4/z/zanstra/WWW/dzLib/event detectBubble.htm
2002.09.22 22:53 A e:\inetpub\wwwroot\xs4all\dzLib\event\_addEvent.htm --> ftp.xs4all.nl /home/.4/z/zanstra/WWW/dzLib/event _addEvent.htm
2002.09.22 22:53 A e:\inetpub\wwwroot\xs4all\dzLib\event\event-to.htm --> ftp.xs4all.nl /home/.4/z/zanstra/WWW/dzLib/event event-to.htm
2002.09.22 22:53 A e:\inetpub\wwwroot\xs4all\dzLib\event\events.xml --> ftp.xs4all.nl /home/.4/z/zanstra/WWW/dzLib/event events.xml
2002.09.22 22:53 A e:\inetpub\wwwroot\xs4all\dzLib\event\test.htm --> ftp.xs4all.nl /home/.4/z/zanstra/WWW/dzLib/event test.htm
2002.09.22 22:53 B e:\inetpub\wwwroot\xs4all\dzLib\event\WS_FTP.LOG --> ftp.xs4all.nl /home/.4/z/zanstra/WWW/dzLib/event WS_FTP.LOG
2002.09.22 23:08 A e:\inetpub\wwwroot\xs4all\dzLib\event\div_onclick.htm --> ftp.xs4all.nl /home/.4/z/zanstra/WWW/dzLib/event div_onclick.htm
2002.09.22 23:10 A e:\inetpub\wwwroot\xs4all\dzLib\event\div_onclick.htm --> ftp.xs4all.nl /home/.4/z/zanstra/WWW/dzLib/event div_onclick.htm
2002.09.22 23:11 A e:\inetpub\wwwroot\xs4all\dzLib\event\div_onclick.htm --> ftp.xs4all.nl /home/.4/z/zanstra/WWW/dzLib/event div_onclick.htm
2002.09.22 23:11 A e:\inetpub\wwwroot\xs4all\dzLib\event\div_onclick.htm --> ftp.xs4all.nl /home/.4/z/zanstra/WWW/dzLib/event div_onclick.htm
2002.09.24 23:42 A e:\inetpub\wwwroot\xs4all\dzLib\event\div_onclick.htm --> ftp.xs4all.nl /home/.4/z/zanstra/WWW/dzLib/event div_onclick.htm
2002.09.24 23:42 A e:\inetpub\wwwroot\xs4all\dzLib\event\moz_event.htm --> ftp.xs4all.nl /home/.4/z/zanstra/WWW/dzLib/event moz_event.htm
2002.09.24 23:42 A e:\inetpub\wwwroot\xs4all\dzLib\event\test.htm --> ftp.xs4all.nl /home/.4/z/zanstra/WWW/dzLib/event test.htm
2002.09.24 23:42 B e:\inetpub\wwwroot\xs4all\dzLib\event\WS_FTP.LOG --> ftp.xs4all.nl /home/.4/z/zanstra/WWW/dzLib/event WS_FTP.LOG
2002.10.04 23:51 A e:\inetpub\wwwroot\xs4all\dzLib\event\events.xml --> ftp.xs4all.nl /home/.4/z/zanstra/WWW/dzLib/event events.xml
2002.10.04 23:51 B e:\inetpub\wwwroot\xs4all\dzLib\event\WS_FTP.LOG --> ftp.xs4all.nl /home/.4/z/zanstra/WWW/dzLib/event WS_FTP.LOG
2002.10.19 17:07 B e:\inetpub\wwwroot\xs4all\dzLib\event\WS_FTP.LOG --> ftp.xs4all.nl /home/.4/z/zanstra/WWW/dzLib/event WS_FTP.LOG
2005.11.17 00:15 A D:\wwwroot\xs4all\arc\dzLib\event\_addEvent.htm --> ftp.xs4all.nl /home/.2/z/zanstra/WWW/arc/dzLib/event _addEvent.htm
2005.11.17 00:15 A D:\wwwroot\xs4all\arc\dzLib\event\detectBubble.htm --> ftp.xs4all.nl /home/.2/z/zanstra/WWW/arc/dzLib/event detectBubble.htm
2005.11.17 00:15 A D:\wwwroot\xs4all\arc\dzLib\event\div_onclick.htm --> ftp.xs4all.nl /home/.2/z/zanstra/WWW/arc/dzLib/event div_onclick.htm
2005.11.17 00:15 A D:\wwwroot\xs4all\arc\dzLib\event\event-to.htm --> ftp.xs4all.nl /home/.2/z/zanstra/WWW/arc/dzLib/event event-to.htm
2005.11.17 00:15 A D:\wwwroot\xs4all\arc\dzLib\event\events.xml --> ftp.xs4all.nl /home/.2/z/zanstra/WWW/arc/dzLib/event events.xml
2005.11.17 00:15 A D:\wwwroot\xs4all\arc\dzLib\event\moz_event.htm --> ftp.xs4all.nl /home/.2/z/zanstra/WWW/arc/dzLib/event moz_event.htm
2005.11.17 00:15 A D:\wwwroot\xs4all\arc\dzLib\event\test.htm --> ftp.xs4all.nl /home/.2/z/zanstra/WWW/arc/dzLib/event test.htm
