2002.03.03 18:54 B e:\inetpub\wwwroot\xs4all\img\tmpMartin.PNG --> ftp.xs4all.nl /ftp/home/z/zanstra/WWW/img tmpMartin.PNG
2002.10.16 23:52 B e:\inetpub\wwwroot\xs4all\img\propEdit.jpg --> ftp.xs4all.nl /home/.4/z/zanstra/WWW/img propEdit.jpg
2002.10.19 15:26 B e:\inetpub\wwwroot\xs4all\img\prullebak.gif --> ftp.xs4all.nl /home/.4/z/zanstra/WWW/img prullebak.gif
2002.10.31 21:32 B e:\inetpub\wwwroot\xs4all\img\aqua_drop_white.gif --> ftp.xs4all.nl /home/.5/z/zanstra/WWW/img aqua_drop_white.gif
2002.10.31 21:32 B e:\inetpub\wwwroot\xs4all\img\butClose.png --> ftp.xs4all.nl /home/.5/z/zanstra/WWW/img butClose.png
2002.10.31 21:32 B e:\inetpub\wwwroot\xs4all\img\emailIcoon.gif --> ftp.xs4all.nl /home/.5/z/zanstra/WWW/img emailIcoon.gif
2002.10.31 21:32 B e:\inetpub\wwwroot\xs4all\img\eplus.png --> ftp.xs4all.nl /home/.5/z/zanstra/WWW/img eplus.png
2002.10.31 21:32 B e:\inetpub\wwwroot\xs4all\img\gn.jpg --> ftp.xs4all.nl /home/.5/z/zanstra/WWW/img gn.jpg
2002.10.31 21:32 B e:\inetpub\wwwroot\xs4all\img\gnRegion.png --> ftp.xs4all.nl /home/.5/z/zanstra/WWW/img gnRegion.png
2002.10.31 21:32 B e:\inetpub\wwwroot\xs4all\img\halBanner.gif --> ftp.xs4all.nl /home/.5/z/zanstra/WWW/img halBanner.gif
2002.10.31 21:32 B e:\inetpub\wwwroot\xs4all\img\halBannerVertical.gif --> ftp.xs4all.nl /home/.5/z/zanstra/WWW/img halBannerVertical.gif
2002.10.31 21:34 B e:\inetpub\wwwroot\xs4all\img\hetLevenIsTeMooi.mpg --> ftp.xs4all.nl /home/.5/z/zanstra/WWW/img hetLevenIsTeMooi.mpg
2002.10.31 21:34 B e:\inetpub\wwwroot\xs4all\img\iconAlert.png --> ftp.xs4all.nl /home/.5/z/zanstra/WWW/img iconAlert.png
2002.10.31 21:34 B e:\inetpub\wwwroot\xs4all\img\iconArchive.png --> ftp.xs4all.nl /home/.5/z/zanstra/WWW/img iconArchive.png
2002.10.31 21:34 B e:\inetpub\wwwroot\xs4all\img\iconOffSite.png --> ftp.xs4all.nl /home/.5/z/zanstra/WWW/img iconOffSite.png
2002.10.31 21:34 B e:\inetpub\wwwroot\xs4all\img\infoBlokje.gif --> ftp.xs4all.nl /home/.5/z/zanstra/WWW/img infoBlokje.gif
2002.10.31 21:34 B e:\inetpub\wwwroot\xs4all\img\jsLogo.png --> ftp.xs4all.nl /home/.5/z/zanstra/WWW/img jsLogo.png
2002.10.31 21:34 B e:\inetpub\wwwroot\xs4all\img\logLogo.png --> ftp.xs4all.nl /home/.5/z/zanstra/WWW/img logLogo.png
2002.10.31 21:34 B e:\inetpub\wwwroot\xs4all\img\msnOffline.png --> ftp.xs4all.nl /home/.5/z/zanstra/WWW/img msnOffline.png
2002.10.31 21:34 B e:\inetpub\wwwroot\xs4all\img\msnOnline.png --> ftp.xs4all.nl /home/.5/z/zanstra/WWW/img msnOnline.png
2002.10.31 21:34 B e:\inetpub\wwwroot\xs4all\img\musicLogo.png --> ftp.xs4all.nl /home/.5/z/zanstra/WWW/img musicLogo.png
2002.10.31 21:34 B e:\inetpub\wwwroot\xs4all\img\smileyLoveIt.gif --> ftp.xs4all.nl /home/.5/z/zanstra/WWW/img smileyLoveIt.gif
2002.10.31 21:34 B e:\inetpub\wwwroot\xs4all\img\smileySad.gif --> ftp.xs4all.nl /home/.5/z/zanstra/WWW/img smileySad.gif
2002.10.31 21:34 B e:\inetpub\wwwroot\xs4all\img\Thumbs.db --> ftp.xs4all.nl /home/.5/z/zanstra/WWW/img Thumbs.db
2002.10.31 21:34 B e:\inetpub\wwwroot\xs4all\img\tmpMartin.PNG --> ftp.xs4all.nl /home/.5/z/zanstra/WWW/img tmpMartin.PNG
2002.10.31 21:34 B e:\inetpub\wwwroot\xs4all\img\vCard.png --> ftp.xs4all.nl /home/.5/z/zanstra/WWW/img vCard.png
2002.10.31 21:34 B e:\inetpub\wwwroot\xs4all\img\vCard32.png --> ftp.xs4all.nl /home/.5/z/zanstra/WWW/img vCard32.png
2002.10.31 21:34 B e:\inetpub\wwwroot\xs4all\img\vcrForward.png --> ftp.xs4all.nl /home/.5/z/zanstra/WWW/img vcrForward.png
2002.10.31 21:34 B e:\inetpub\wwwroot\xs4all\img\vcrPause.png --> ftp.xs4all.nl /home/.5/z/zanstra/WWW/img vcrPause.png
2002.10.31 21:34 B e:\inetpub\wwwroot\xs4all\img\vcrPlay.png --> ftp.xs4all.nl /home/.5/z/zanstra/WWW/img vcrPlay.png
2002.10.31 21:34 B e:\inetpub\wwwroot\xs4all\img\vcrRewind.png --> ftp.xs4all.nl /home/.5/z/zanstra/WWW/img vcrRewind.png
2002.10.31 21:34 B e:\inetpub\wwwroot\xs4all\img\vcrStop.png --> ftp.xs4all.nl /home/.5/z/zanstra/WWW/img vcrStop.png
