2003.03.16 17:35 A E:\Inetpub\wwwroot\xs4all\logs\gen.bat --> ftp.xs4all.nl /home/.5/z/zanstra/WWW/logs gen.bat
2003.03.16 17:35 A E:\Inetpub\wwwroot\xs4all\logs\ideaLog.htm --> ftp.xs4all.nl /home/.5/z/zanstra/WWW/logs ideaLog.htm
2003.03.16 17:35 A E:\Inetpub\wwwroot\xs4all\logs\ideaLog.xml --> ftp.xs4all.nl /home/.5/z/zanstra/WWW/logs ideaLog.xml
2003.03.16 17:35 A E:\Inetpub\wwwroot\xs4all\logs\index.htm --> ftp.xs4all.nl /home/.5/z/zanstra/WWW/logs index.htm
2003.03.16 17:35 A E:\Inetpub\wwwroot\xs4all\logs\jsLog.htm --> ftp.xs4all.nl /home/.5/z/zanstra/WWW/logs jsLog.htm
2003.03.16 17:35 A E:\Inetpub\wwwroot\xs4all\logs\jsLog.xml --> ftp.xs4all.nl /home/.5/z/zanstra/WWW/logs jsLog.xml
2003.03.16 17:35 A E:\Inetpub\wwwroot\xs4all\logs\mindex.js --> ftp.xs4all.nl /home/.5/z/zanstra/WWW/logs mindex.js
2003.03.18 22:13 A E:\Inetpub\wwwroot\xs4all\logs\ideaLog.htm --> ftp.xs4all.nl /home/.5/z/zanstra/WWW/logs ideaLog.htm
2003.03.18 22:13 A E:\Inetpub\wwwroot\xs4all\logs\ideaLog.xml --> ftp.xs4all.nl /home/.5/z/zanstra/WWW/logs ideaLog.xml
2003.03.18 22:13 A E:\Inetpub\wwwroot\xs4all\logs\index.htm --> ftp.xs4all.nl /home/.5/z/zanstra/WWW/logs index.htm
2003.03.18 22:13 A E:\Inetpub\wwwroot\xs4all\logs\jsLog.htm --> ftp.xs4all.nl /home/.5/z/zanstra/WWW/logs jsLog.htm
2003.03.18 22:13 A E:\Inetpub\wwwroot\xs4all\logs\jsLog.xml --> ftp.xs4all.nl /home/.5/z/zanstra/WWW/logs jsLog.xml
2003.03.18 22:13 A E:\Inetpub\wwwroot\xs4all\logs\latest.js --> ftp.xs4all.nl /home/.5/z/zanstra/WWW/logs latest.js
2003.03.18 22:13 A E:\Inetpub\wwwroot\xs4all\logs\mindex.js --> ftp.xs4all.nl /home/.5/z/zanstra/WWW/logs mindex.js
2003.03.18 22:13 A E:\Inetpub\wwwroot\xs4all\logs\oneLiners.htm --> ftp.xs4all.nl /home/.5/z/zanstra/WWW/logs oneLiners.htm
2003.03.18 22:15 A E:\Inetpub\wwwroot\xs4all\logs\mindex.js --> ftp.xs4all.nl /home/.5/z/zanstra/WWW/logs mindex.js
2003.07.10 22:25 A E:\Inetpub\wwwroot\xs4all\logs\oneLiners.htm --> ftp.xs4all.nl /home/.5/z/zanstra/WWW/logs oneLiners.htm
2003.08.09 23:14 A E:\Inetpub\wwwroot\xs4all\logs\gen.bat --> ftp.xs4all.nl /home/.5/z/zanstra/WWW/logs gen.bat
2003.08.09 23:14 A E:\Inetpub\wwwroot\xs4all\logs\ideaLog.htm --> ftp.xs4all.nl /home/.5/z/zanstra/WWW/logs ideaLog.htm
2003.08.09 23:14 A E:\Inetpub\wwwroot\xs4all\logs\ideaLog.xml --> ftp.xs4all.nl /home/.5/z/zanstra/WWW/logs ideaLog.xml
2003.08.09 23:14 A E:\Inetpub\wwwroot\xs4all\logs\index.htm --> ftp.xs4all.nl /home/.5/z/zanstra/WWW/logs index.htm
2003.08.09 23:14 A E:\Inetpub\wwwroot\xs4all\logs\jsLog.htm --> ftp.xs4all.nl /home/.5/z/zanstra/WWW/logs jsLog.htm
2003.08.09 23:14 A E:\Inetpub\wwwroot\xs4all\logs\jsLog.xml --> ftp.xs4all.nl /home/.5/z/zanstra/WWW/logs jsLog.xml
2003.08.09 23:14 A E:\Inetpub\wwwroot\xs4all\logs\latest.js --> ftp.xs4all.nl /home/.5/z/zanstra/WWW/logs latest.js
2003.08.09 23:14 A E:\Inetpub\wwwroot\xs4all\logs\mindex.js --> ftp.xs4all.nl /home/.5/z/zanstra/WWW/logs mindex.js
2003.08.09 23:14 A E:\Inetpub\wwwroot\xs4all\logs\oneLiners.htm --> ftp.xs4all.nl /home/.5/z/zanstra/WWW/logs oneLiners.htm
2003.08.09 23:14 A E:\Inetpub\wwwroot\xs4all\logs\selectSingleTextNode.js --> ftp.xs4all.nl /home/.5/z/zanstra/WWW/logs selectSingleTextNode.js
2003.08.09 23:14 B E:\Inetpub\wwwroot\xs4all\logs\WS_FTP.LOG --> ftp.xs4all.nl /home/.5/z/zanstra/WWW/logs WS_FTP.LOG
2003.08.19 22:51 A E:\Inetpub\wwwroot\xs4all\logs\gen.bat --> ftp.xs4all.nl /home/.5/z/zanstra/WWW/logs gen.bat
2003.08.19 22:51 A E:\Inetpub\wwwroot\xs4all\logs\ideaLog.htm --> ftp.xs4all.nl /home/.5/z/zanstra/WWW/logs ideaLog.htm
2003.08.19 22:51 A E:\Inetpub\wwwroot\xs4all\logs\jsLog.htm --> ftp.xs4all.nl /home/.5/z/zanstra/WWW/logs jsLog.htm
2003.08.19 22:51 A E:\Inetpub\wwwroot\xs4all\logs\jsLog.xml --> ftp.xs4all.nl /home/.5/z/zanstra/WWW/logs jsLog.xml
2003.08.19 22:51 A E:\Inetpub\wwwroot\xs4all\logs\jsmLib.htm --> ftp.xs4all.nl /home/.5/z/zanstra/WWW/logs jsmLib.htm
2003.08.19 22:51 A E:\Inetpub\wwwroot\xs4all\logs\jsmLib.js --> ftp.xs4all.nl /home/.5/z/zanstra/WWW/logs jsmLib.js
2003.08.19 22:51 A E:\Inetpub\wwwroot\xs4all\logs\jsmLib.xml --> ftp.xs4all.nl /home/.5/z/zanstra/WWW/logs jsmLib.xml
2003.08.19 22:51 A E:\Inetpub\wwwroot\xs4all\logs\latest.js --> ftp.xs4all.nl /home/.5/z/zanstra/WWW/logs latest.js
2003.08.19 22:51 A E:\Inetpub\wwwroot\xs4all\logs\mindex.js --> ftp.xs4all.nl /home/.5/z/zanstra/WWW/logs mindex.js
2003.08.19 22:51 B E:\Inetpub\wwwroot\xs4all\logs\WS_FTP.LOG --> ftp.xs4all.nl /home/.5/z/zanstra/WWW/logs WS_FTP.LOG
2003.09.08 10:29 A E:\Inetpub\wwwroot\xs4all\logs\gen.bat --> ftp.xs4all.nl /home/.5/z/zanstra/WWW/logs gen.bat
2003.09.08 10:29 A E:\Inetpub\wwwroot\xs4all\logs\ideaLog.htm --> ftp.xs4all.nl /home/.5/z/zanstra/WWW/logs ideaLog.htm
2003.09.08 10:29 A E:\Inetpub\wwwroot\xs4all\logs\jsLog.htm --> ftp.xs4all.nl /home/.5/z/zanstra/WWW/logs jsLog.htm
2003.09.08 10:29 A E:\Inetpub\wwwroot\xs4all\logs\jsLog.xml --> ftp.xs4all.nl /home/.5/z/zanstra/WWW/logs jsLog.xml
2003.09.08 10:29 A E:\Inetpub\wwwroot\xs4all\logs\jsmLib.htm --> ftp.xs4all.nl /home/.5/z/zanstra/WWW/logs jsmLib.htm
2003.09.08 10:29 A E:\Inetpub\wwwroot\xs4all\logs\jsmLib.js --> ftp.xs4all.nl /home/.5/z/zanstra/WWW/logs jsmLib.js
2003.09.08 10:29 A E:\Inetpub\wwwroot\xs4all\logs\jsmLib.xml --> ftp.xs4all.nl /home/.5/z/zanstra/WWW/logs jsmLib.xml
2003.09.08 10:29 A E:\Inetpub\wwwroot\xs4all\logs\latest.js --> ftp.xs4all.nl /home/.5/z/zanstra/WWW/logs latest.js
2003.09.08 10:29 B E:\Inetpub\wwwroot\xs4all\logs\WS_FTP.LOG --> ftp.xs4all.nl /home/.5/z/zanstra/WWW/logs WS_FTP.LOG
2003.09.20 11:20 A E:\Inetpub\wwwroot\xs4all\logs\ideaLog.htm --> ftp.xs4all.nl /home/.5/z/zanstra/WWW/logs ideaLog.htm
2003.09.20 11:20 A E:\Inetpub\wwwroot\xs4all\logs\jsLog.htm --> ftp.xs4all.nl /home/.5/z/zanstra/WWW/logs jsLog.htm
2003.09.20 11:20 A E:\Inetpub\wwwroot\xs4all\logs\jsLog.xml --> ftp.xs4all.nl /home/.5/z/zanstra/WWW/logs jsLog.xml
2003.09.20 11:20 A E:\Inetpub\wwwroot\xs4all\logs\jsmLib.htm --> ftp.xs4all.nl /home/.5/z/zanstra/WWW/logs jsmLib.htm
2003.09.20 11:20 A E:\Inetpub\wwwroot\xs4all\logs\jsmLib.js --> ftp.xs4all.nl /home/.5/z/zanstra/WWW/logs jsmLib.js
2003.09.20 11:20 A E:\Inetpub\wwwroot\xs4all\logs\jsmLib.xml --> ftp.xs4all.nl /home/.5/z/zanstra/WWW/logs jsmLib.xml
2003.09.20 11:20 A E:\Inetpub\wwwroot\xs4all\logs\latest.js --> ftp.xs4all.nl /home/.5/z/zanstra/WWW/logs latest.js
2003.09.20 11:20 B E:\Inetpub\wwwroot\xs4all\logs\WS_FTP.LOG --> ftp.xs4all.nl /home/.5/z/zanstra/WWW/logs WS_FTP.LOG
2003.09.20 11:34 A E:\Inetpub\wwwroot\xs4all\logs\ideaLog.htm --> ftp.xs4all.nl /home/.5/z/zanstra/WWW/logs ideaLog.htm
2003.09.20 11:34 A E:\Inetpub\wwwroot\xs4all\logs\jsLog.htm --> ftp.xs4all.nl /home/.5/z/zanstra/WWW/logs jsLog.htm
2003.09.20 11:34 A E:\Inetpub\wwwroot\xs4all\logs\jsLog.xml --> ftp.xs4all.nl /home/.5/z/zanstra/WWW/logs jsLog.xml
2003.09.20 11:34 A E:\Inetpub\wwwroot\xs4all\logs\jsmLib.htm --> ftp.xs4all.nl /home/.5/z/zanstra/WWW/logs jsmLib.htm
2003.09.20 11:34 A E:\Inetpub\wwwroot\xs4all\logs\jsmLib.js --> ftp.xs4all.nl /home/.5/z/zanstra/WWW/logs jsmLib.js
2003.09.20 11:34 A E:\Inetpub\wwwroot\xs4all\logs\latest.js --> ftp.xs4all.nl /home/.5/z/zanstra/WWW/logs latest.js
2003.09.20 11:34 B E:\Inetpub\wwwroot\xs4all\logs\WS_FTP.LOG --> ftp.xs4all.nl /home/.5/z/zanstra/WWW/logs WS_FTP.LOG
2003.09.26 01:10 A E:\Inetpub\wwwroot\xs4all\logs\ideaLog.htm --> ftp.xs4all.nl /home/.5/z/zanstra/WWW/logs ideaLog.htm
2003.09.26 01:10 A E:\Inetpub\wwwroot\xs4all\logs\jsLog.htm --> ftp.xs4all.nl /home/.5/z/zanstra/WWW/logs jsLog.htm
2003.09.26 01:10 A E:\Inetpub\wwwroot\xs4all\logs\jsLog.xml --> ftp.xs4all.nl /home/.5/z/zanstra/WWW/logs jsLog.xml
2003.09.26 01:10 A E:\Inetpub\wwwroot\xs4all\logs\jsmLib.htm --> ftp.xs4all.nl /home/.5/z/zanstra/WWW/logs jsmLib.htm
2003.09.26 01:10 A E:\Inetpub\wwwroot\xs4all\logs\jsmLib.js --> ftp.xs4all.nl /home/.5/z/zanstra/WWW/logs jsmLib.js
2003.09.26 01:10 A E:\Inetpub\wwwroot\xs4all\logs\latest.js --> ftp.xs4all.nl /home/.5/z/zanstra/WWW/logs latest.js
2003.09.26 01:10 B E:\Inetpub\wwwroot\xs4all\logs\WS_FTP.LOG --> ftp.xs4all.nl /home/.5/z/zanstra/WWW/logs WS_FTP.LOG
2003.10.06 23:27 A E:\Inetpub\wwwroot\xs4all\logs\ideaLog.htm --> ftp.xs4all.nl /home/.5/z/zanstra/WWW/logs ideaLog.htm
2003.10.06 23:27 A E:\Inetpub\wwwroot\xs4all\logs\jsLog.htm --> ftp.xs4all.nl /home/.5/z/zanstra/WWW/logs jsLog.htm
2003.10.06 23:27 A E:\Inetpub\wwwroot\xs4all\logs\jsLog.xml --> ftp.xs4all.nl /home/.5/z/zanstra/WWW/logs jsLog.xml
2003.10.06 23:27 A E:\Inetpub\wwwroot\xs4all\logs\jsmLib.htm --> ftp.xs4all.nl /home/.5/z/zanstra/WWW/logs jsmLib.htm
2003.10.06 23:27 A E:\Inetpub\wwwroot\xs4all\logs\jsmLib.js --> ftp.xs4all.nl /home/.5/z/zanstra/WWW/logs jsmLib.js
2003.10.06 23:27 A E:\Inetpub\wwwroot\xs4all\logs\latest.js --> ftp.xs4all.nl /home/.5/z/zanstra/WWW/logs latest.js
2003.10.06 23:27 B E:\Inetpub\wwwroot\xs4all\logs\WS_FTP.LOG --> ftp.xs4all.nl /home/.5/z/zanstra/WWW/logs WS_FTP.LOG
2003.10.06 23:29 A E:\Inetpub\wwwroot\xs4all\logs\ideaLog.htm --> ftp.xs4all.nl /home/.5/z/zanstra/WWW/logs ideaLog.htm
2003.10.06 23:29 A E:\Inetpub\wwwroot\xs4all\logs\jsLog.htm --> ftp.xs4all.nl /home/.5/z/zanstra/WWW/logs jsLog.htm
2003.10.06 23:29 A E:\Inetpub\wwwroot\xs4all\logs\jsLog.xml --> ftp.xs4all.nl /home/.5/z/zanstra/WWW/logs jsLog.xml
2003.10.06 23:29 A E:\Inetpub\wwwroot\xs4all\logs\jsmLib.htm --> ftp.xs4all.nl /home/.5/z/zanstra/WWW/logs jsmLib.htm
2003.10.06 23:29 A E:\Inetpub\wwwroot\xs4all\logs\jsmLib.js --> ftp.xs4all.nl /home/.5/z/zanstra/WWW/logs jsmLib.js
2003.10.06 23:29 A E:\Inetpub\wwwroot\xs4all\logs\latest.js --> ftp.xs4all.nl /home/.5/z/zanstra/WWW/logs latest.js
2003.10.06 23:29 B E:\Inetpub\wwwroot\xs4all\logs\WS_FTP.LOG --> ftp.xs4all.nl /home/.5/z/zanstra/WWW/logs WS_FTP.LOG
2003.10.06 23:52 A E:\Inetpub\wwwroot\xs4all\logs\ideaLog.htm --> ftp.xs4all.nl /home/.5/z/zanstra/WWW/logs ideaLog.htm
2003.10.06 23:52 A E:\Inetpub\wwwroot\xs4all\logs\jsLog.htm --> ftp.xs4all.nl /home/.5/z/zanstra/WWW/logs jsLog.htm
2003.10.06 23:52 A E:\Inetpub\wwwroot\xs4all\logs\jsLog.xml --> ftp.xs4all.nl /home/.5/z/zanstra/WWW/logs jsLog.xml
2003.10.06 23:52 A E:\Inetpub\wwwroot\xs4all\logs\jsmLib.htm --> ftp.xs4all.nl /home/.5/z/zanstra/WWW/logs jsmLib.htm
2003.10.06 23:52 A E:\Inetpub\wwwroot\xs4all\logs\jsmLib.js --> ftp.xs4all.nl /home/.5/z/zanstra/WWW/logs jsmLib.js
2003.10.06 23:52 A E:\Inetpub\wwwroot\xs4all\logs\latest.js --> ftp.xs4all.nl /home/.5/z/zanstra/WWW/logs latest.js
2003.10.06 23:52 B E:\Inetpub\wwwroot\xs4all\logs\WS_FTP.LOG --> ftp.xs4all.nl /home/.5/z/zanstra/WWW/logs WS_FTP.LOG
2003.10.07 10:40 A E:\Inetpub\wwwroot\xs4all\logs\ideaLog.htm --> ftp.xs4all.nl /home/.5/z/zanstra/WWW/logs ideaLog.htm
2003.10.07 10:40 A E:\Inetpub\wwwroot\xs4all\logs\jsLog.htm --> ftp.xs4all.nl /home/.5/z/zanstra/WWW/logs jsLog.htm
2003.10.07 10:40 A E:\Inetpub\wwwroot\xs4all\logs\jsLog.xml --> ftp.xs4all.nl /home/.5/z/zanstra/WWW/logs jsLog.xml
2003.10.07 10:40 A E:\Inetpub\wwwroot\xs4all\logs\jsmLib.htm --> ftp.xs4all.nl /home/.5/z/zanstra/WWW/logs jsmLib.htm
2003.10.07 10:40 A E:\Inetpub\wwwroot\xs4all\logs\jsmLib.js --> ftp.xs4all.nl /home/.5/z/zanstra/WWW/logs jsmLib.js
2003.10.07 10:40 A E:\Inetpub\wwwroot\xs4all\logs\latest.js --> ftp.xs4all.nl /home/.5/z/zanstra/WWW/logs latest.js
2003.10.07 10:40 B E:\Inetpub\wwwroot\xs4all\logs\WS_FTP.LOG --> ftp.xs4all.nl /home/.5/z/zanstra/WWW/logs WS_FTP.LOG
2003.10.07 10:44 A E:\Inetpub\wwwroot\xs4all\logs\ideaLog.htm --> ftp.xs4all.nl /home/.5/z/zanstra/WWW/logs ideaLog.htm
2003.10.07 10:44 A E:\Inetpub\wwwroot\xs4all\logs\jsLog.htm --> ftp.xs4all.nl /home/.5/z/zanstra/WWW/logs jsLog.htm
2003.10.07 10:44 A E:\Inetpub\wwwroot\xs4all\logs\jsmLib.htm --> ftp.xs4all.nl /home/.5/z/zanstra/WWW/logs jsmLib.htm
2003.10.07 10:44 A E:\Inetpub\wwwroot\xs4all\logs\jsmLib.js --> ftp.xs4all.nl /home/.5/z/zanstra/WWW/logs jsmLib.js
2003.10.07 10:44 A E:\Inetpub\wwwroot\xs4all\logs\latest.js --> ftp.xs4all.nl /home/.5/z/zanstra/WWW/logs latest.js
2003.10.07 10:44 B E:\Inetpub\wwwroot\xs4all\logs\WS_FTP.LOG --> ftp.xs4all.nl /home/.5/z/zanstra/WWW/logs WS_FTP.LOG
2003.10.07 18:25 A E:\Inetpub\wwwroot\xs4all\logs\jsLog.htm --> ftp.xs4all.nl /home/.5/z/zanstra/WWW/logs jsLog.htm
2003.10.07 18:25 A E:\Inetpub\wwwroot\xs4all\logs\jsLog.xml --> ftp.xs4all.nl /home/.5/z/zanstra/WWW/logs jsLog.xml
2003.10.07 18:25 A E:\Inetpub\wwwroot\xs4all\logs\latest.js --> ftp.xs4all.nl /home/.5/z/zanstra/WWW/logs latest.js
2003.10.07 18:37 A E:\Inetpub\wwwroot\xs4all\logs\jsLog.htm --> ftp.xs4all.nl /home/.5/z/zanstra/WWW/logs jsLog.htm
2003.10.07 18:37 A E:\Inetpub\wwwroot\xs4all\logs\jsLog.xml --> ftp.xs4all.nl /home/.5/z/zanstra/WWW/logs jsLog.xml
2003.10.07 18:51 A E:\Inetpub\wwwroot\xs4all\logs\jsLog.htm --> ftp.xs4all.nl /home/.5/z/zanstra/WWW/logs jsLog.htm
2003.10.07 18:51 A E:\Inetpub\wwwroot\xs4all\logs\jsLog.xml --> ftp.xs4all.nl /home/.5/z/zanstra/WWW/logs jsLog.xml
2003.10.07 18:54 A E:\Inetpub\wwwroot\xs4all\logs\jsLog.htm --> ftp.xs4all.nl /home/.5/z/zanstra/WWW/logs jsLog.htm
2003.10.07 18:54 A E:\Inetpub\wwwroot\xs4all\logs\jsLog.xml --> ftp.xs4all.nl /home/.5/z/zanstra/WWW/logs jsLog.xml
2003.10.10 21:47 A E:\Inetpub\wwwroot\xs4all\logs\ideaLog.htm --> ftp.xs4all.nl /home/.5/z/zanstra/WWW/logs ideaLog.htm
2003.10.10 21:47 A E:\Inetpub\wwwroot\xs4all\logs\jsLog.htm --> ftp.xs4all.nl /home/.5/z/zanstra/WWW/logs jsLog.htm
2003.10.10 21:47 A E:\Inetpub\wwwroot\xs4all\logs\jsLog.xml --> ftp.xs4all.nl /home/.5/z/zanstra/WWW/logs jsLog.xml
2003.10.10 21:47 A E:\Inetpub\wwwroot\xs4all\logs\jsmLib.htm --> ftp.xs4all.nl /home/.5/z/zanstra/WWW/logs jsmLib.htm
2003.10.10 21:47 A E:\Inetpub\wwwroot\xs4all\logs\jsmLib.js --> ftp.xs4all.nl /home/.5/z/zanstra/WWW/logs jsmLib.js
2003.10.10 21:47 A E:\Inetpub\wwwroot\xs4all\logs\latest.js --> ftp.xs4all.nl /home/.5/z/zanstra/WWW/logs latest.js
2003.10.10 21:47 B E:\Inetpub\wwwroot\xs4all\logs\WS_FTP.LOG --> ftp.xs4all.nl /home/.5/z/zanstra/WWW/logs WS_FTP.LOG
2003.12.31 11:48 A E:\Inetpub\wwwroot\xs4all\logs\ideaLog.htm --> ftp.xs4all.nl /home/.5/z/zanstra/WWW/logs ideaLog.htm
2003.12.31 11:48 A E:\Inetpub\wwwroot\xs4all\logs\jsLog.htm --> ftp.xs4all.nl /home/.5/z/zanstra/WWW/logs jsLog.htm
2003.12.31 11:48 A E:\Inetpub\wwwroot\xs4all\logs\jsLog.xml --> ftp.xs4all.nl /home/.5/z/zanstra/WWW/logs jsLog.xml
2003.12.31 11:48 A E:\Inetpub\wwwroot\xs4all\logs\jsmLib.htm --> ftp.xs4all.nl /home/.5/z/zanstra/WWW/logs jsmLib.htm
2003.12.31 11:48 A E:\Inetpub\wwwroot\xs4all\logs\jsmLib.js --> ftp.xs4all.nl /home/.5/z/zanstra/WWW/logs jsmLib.js
2003.12.31 11:48 A E:\Inetpub\wwwroot\xs4all\logs\jsmLib.xml --> ftp.xs4all.nl /home/.5/z/zanstra/WWW/logs jsmLib.xml
2003.12.31 11:48 A E:\Inetpub\wwwroot\xs4all\logs\latest.js --> ftp.xs4all.nl /home/.5/z/zanstra/WWW/logs latest.js
2004.01.01 21:00 A E:\Inetpub\wwwroot\xs4all\logs\ideaLog.htm --> ftp.xs4all.nl /home/.5/z/zanstra/WWW/logs ideaLog.htm
2004.01.01 21:00 A E:\Inetpub\wwwroot\xs4all\logs\jsLog.htm --> ftp.xs4all.nl /home/.5/z/zanstra/WWW/logs jsLog.htm
2004.01.01 21:00 A E:\Inetpub\wwwroot\xs4all\logs\jsLog.xml --> ftp.xs4all.nl /home/.5/z/zanstra/WWW/logs jsLog.xml
2004.01.01 21:00 A E:\Inetpub\wwwroot\xs4all\logs\jsmLib.htm --> ftp.xs4all.nl /home/.5/z/zanstra/WWW/logs jsmLib.htm
2004.01.01 21:00 A E:\Inetpub\wwwroot\xs4all\logs\jsmLib.js --> ftp.xs4all.nl /home/.5/z/zanstra/WWW/logs jsmLib.js
2004.01.01 21:00 A E:\Inetpub\wwwroot\xs4all\logs\latest.js --> ftp.xs4all.nl /home/.5/z/zanstra/WWW/logs latest.js
2004.01.01 21:00 B E:\Inetpub\wwwroot\xs4all\logs\WS_FTP.LOG --> ftp.xs4all.nl /home/.5/z/zanstra/WWW/logs WS_FTP.LOG
2004.01.06 22:01 A E:\Inetpub\wwwroot\xs4all\logs\ideaLog.htm --> ftp.xs4all.nl /home/.5/z/zanstra/WWW/logs ideaLog.htm
2004.01.06 22:01 A E:\Inetpub\wwwroot\xs4all\logs\jsLog.htm --> ftp.xs4all.nl /home/.5/z/zanstra/WWW/logs jsLog.htm
2004.01.06 22:01 A E:\Inetpub\wwwroot\xs4all\logs\jsmLib.htm --> ftp.xs4all.nl /home/.5/z/zanstra/WWW/logs jsmLib.htm
2004.01.06 22:01 A E:\Inetpub\wwwroot\xs4all\logs\jsmLib.js --> ftp.xs4all.nl /home/.5/z/zanstra/WWW/logs jsmLib.js
2004.01.06 22:01 A E:\Inetpub\wwwroot\xs4all\logs\jsmLib.xml --> ftp.xs4all.nl /home/.5/z/zanstra/WWW/logs jsmLib.xml
2004.01.06 22:01 A E:\Inetpub\wwwroot\xs4all\logs\latest.js --> ftp.xs4all.nl /home/.5/z/zanstra/WWW/logs latest.js
2004.01.06 22:01 B E:\Inetpub\wwwroot\xs4all\logs\WS_FTP.LOG --> ftp.xs4all.nl /home/.5/z/zanstra/WWW/logs WS_FTP.LOG
2004.01.06 22:07 A E:\Inetpub\wwwroot\xs4all\logs\ideaLog.htm --> ftp.xs4all.nl /home/.5/z/zanstra/WWW/logs ideaLog.htm
2004.01.06 22:07 A E:\Inetpub\wwwroot\xs4all\logs\jsLog.htm --> ftp.xs4all.nl /home/.5/z/zanstra/WWW/logs jsLog.htm
2004.01.06 22:07 A E:\Inetpub\wwwroot\xs4all\logs\jsmLib.htm --> ftp.xs4all.nl /home/.5/z/zanstra/WWW/logs jsmLib.htm
2004.01.06 22:07 A E:\Inetpub\wwwroot\xs4all\logs\jsmLib.js --> ftp.xs4all.nl /home/.5/z/zanstra/WWW/logs jsmLib.js
2004.01.06 22:07 A E:\Inetpub\wwwroot\xs4all\logs\jsmLib.xml --> ftp.xs4all.nl /home/.5/z/zanstra/WWW/logs jsmLib.xml
2004.01.06 22:07 A E:\Inetpub\wwwroot\xs4all\logs\latest.js --> ftp.xs4all.nl /home/.5/z/zanstra/WWW/logs latest.js
2004.01.06 22:07 B E:\Inetpub\wwwroot\xs4all\logs\WS_FTP.LOG --> ftp.xs4all.nl /home/.5/z/zanstra/WWW/logs WS_FTP.LOG
2004.01.06 22:07 A E:\Inetpub\wwwroot\xs4all\logs\ideaLog.htm --> ftp.xs4all.nl /home/.5/z/zanstra/WWW/logs ideaLog.htm
2004.01.06 22:07 A E:\Inetpub\wwwroot\xs4all\logs\jsLog.htm --> ftp.xs4all.nl /home/.5/z/zanstra/WWW/logs jsLog.htm
2004.01.06 22:07 A E:\Inetpub\wwwroot\xs4all\logs\jsmLib.htm --> ftp.xs4all.nl /home/.5/z/zanstra/WWW/logs jsmLib.htm
2004.01.06 22:07 A E:\Inetpub\wwwroot\xs4all\logs\jsmLib.js --> ftp.xs4all.nl /home/.5/z/zanstra/WWW/logs jsmLib.js
2004.01.06 22:07 A E:\Inetpub\wwwroot\xs4all\logs\latest.js --> ftp.xs4all.nl /home/.5/z/zanstra/WWW/logs latest.js
2004.01.06 22:07 B E:\Inetpub\wwwroot\xs4all\logs\WS_FTP.LOG --> ftp.xs4all.nl /home/.5/z/zanstra/WWW/logs WS_FTP.LOG
2004.01.17 18:08 A E:\Inetpub\wwwroot\xs4all\logs\ideaLog.htm --> ftp.xs4all.nl /home/.5/z/zanstra/WWW/logs ideaLog.htm
2004.01.17 18:08 A E:\Inetpub\wwwroot\xs4all\logs\jsLog.htm --> ftp.xs4all.nl /home/.5/z/zanstra/WWW/logs jsLog.htm
2004.01.17 18:08 A E:\Inetpub\wwwroot\xs4all\logs\jsLog.xml --> ftp.xs4all.nl /home/.5/z/zanstra/WWW/logs jsLog.xml
2004.01.17 18:08 A E:\Inetpub\wwwroot\xs4all\logs\jsmLib.htm --> ftp.xs4all.nl /home/.5/z/zanstra/WWW/logs jsmLib.htm
2004.01.17 18:08 A E:\Inetpub\wwwroot\xs4all\logs\jsmLib.js --> ftp.xs4all.nl /home/.5/z/zanstra/WWW/logs jsmLib.js
2004.01.17 18:08 A E:\Inetpub\wwwroot\xs4all\logs\latest.js --> ftp.xs4all.nl /home/.5/z/zanstra/WWW/logs latest.js
2004.01.17 18:08 B E:\Inetpub\wwwroot\xs4all\logs\WS_FTP.LOG --> ftp.xs4all.nl /home/.5/z/zanstra/WWW/logs WS_FTP.LOG
2004.03.08 18:51 B D:\wwwroot\xs4all\logs\ideaLog.htm --> ftp.xs4all.nl /home/.5/z/zanstra/WWW/logs ideaLog.htm
2004.03.08 18:51 B D:\wwwroot\xs4all\logs\ideaLog.xml --> ftp.xs4all.nl /home/.5/z/zanstra/WWW/logs ideaLog.xml
2004.03.08 18:51 B D:\wwwroot\xs4all\logs\jsLog.htm --> ftp.xs4all.nl /home/.5/z/zanstra/WWW/logs jsLog.htm
2004.03.08 18:51 B D:\wwwroot\xs4all\logs\jsLog.xml --> ftp.xs4all.nl /home/.5/z/zanstra/WWW/logs jsLog.xml
2004.03.08 18:51 B D:\wwwroot\xs4all\logs\jsmLib.htm --> ftp.xs4all.nl /home/.5/z/zanstra/WWW/logs jsmLib.htm
2004.03.08 18:51 B D:\wwwroot\xs4all\logs\jsmLib.js --> ftp.xs4all.nl /home/.5/z/zanstra/WWW/logs jsmLib.js
2004.03.08 18:51 B D:\wwwroot\xs4all\logs\latest.js --> ftp.xs4all.nl /home/.5/z/zanstra/WWW/logs latest.js
2004.03.08 18:51 B D:\wwwroot\xs4all\logs\mindex.js --> ftp.xs4all.nl /home/.5/z/zanstra/WWW/logs mindex.js
2004.03.08 18:51 B D:\wwwroot\xs4all\logs\WS_FTP.LOG --> ftp.xs4all.nl /home/.5/z/zanstra/WWW/logs WS_FTP.LOG
2004.03.11 21:46 B D:\wwwroot\xs4all\logs\ideaLog.htm --> ftp.xs4all.nl /home/.5/z/zanstra/WWW/logs ideaLog.htm
2004.03.11 21:46 B D:\wwwroot\xs4all\logs\jsLog.htm --> ftp.xs4all.nl /home/.5/z/zanstra/WWW/logs jsLog.htm
2004.03.11 21:46 B D:\wwwroot\xs4all\logs\jsLog.xml --> ftp.xs4all.nl /home/.5/z/zanstra/WWW/logs jsLog.xml
2004.03.11 21:46 B D:\wwwroot\xs4all\logs\jsmLib.htm --> ftp.xs4all.nl /home/.5/z/zanstra/WWW/logs jsmLib.htm
2004.03.11 21:46 B D:\wwwroot\xs4all\logs\jsmLib.js --> ftp.xs4all.nl /home/.5/z/zanstra/WWW/logs jsmLib.js
2004.03.11 21:46 B D:\wwwroot\xs4all\logs\latest.js --> ftp.xs4all.nl /home/.5/z/zanstra/WWW/logs latest.js
2004.03.11 21:46 B D:\wwwroot\xs4all\logs\WS_FTP.LOG --> ftp.xs4all.nl /home/.5/z/zanstra/WWW/logs WS_FTP.LOG
2004.05.23 22:03 B D:\wwwroot\xs4all\logs\ideaLog.htm --> ftp.xs4all.nl /home/.5/z/zanstra/WWW/logs ideaLog.htm
2004.05.23 22:03 B D:\wwwroot\xs4all\logs\jsLog.htm --> ftp.xs4all.nl /home/.5/z/zanstra/WWW/logs jsLog.htm
2004.05.23 22:03 B D:\wwwroot\xs4all\logs\jsLog.xml --> ftp.xs4all.nl /home/.5/z/zanstra/WWW/logs jsLog.xml
2004.05.23 22:03 B D:\wwwroot\xs4all\logs\jsmLib.htm --> ftp.xs4all.nl /home/.5/z/zanstra/WWW/logs jsmLib.htm
2004.05.23 22:03 B D:\wwwroot\xs4all\logs\jsmLib.js --> ftp.xs4all.nl /home/.5/z/zanstra/WWW/logs jsmLib.js
2004.05.23 22:03 B D:\wwwroot\xs4all\logs\jsmLib.xml --> ftp.xs4all.nl /home/.5/z/zanstra/WWW/logs jsmLib.xml
2004.05.23 22:03 B D:\wwwroot\xs4all\logs\latest.js --> ftp.xs4all.nl /home/.5/z/zanstra/WWW/logs latest.js
2004.05.23 22:03 B D:\wwwroot\xs4all\logs\WS_FTP.LOG --> ftp.xs4all.nl /home/.5/z/zanstra/WWW/logs WS_FTP.LOG
2004.06.14 11:38 A D:\wwwroot\xs4all\logs\ideaLog.htm --> ftp.xs4all.nl /home/.5/z/zanstra/WWW/logs ideaLog.htm
2004.06.14 11:38 A D:\wwwroot\xs4all\logs\jsLog.htm --> ftp.xs4all.nl /home/.5/z/zanstra/WWW/logs jsLog.htm
2004.06.14 11:38 A D:\wwwroot\xs4all\logs\jsLog.xml --> ftp.xs4all.nl /home/.5/z/zanstra/WWW/logs jsLog.xml
2004.06.14 11:38 A D:\wwwroot\xs4all\logs\jsmLib.htm --> ftp.xs4all.nl /home/.5/z/zanstra/WWW/logs jsmLib.htm
2004.06.14 11:38 A D:\wwwroot\xs4all\logs\jsmLib.js --> ftp.xs4all.nl /home/.5/z/zanstra/WWW/logs jsmLib.js
2004.06.14 11:38 A D:\wwwroot\xs4all\logs\latest.js --> ftp.xs4all.nl /home/.5/z/zanstra/WWW/logs latest.js
2004.06.14 11:38 A D:\wwwroot\xs4all\logs\WS_FTP.LOG --> ftp.xs4all.nl /home/.5/z/zanstra/WWW/logs WS_FTP.LOG
2004.07.19 17:48 A D:\wwwroot\xs4all\logs\index.htm --> ftp.xs4all.nl /home/.5/z/zanstra/WWW/logs index.htm
2004.08.01 23:05 A D:\wwwroot\xs4all\logs\ideaLog.htm --> ftp.xs4all.nl /home/.5/z/zanstra/WWW/logs ideaLog.htm
2004.08.01 23:05 A D:\wwwroot\xs4all\logs\index.htm --> ftp.xs4all.nl /home/.5/z/zanstra/WWW/logs index.htm
2004.08.01 23:05 A D:\wwwroot\xs4all\logs\jsLog.htm --> ftp.xs4all.nl /home/.5/z/zanstra/WWW/logs jsLog.htm
2004.08.01 23:05 A D:\wwwroot\xs4all\logs\jsLog.xml --> ftp.xs4all.nl /home/.5/z/zanstra/WWW/logs jsLog.xml
2004.08.01 23:05 A D:\wwwroot\xs4all\logs\jsmLib.htm --> ftp.xs4all.nl /home/.5/z/zanstra/WWW/logs jsmLib.htm
2004.08.01 23:05 A D:\wwwroot\xs4all\logs\jsmLib.js --> ftp.xs4all.nl /home/.5/z/zanstra/WWW/logs jsmLib.js
2004.08.01 23:05 A D:\wwwroot\xs4all\logs\latest.js --> ftp.xs4all.nl /home/.5/z/zanstra/WWW/logs latest.js
2004.08.01 23:05 A D:\wwwroot\xs4all\logs\WS_FTP.LOG --> ftp.xs4all.nl /home/.5/z/zanstra/WWW/logs WS_FTP.LOG
2005.04.16 00:17 A D:\wwwroot\xs4all\logs\ideaLog.htm --> ftp.xs4all.nl /home/.5/z/zanstra/WWW/logs ideaLog.htm
2005.04.16 00:17 A D:\wwwroot\xs4all\logs\index.htm --> ftp.xs4all.nl /home/.5/z/zanstra/WWW/logs index.htm
2005.04.16 00:17 A D:\wwwroot\xs4all\logs\jsLog.htm --> ftp.xs4all.nl /home/.5/z/zanstra/WWW/logs jsLog.htm
2005.04.16 00:17 A D:\wwwroot\xs4all\logs\jsLog.xml --> ftp.xs4all.nl /home/.5/z/zanstra/WWW/logs jsLog.xml
2005.04.16 00:17 A D:\wwwroot\xs4all\logs\jsmLib.htm --> ftp.xs4all.nl /home/.5/z/zanstra/WWW/logs jsmLib.htm
2005.04.16 00:17 A D:\wwwroot\xs4all\logs\jsmLib.js --> ftp.xs4all.nl /home/.5/z/zanstra/WWW/logs jsmLib.js
2005.04.16 00:17 A D:\wwwroot\xs4all\logs\latest.js --> ftp.xs4all.nl /home/.5/z/zanstra/WWW/logs latest.js
2005.04.16 00:17 A D:\wwwroot\xs4all\logs\WS_FTP.LOG --> ftp.xs4all.nl /home/.5/z/zanstra/WWW/logs WS_FTP.LOG
2005.04.16 00:24 A D:\wwwroot\xs4all\logs\ideaLog.htm --> ftp.xs4all.nl /home/.5/z/zanstra/WWW/logs ideaLog.htm
2005.04.16 00:24 A D:\wwwroot\xs4all\logs\jsLog.htm --> ftp.xs4all.nl /home/.5/z/zanstra/WWW/logs jsLog.htm
2005.04.16 00:24 A D:\wwwroot\xs4all\logs\jsLog.xml --> ftp.xs4all.nl /home/.5/z/zanstra/WWW/logs jsLog.xml
2005.04.16 00:24 A D:\wwwroot\xs4all\logs\jsmLib.htm --> ftp.xs4all.nl /home/.5/z/zanstra/WWW/logs jsmLib.htm
2005.04.16 00:24 A D:\wwwroot\xs4all\logs\jsmLib.js --> ftp.xs4all.nl /home/.5/z/zanstra/WWW/logs jsmLib.js
2005.04.16 00:24 A D:\wwwroot\xs4all\logs\latest.js --> ftp.xs4all.nl /home/.5/z/zanstra/WWW/logs latest.js
2005.04.16 00:24 A D:\wwwroot\xs4all\logs\WS_FTP.LOG --> ftp.xs4all.nl /home/.5/z/zanstra/WWW/logs WS_FTP.LOG
2005.10.15 14:24 A D:\wwwroot\xs4all\logs\ideaLog.htm --> ftp.xs4all.nl /home/.2/z/zanstra/WWW/logs ideaLog.htm
2005.10.15 14:24 A D:\wwwroot\xs4all\logs\jsLog.htm --> ftp.xs4all.nl /home/.2/z/zanstra/WWW/logs jsLog.htm
2005.10.15 14:24 A D:\wwwroot\xs4all\logs\jsLog.xml --> ftp.xs4all.nl /home/.2/z/zanstra/WWW/logs jsLog.xml
2005.10.15 14:24 A D:\wwwroot\xs4all\logs\jsmLib.htm --> ftp.xs4all.nl /home/.2/z/zanstra/WWW/logs jsmLib.htm
2005.10.15 14:24 A D:\wwwroot\xs4all\logs\jsmLib.js --> ftp.xs4all.nl /home/.2/z/zanstra/WWW/logs jsmLib.js
2005.10.15 14:24 A D:\wwwroot\xs4all\logs\latest.js --> ftp.xs4all.nl /home/.2/z/zanstra/WWW/logs latest.js
2005.10.15 14:24 A D:\wwwroot\xs4all\logs\WS_FTP.LOG --> ftp.xs4all.nl /home/.2/z/zanstra/WWW/logs WS_FTP.LOG
2005.10.22 23:35 A D:\wwwroot\xs4all\logs\gen.bat --> ftp.xs4all.nl /home/.2/z/zanstra/WWW/logs gen.bat
2005.10.22 23:35 A D:\wwwroot\xs4all\logs\ideaLog.htm --> ftp.xs4all.nl /home/.2/z/zanstra/WWW/logs ideaLog.htm
2005.10.22 23:35 A D:\wwwroot\xs4all\logs\ideaLog.xml --> ftp.xs4all.nl /home/.2/z/zanstra/WWW/logs ideaLog.xml
2005.10.22 23:35 A D:\wwwroot\xs4all\logs\index.htm --> ftp.xs4all.nl /home/.2/z/zanstra/WWW/logs index.htm
2005.10.22 23:35 A D:\wwwroot\xs4all\logs\jsLog-2004.htm --> ftp.xs4all.nl /home/.2/z/zanstra/WWW/logs jsLog-2004.htm
2005.10.22 23:35 A D:\wwwroot\xs4all\logs\jsLog-2004.xml --> ftp.xs4all.nl /home/.2/z/zanstra/WWW/logs jsLog-2004.xml
2005.10.22 23:35 A D:\wwwroot\xs4all\logs\jsLog.htm --> ftp.xs4all.nl /home/.2/z/zanstra/WWW/logs jsLog.htm
2005.10.22 23:35 A D:\wwwroot\xs4all\logs\jsLog.xml --> ftp.xs4all.nl /home/.2/z/zanstra/WWW/logs jsLog.xml
2005.10.22 23:35 A D:\wwwroot\xs4all\logs\jsmLib.htm --> ftp.xs4all.nl /home/.2/z/zanstra/WWW/logs jsmLib.htm
2005.10.22 23:35 A D:\wwwroot\xs4all\logs\jsmLib.js --> ftp.xs4all.nl /home/.2/z/zanstra/WWW/logs jsmLib.js
2005.10.22 23:35 A D:\wwwroot\xs4all\logs\latest.js --> ftp.xs4all.nl /home/.2/z/zanstra/WWW/logs latest.js
2005.10.22 23:35 A D:\wwwroot\xs4all\logs\WS_FTP.LOG --> ftp.xs4all.nl /home/.2/z/zanstra/WWW/logs WS_FTP.LOG
2005.10.22 23:52 A D:\wwwroot\xs4all\logs\ideaLog.htm --> ftp.xs4all.nl /home/.2/z/zanstra/WWW/logs ideaLog.htm
2005.10.22 23:52 A D:\wwwroot\xs4all\logs\jsLog.htm --> ftp.xs4all.nl /home/.2/z/zanstra/WWW/logs jsLog.htm
2005.10.22 23:52 A D:\wwwroot\xs4all\logs\jsmLib.htm --> ftp.xs4all.nl /home/.2/z/zanstra/WWW/logs jsmLib.htm
2005.10.22 23:52 A D:\wwwroot\xs4all\logs\jsmLib.js --> ftp.xs4all.nl /home/.2/z/zanstra/WWW/logs jsmLib.js
2005.10.22 23:52 A D:\wwwroot\xs4all\logs\latest.js --> ftp.xs4all.nl /home/.2/z/zanstra/WWW/logs latest.js
2005.10.22 23:52 A D:\wwwroot\xs4all\logs\WS_FTP.LOG --> ftp.xs4all.nl /home/.2/z/zanstra/WWW/logs WS_FTP.LOG
2005.10.26 23:25 A D:\wwwroot\xs4all\logs\ideaLog.htm --> ftp.xs4all.nl /home/.2/z/zanstra/WWW/logs ideaLog.htm
2005.10.26 23:25 A D:\wwwroot\xs4all\logs\ideaLog.xml --> ftp.xs4all.nl /home/.2/z/zanstra/WWW/logs ideaLog.xml
2005.10.26 23:25 A D:\wwwroot\xs4all\logs\jsLog.htm --> ftp.xs4all.nl /home/.2/z/zanstra/WWW/logs jsLog.htm
2005.10.26 23:25 A D:\wwwroot\xs4all\logs\jsLog.xml --> ftp.xs4all.nl /home/.2/z/zanstra/WWW/logs jsLog.xml
2005.10.26 23:25 A D:\wwwroot\xs4all\logs\jsmLib.htm --> ftp.xs4all.nl /home/.2/z/zanstra/WWW/logs jsmLib.htm
2005.10.26 23:25 A D:\wwwroot\xs4all\logs\jsmLib.js --> ftp.xs4all.nl /home/.2/z/zanstra/WWW/logs jsmLib.js
2005.10.26 23:25 A D:\wwwroot\xs4all\logs\latest.js --> ftp.xs4all.nl /home/.2/z/zanstra/WWW/logs latest.js
2005.10.26 23:25 A D:\wwwroot\xs4all\logs\WS_FTP.LOG --> ftp.xs4all.nl /home/.2/z/zanstra/WWW/logs WS_FTP.LOG
2005.10.29 20:55 A D:\wwwroot\xs4all\logs\ideaLog.htm --> ftp.xs4all.nl /home/.2/z/zanstra/WWW/logs ideaLog.htm
2005.10.29 20:55 A D:\wwwroot\xs4all\logs\ideaLog.xml --> ftp.xs4all.nl /home/.2/z/zanstra/WWW/logs ideaLog.xml
2005.10.29 20:55 A D:\wwwroot\xs4all\logs\index.htm --> ftp.xs4all.nl /home/.2/z/zanstra/WWW/logs index.htm
2005.10.29 20:55 A D:\wwwroot\xs4all\logs\jsLog-2004.xml --> ftp.xs4all.nl /home/.2/z/zanstra/WWW/logs jsLog-2004.xml
2005.10.29 20:55 A D:\wwwroot\xs4all\logs\jsLog.htm --> ftp.xs4all.nl /home/.2/z/zanstra/WWW/logs jsLog.htm
2005.10.29 20:55 A D:\wwwroot\xs4all\logs\jsLog.xml --> ftp.xs4all.nl /home/.2/z/zanstra/WWW/logs jsLog.xml
2005.10.29 20:55 A D:\wwwroot\xs4all\logs\jsmLib.htm --> ftp.xs4all.nl /home/.2/z/zanstra/WWW/logs jsmLib.htm
2005.10.29 20:55 A D:\wwwroot\xs4all\logs\jsmLib.js --> ftp.xs4all.nl /home/.2/z/zanstra/WWW/logs jsmLib.js
2005.10.29 20:55 A D:\wwwroot\xs4all\logs\latest.js --> ftp.xs4all.nl /home/.2/z/zanstra/WWW/logs latest.js
2005.10.29 20:55 A D:\wwwroot\xs4all\logs\WS_FTP.LOG --> ftp.xs4all.nl /home/.2/z/zanstra/WWW/logs WS_FTP.LOG
2005.11.01 21:44 A D:\wwwroot\xs4all\logs\ideaLog.htm --> ftp.xs4all.nl /home/.2/z/zanstra/WWW/logs ideaLog.htm
2005.11.01 21:44 A D:\wwwroot\xs4all\logs\ideaLog.xml --> ftp.xs4all.nl /home/.2/z/zanstra/WWW/logs ideaLog.xml
2005.11.01 21:44 A D:\wwwroot\xs4all\logs\jsLog.htm --> ftp.xs4all.nl /home/.2/z/zanstra/WWW/logs jsLog.htm
2005.11.01 21:44 A D:\wwwroot\xs4all\logs\jsmLib.htm --> ftp.xs4all.nl /home/.2/z/zanstra/WWW/logs jsmLib.htm
2005.11.01 21:44 A D:\wwwroot\xs4all\logs\jsmLib.js --> ftp.xs4all.nl /home/.2/z/zanstra/WWW/logs jsmLib.js
2005.11.01 21:44 A D:\wwwroot\xs4all\logs\latest.js --> ftp.xs4all.nl /home/.2/z/zanstra/WWW/logs latest.js
2005.11.16 22:38 A D:\wwwroot\xs4all\logs\ideaLog.htm --> ftp.xs4all.nl /home/.2/z/zanstra/WWW/logs ideaLog.htm
2005.11.16 22:38 A D:\wwwroot\xs4all\logs\ideaLog.xml --> ftp.xs4all.nl /home/.2/z/zanstra/WWW/logs ideaLog.xml
2005.11.16 22:38 A D:\wwwroot\xs4all\logs\jsLog-2004.htm --> ftp.xs4all.nl /home/.2/z/zanstra/WWW/logs jsLog-2004.htm
2005.11.16 22:38 A D:\wwwroot\xs4all\logs\jsLog.htm --> ftp.xs4all.nl /home/.2/z/zanstra/WWW/logs jsLog.htm
2005.11.16 22:38 A D:\wwwroot\xs4all\logs\jsmLib.htm --> ftp.xs4all.nl /home/.2/z/zanstra/WWW/logs jsmLib.htm
2005.11.16 22:38 A D:\wwwroot\xs4all\logs\jsmLib.js --> ftp.xs4all.nl /home/.2/z/zanstra/WWW/logs jsmLib.js
2005.11.16 22:38 A D:\wwwroot\xs4all\logs\jsmLib.xml --> ftp.xs4all.nl /home/.2/z/zanstra/WWW/logs jsmLib.xml
2005.11.16 22:38 A D:\wwwroot\xs4all\logs\latest.js --> ftp.xs4all.nl /home/.2/z/zanstra/WWW/logs latest.js
2005.11.16 22:38 A D:\wwwroot\xs4all\logs\oneLiners.htm --> ftp.xs4all.nl /home/.2/z/zanstra/WWW/logs oneLiners.htm
2005.11.16 22:38 A D:\wwwroot\xs4all\logs\WS_FTP.LOG --> ftp.xs4all.nl /home/.2/z/zanstra/WWW/logs WS_FTP.LOG
2005.11.17 00:12 A D:\wwwroot\xs4all\logs\ideaLog.htm --> ftp.xs4all.nl /home/.2/z/zanstra/WWW/logs ideaLog.htm
2005.11.17 00:12 A D:\wwwroot\xs4all\logs\jsLog.htm --> ftp.xs4all.nl /home/.2/z/zanstra/WWW/logs jsLog.htm
2005.11.17 00:12 A D:\wwwroot\xs4all\logs\jsLog.xml --> ftp.xs4all.nl /home/.2/z/zanstra/WWW/logs jsLog.xml
2005.11.17 00:12 A D:\wwwroot\xs4all\logs\jsmLib.htm --> ftp.xs4all.nl /home/.2/z/zanstra/WWW/logs jsmLib.htm
2005.11.17 00:12 A D:\wwwroot\xs4all\logs\jsmLib.js --> ftp.xs4all.nl /home/.2/z/zanstra/WWW/logs jsmLib.js
2005.11.17 00:12 A D:\wwwroot\xs4all\logs\latest.js --> ftp.xs4all.nl /home/.2/z/zanstra/WWW/logs latest.js
2005.11.17 00:12 A D:\wwwroot\xs4all\logs\WS_FTP.LOG --> ftp.xs4all.nl /home/.2/z/zanstra/WWW/logs WS_FTP.LOG
2005.11.20 22:29 A D:\wwwroot\xs4all\logs\ideaLog.htm --> ftp.xs4all.nl /home/.2/z/zanstra/WWW/logs ideaLog.htm
2005.11.20 22:29 A D:\wwwroot\xs4all\logs\ideaLog.xml --> ftp.xs4all.nl /home/.2/z/zanstra/WWW/logs ideaLog.xml
2005.11.20 22:29 A D:\wwwroot\xs4all\logs\jsLog.htm --> ftp.xs4all.nl /home/.2/z/zanstra/WWW/logs jsLog.htm
2005.11.20 22:29 A D:\wwwroot\xs4all\logs\jsmLib.htm --> ftp.xs4all.nl /home/.2/z/zanstra/WWW/logs jsmLib.htm
2005.11.20 22:29 A D:\wwwroot\xs4all\logs\jsmLib.js --> ftp.xs4all.nl /home/.2/z/zanstra/WWW/logs jsmLib.js
2005.11.20 22:29 A D:\wwwroot\xs4all\logs\latest.js --> ftp.xs4all.nl /home/.2/z/zanstra/WWW/logs latest.js
